==================================================
CTM V44 daily 5:00 PM run started at Fri 26/06/2026 12:54:01.46
==================================================
[FETCH] Running company file:
C:\Users\Leo.Li\Documents\GitHub\warranty\fetch_all_tickets_fast_with_firebase_MANDT800_REJECTION_FILTER.py
2026-06-26 12:54:07,694 - INFO - Script version: MANDT800_FULLJOIN_REJECTION_FILTER
2026-06-26 12:54:07,694 - INFO - SAP HANA rule: MANDT=800 full join + exclude VBAP.ABGRU rejected items from Sales Order Details
2026-06-26 12:54:07,694 - INFO - Step 1/9: Fetching latest C4C snapshot ...
2026-06-26 12:54:07,696 - INFO - ===== START ROLE 1001 =====
2026-06-26 12:54:07,697 - INFO - ===== START ROLE 40 =====
2026-06-26 12:54:07,698 - INFO - ===== START ROLE 43 =====
2026-06-26 12:54:32,675 - INFO - [FETCH] role=43 page=1 skip=0 rows=1000
2026-06-26 12:54:35,988 - INFO - [FETCH] role=40 page=1 skip=0 rows=1000
2026-06-26 12:54:37,740 - INFO - [FETCH] role=1001 page=1 skip=0 rows=1000
2026-06-26 12:54:58,810 - INFO - [FETCH] role=43 page~=2 skip=3000 rows=1000
2026-06-26 12:54:59,171 - INFO - [FETCH] role=43 page~=3 skip=10000 rows=1000
2026-06-26 12:54:59,282 - INFO - [FETCH] role=43 page~=4 skip=9000 rows=1000
2026-06-26 12:54:59,461 - INFO - [FETCH] role=43 page~=5 skip=2000 rows=1000
2026-06-26 12:54:59,484 - INFO - [FETCH] role=43 page~=6 skip=8000 rows=1000
2026-06-26 12:54:59,735 - INFO - [FETCH] role=43 page~=7 skip=6000 rows=1000
2026-06-26 12:54:59,813 - INFO - [FETCH] role=43 page~=8 skip=1000 rows=1000
2026-06-26 12:54:59,898 - INFO - [FETCH] role=43 page~=9 skip=4000 rows=1000
2026-06-26 12:55:00,017 - INFO - [FETCH] role=43 page~=10 skip=5000 rows=1000
2026-06-26 12:55:00,330 - INFO - [FETCH] role=43 page~=11 skip=12000 rows=1000
2026-06-26 12:55:00,338 - INFO - [FETCH] role=43 page~=12 skip=7000 rows=1000
2026-06-26 12:55:00,470 - INFO - [FETCH] role=43 page~=13 skip=11000 rows=1000
2026-06-26 12:55:05,729 - INFO - [FETCH] role=40 page~=2 skip=3000 rows=1000
2026-06-26 12:55:05,891 - INFO - [FETCH] role=40 page~=3 skip=1000 rows=1000
2026-06-26 12:55:06,039 - INFO - [FETCH] role=40 page~=4 skip=9000 rows=1000
2026-06-26 12:55:06,238 - INFO - [FETCH] role=40 page~=5 skip=5000 rows=1000
2026-06-26 12:55:06,335 - INFO - [FETCH] role=40 page~=6 skip=2000 rows=1000
2026-06-26 12:55:06,608 - INFO - [FETCH] role=40 page~=7 skip=8000 rows=1000
2026-06-26 12:55:06,664 - INFO - [FETCH] role=40 page~=8 skip=10000 rows=1000
2026-06-26 12:55:06,696 - INFO - [FETCH] role=40 page~=9 skip=4000 rows=1000
2026-06-26 12:55:06,705 - INFO - [FETCH] role=40 page~=10 skip=11000 rows=1000
2026-06-26 12:55:07,159 - INFO - [FETCH] role=40 page~=11 skip=7000 rows=1000
2026-06-26 12:55:07,304 - INFO - [FETCH] role=40 page~=12 skip=12000 rows=1000
2026-06-26 12:55:07,446 - INFO - [FETCH] role=40 page~=13 skip=6000 rows=1000
2026-06-26 12:55:09,841 - INFO - [FETCH] role=1001 page~=2 skip=7000 rows=1000
2026-06-26 12:55:09,933 - INFO - [FETCH] role=1001 page~=3 skip=3000 rows=1000
2026-06-26 12:55:10,285 - INFO - [FETCH] role=1001 page~=4 skip=5000 rows=1000
2026-06-26 12:55:10,327 - INFO - [FETCH] role=1001 page~=5 skip=10000 rows=1000
2026-06-26 12:55:10,595 - INFO - [FETCH] role=1001 page~=6 skip=11000 rows=1000
2026-06-26 12:55:10,749 - INFO - [FETCH] role=1001 page~=7 skip=2000 rows=1000
2026-06-26 12:55:11,066 - INFO - [FETCH] role=1001 page~=8 skip=6000 rows=1000
2026-06-26 12:55:11,119 - INFO - [FETCH] role=1001 page~=9 skip=8000 rows=1000
2026-06-26 12:55:11,170 - INFO - [FETCH] role=1001 page~=10 skip=12000 rows=1000
2026-06-26 12:55:11,222 - INFO - [FETCH] role=1001 page~=11 skip=9000 rows=1000
2026-06-26 12:55:11,258 - INFO - [FETCH] role=1001 page~=12 skip=1000 rows=1000
2026-06-26 12:55:12,591 - INFO - [FETCH] role=1001 page~=13 skip=4000 rows=1000
2026-06-26 12:55:22,375 - INFO - [FETCH] role=43 page~=14 skip=14000 rows=1000
2026-06-26 12:55:23,442 - INFO - [FETCH] role=43 page~=15 skip=16000 rows=1000
2026-06-26 12:55:23,488 - INFO - [FETCH] role=43 page~=16 skip=21000 rows=1000
2026-06-26 12:55:23,527 - INFO - [FETCH] role=43 page~=17 skip=13000 rows=1000
2026-06-26 12:55:23,717 - INFO - [FETCH] role=43 page~=18 skip=23000 rows=1000
2026-06-26 12:55:23,849 - INFO - [FETCH] role=43 page~=19 skip=15000 rows=1000
2026-06-26 12:55:24,126 - INFO - [FETCH] role=43 page~=20 skip=19000 rows=1000
2026-06-26 12:55:24,356 - INFO - [FETCH] role=43 page~=21 skip=22000 rows=1000
2026-06-26 12:55:24,483 - INFO - [FETCH] role=43 page~=22 skip=20000 rows=1000
2026-06-26 12:55:24,524 - INFO - [FETCH] role=43 page~=23 skip=18000 rows=1000
2026-06-26 12:55:24,819 - INFO - [FETCH] role=43 page~=24 skip=17000 rows=1000
2026-06-26 12:55:25,775 - INFO - [FETCH] role=43 page~=25 skip=24000 rows=1000
2026-06-26 12:55:32,729 - INFO - [FETCH] role=40 page~=14 skip=18000 rows=1000
2026-06-26 12:55:32,987 - INFO - [FETCH] role=40 page~=15 skip=17000 rows=1000
2026-06-26 12:55:33,183 - INFO - [FETCH] role=40 page~=16 skip=14000 rows=1000
2026-06-26 12:55:33,387 - INFO - [FETCH] role=40 page~=17 skip=20000 rows=1000
2026-06-26 12:55:33,397 - INFO - [FETCH] role=40 page~=18 skip=15000 rows=1000
2026-06-26 12:55:33,673 - INFO - [FETCH] role=40 page~=19 skip=16000 rows=1000
2026-06-26 12:55:33,739 - INFO - [FETCH] role=40 page~=20 skip=13000 rows=1000
2026-06-26 12:55:34,311 - INFO - [FETCH] role=40 page~=21 skip=19000 rows=1000
2026-06-26 12:55:34,646 - INFO - [FETCH] role=40 page~=22 skip=21000 rows=1000
2026-06-26 12:55:34,655 - INFO - [FETCH] role=40 page~=23 skip=24000 rows=1000
2026-06-26 12:55:35,122 - INFO - [FETCH] role=40 page~=24 skip=22000 rows=1000
2026-06-26 12:55:35,158 - INFO - [FETCH] role=40 page~=25 skip=23000 rows=1000
2026-06-26 12:55:38,341 - INFO - [FETCH] role=1001 page~=14 skip=14000 rows=1000
2026-06-26 12:55:38,502 - INFO - [FETCH] role=1001 page~=15 skip=15000 rows=1000
2026-06-26 12:55:38,727 - INFO - [FETCH] role=1001 page~=16 skip=16000 rows=1000
2026-06-26 12:55:39,159 - INFO - [FETCH] role=1001 page~=17 skip=13000 rows=1000
2026-06-26 12:55:39,685 - INFO - [FETCH] role=1001 page~=18 skip=19000 rows=1000
2026-06-26 12:55:39,895 - INFO - [FETCH] role=1001 page~=19 skip=23000 rows=1000
2026-06-26 12:55:40,333 - INFO - [FETCH] role=1001 page~=20 skip=20000 rows=1000
2026-06-26 12:55:40,350 - INFO - [FETCH] role=1001 page~=21 skip=21000 rows=1000
2026-06-26 12:55:41,035 - INFO - [FETCH] role=1001 page~=22 skip=18000 rows=1000
2026-06-26 12:55:41,082 - INFO - [FETCH] role=1001 page~=23 skip=17000 rows=1000
2026-06-26 12:55:41,680 - INFO - [FETCH] role=1001 page~=24 skip=22000 rows=1000
2026-06-26 12:55:42,386 - INFO - [FETCH] role=1001 page~=25 skip=24000 rows=1000
2026-06-26 12:55:42,724 - INFO - [FETCH] role=43 page~=26 skip=25000 rows=1
2026-06-26 12:55:57,297 - INFO - [FETCH] role=40 page~=26 skip=25000 rows=1000
2026-06-26 12:55:57,853 - INFO - [FETCH] role=40 page~=27 skip=27000 rows=1000
2026-06-26 12:55:57,942 - INFO - [FETCH] role=40 page~=28 skip=32000 rows=49
2026-06-26 12:55:58,139 - INFO - [FETCH] role=40 page~=29 skip=26000 rows=1000
2026-06-26 12:55:58,297 - INFO - [FETCH] role=40 page~=30 skip=30000 rows=1000
2026-06-26 12:55:58,469 - INFO - [FETCH] role=40 page~=31 skip=28000 rows=1000
2026-06-26 12:55:58,545 - INFO - [FETCH] role=40 page~=32 skip=31000 rows=1000
2026-06-26 12:55:59,134 - INFO - [FETCH] role=40 page~=33 skip=29000 rows=1000
2026-06-26 12:56:03,999 - INFO - [FETCH] role=43 tail_probe=1 skip=26000 rows=0
2026-06-26 12:56:03,999 - INFO - ===== END ROLE 43 rows=25001 elapsed=116.3s =====
2026-06-26 12:56:04,578 - INFO - [ROLE MERGED] role=43 rows=25001 total_rows=25001 unique_tickets=25000
2026-06-26 12:56:05,877 - INFO - [FETCH] role=1001 page~=26 skip=31000 rows=232
2026-06-26 12:56:06,346 - INFO - [FETCH] role=1001 page~=27 skip=27000 rows=1000
2026-06-26 12:56:06,424 - INFO - [FETCH] role=1001 page~=28 skip=25000 rows=1000
2026-06-26 12:56:06,442 - INFO - [FETCH] role=1001 page~=29 skip=26000 rows=1000
2026-06-26 12:56:06,961 - INFO - [FETCH] role=1001 page~=30 skip=28000 rows=1000
2026-06-26 12:56:07,175 - INFO - [FETCH] role=1001 page~=31 skip=30000 rows=1000
2026-06-26 12:56:07,611 - INFO - [FETCH] role=1001 page~=32 skip=29000 rows=1000
2026-06-26 12:56:23,437 - INFO - [FETCH] role=40 tail_probe=1 skip=33000 rows=0
2026-06-26 12:56:23,437 - INFO - ===== END ROLE 40 rows=32049 elapsed=135.7s =====
2026-06-26 12:56:23,977 - INFO - [ROLE MERGED] role=40 rows=32049 total_rows=57050 unique_tickets=32049
2026-06-26 12:56:33,461 - INFO - [FETCH] role=1001 tail_probe=1 skip=32000 rows=0
2026-06-26 12:56:33,461 - INFO - ===== END ROLE 1001 rows=31232 elapsed=145.8s =====
2026-06-26 12:56:33,936 - INFO - [ROLE MERGED] role=1001 rows=31232 total_rows=88282 unique_tickets=32049
2026-06-26 12:56:34,015 - INFO - C4C total API rows processed: 88282
2026-06-26 12:56:34,016 - INFO - C4C total unique TicketIDs: 32049
2026-06-26 12:56:34,016 - INFO - Step 2/9: Initializing Firebase and loading previous sync snapshot ...
2026-06-26 12:56:36,156 - INFO - Previous synced TicketIDs in hash snapshot: 32027
2026-06-26 12:56:36,156 - INFO - Step 3/9: Detecting changed/deleted tickets ...
2026-06-26 12:56:37,713 - INFO - Changed tickets: 32049
2026-06-26 12:56:37,714 - INFO - Deleted tickets: 0
2026-06-26 12:56:37,714 - INFO - Step 3A/9: Uploading changed C4C core ticket fields to Firebase ...
2026-06-26 12:56:47,878 - INFO - [FB CORE TICKET UPLOAD] batch=1 paths=8000 bytes~=428459
2026-06-26 12:56:48,452 - INFO - [FB CORE TICKET UPLOAD] batch=1 done
2026-06-26 12:56:54,928 - INFO - [FB CORE TICKET UPLOAD] batch=2 paths=8000 bytes~=439679
2026-06-26 12:56:55,445 - INFO - [FB CORE TICKET UPLOAD] batch=2 done
2026-06-26 12:57:02,177 - INFO - [FB CORE TICKET UPLOAD] batch=3 paths=8000 bytes~=441571
2026-06-26 12:57:02,615 - INFO - [FB CORE TICKET UPLOAD] batch=3 done
2026-06-26 12:57:10,154 - INFO - [FB CORE TICKET UPLOAD] batch=4 paths=8000 bytes~=438185
2026-06-26 12:57:10,562 - INFO - [FB CORE TICKET UPLOAD] batch=4 done
2026-06-26 12:57:19,451 - INFO - [FB CORE TICKET UPLOAD] batch=5 paths=8000 bytes~=438084
2026-06-26 12:57:19,824 - INFO - [FB CORE TICKET UPLOAD] batch=5 done
2026-06-26 12:57:26,746 - INFO - [FB CORE TICKET UPLOAD] batch=6 paths=8000 bytes~=440207
2026-06-26 12:57:27,140 - INFO - [FB CORE TICKET UPLOAD] batch=6 done
2026-06-26 12:57:35,569 - INFO - [FB CORE TICKET UPLOAD] batch=7 paths=8000 bytes~=440549
2026-06-26 12:57:35,958 - INFO - [FB CORE TICKET UPLOAD] batch=7 done
2026-06-26 12:57:43,159 - INFO - [FB CORE TICKET UPLOAD] batch=8 paths=8000 bytes~=428922
2026-06-26 12:57:43,505 - INFO - [FB CORE TICKET UPLOAD] batch=8 done
2026-06-26 12:57:53,436 - INFO - [FB CORE TICKET UPLOAD] batch=9 paths=8000 bytes~=419045
2026-06-26 12:57:53,805 - INFO - [FB CORE TICKET UPLOAD] batch=9 done
2026-06-26 12:58:01,841 - INFO - [FB CORE TICKET UPLOAD] batch=10 paths=8000 bytes~=424062
2026-06-26 12:58:02,219 - INFO - [FB CORE TICKET UPLOAD] batch=10 done
2026-06-26 12:58:10,356 - INFO - [FB CORE TICKET UPLOAD] batch=11 paths=8000 bytes~=422216
2026-06-26 12:58:10,725 - INFO - [FB CORE TICKET UPLOAD] batch=11 done
2026-06-26 12:58:19,158 - INFO - [FB CORE TICKET UPLOAD] batch=12 paths=8000 bytes~=419908
2026-06-26 12:58:19,521 - INFO - [FB CORE TICKET UPLOAD] batch=12 done
2026-06-26 12:58:28,503 - INFO - [FB CORE TICKET UPLOAD] batch=13 paths=8000 bytes~=435118
2026-06-26 12:58:28,871 - INFO - [FB CORE TICKET UPLOAD] batch=13 done
2026-06-26 12:58:38,278 - INFO - [FB CORE TICKET UPLOAD] batch=14 paths=8000 bytes~=434992
2026-06-26 12:58:38,620 - INFO - [FB CORE TICKET UPLOAD] batch=14 done
2026-06-26 12:58:47,269 - INFO - [FB CORE TICKET UPLOAD] batch=15 paths=8000 bytes~=434631
2026-06-26 12:58:47,563 - INFO - [FB CORE TICKET UPLOAD] batch=15 done
2026-06-26 12:58:56,327 - INFO - [FB CORE TICKET UPLOAD] batch=16 paths=8000 bytes~=433305
2026-06-26 12:58:56,665 - INFO - [FB CORE TICKET UPLOAD] batch=16 done
2026-06-26 12:59:05,787 - INFO - [FB CORE TICKET UPLOAD] batch=17 paths=8000 bytes~=435896
2026-06-26 12:59:06,129 - INFO - [FB CORE TICKET UPLOAD] batch=17 done
2026-06-26 12:59:15,210 - INFO - [FB CORE TICKET UPLOAD] batch=18 paths=8000 bytes~=420702
2026-06-26 12:59:15,559 - INFO - [FB CORE TICKET UPLOAD] batch=18 done
2026-06-26 12:59:24,222 - INFO - [FB CORE TICKET UPLOAD] batch=19 paths=8000 bytes~=430829
2026-06-26 12:59:24,539 - INFO - [FB CORE TICKET UPLOAD] batch=19 done
2026-06-26 12:59:33,421 - INFO - [FB CORE TICKET UPLOAD] batch=20 paths=8000 bytes~=431782
2026-06-26 12:59:33,747 - INFO - [FB CORE TICKET UPLOAD] batch=20 done
2026-06-26 12:59:42,154 - INFO - [FB CORE TICKET UPLOAD] batch=21 paths=8000 bytes~=429049
2026-06-26 12:59:42,505 - INFO - [FB CORE TICKET UPLOAD] batch=21 done
2026-06-26 12:59:50,909 - INFO - [FB CORE TICKET UPLOAD] batch=22 paths=8000 bytes~=436802
2026-06-26 12:59:51,206 - INFO - [FB CORE TICKET UPLOAD] batch=22 done
2026-06-26 12:59:59,218 - INFO - [FB CORE TICKET UPLOAD] batch=23 paths=8000 bytes~=436762
2026-06-26 12:59:59,547 - INFO - [FB CORE TICKET UPLOAD] batch=23 done
2026-06-26 13:00:07,096 - INFO - [FB CORE TICKET UPLOAD] batch=24 paths=8000 bytes~=437697
2026-06-26 13:00:07,416 - INFO - [FB CORE TICKET UPLOAD] batch=24 done
2026-06-26 13:00:14,220 - INFO - [FB CORE TICKET UPLOAD] batch=25 paths=8000 bytes~=436802
2026-06-26 13:00:14,552 - INFO - [FB CORE TICKET UPLOAD] batch=25 done
2026-06-26 13:00:21,264 - INFO - [FB CORE TICKET UPLOAD] batch=26 paths=8000 bytes~=436498
2026-06-26 13:00:21,601 - INFO - [FB CORE TICKET UPLOAD] batch=26 done
2026-06-26 13:00:28,093 - INFO - [FB CORE TICKET UPLOAD] batch=27 paths=8000 bytes~=425028
2026-06-26 13:00:28,411 - INFO - [FB CORE TICKET UPLOAD] batch=27 done
2026-06-26 13:00:35,329 - INFO - [FB CORE TICKET UPLOAD] batch=28 paths=8000 bytes~=431785
2026-06-26 13:00:35,653 - INFO - [FB CORE TICKET UPLOAD] batch=28 done
2026-06-26 13:00:43,263 - INFO - [FB CORE TICKET UPLOAD] batch=29 paths=8000 bytes~=433499
2026-06-26 13:00:43,592 - INFO - [FB CORE TICKET UPLOAD] batch=29 done
2026-06-26 13:00:50,405 - INFO - [FB CORE TICKET UPLOAD] batch=30 paths=8000 bytes~=432451
2026-06-26 13:00:50,706 - INFO - [FB CORE TICKET UPLOAD] batch=30 done
2026-06-26 13:00:57,781 - INFO - [FB CORE TICKET UPLOAD] batch=31 paths=8000 bytes~=430773
2026-06-26 13:00:58,107 - INFO - [FB CORE TICKET UPLOAD] batch=31 done
2026-06-26 13:01:09,454 - INFO - [FB CORE TICKET UPLOAD] batch=32 paths=8000 bytes~=429810
2026-06-26 13:01:09,769 - INFO - [FB CORE TICKET UPLOAD] batch=32 done
2026-06-26 13:01:20,026 - INFO - [FB CORE TICKET UPLOAD] batch=33 paths=8000 bytes~=417889
2026-06-26 13:01:20,349 - INFO - [FB CORE TICKET UPLOAD] batch=33 done
2026-06-26 13:01:28,988 - INFO - [FB CORE TICKET UPLOAD] batch=34 paths=8000 bytes~=432441
2026-06-26 13:01:29,312 - INFO - [FB CORE TICKET UPLOAD] batch=34 done
2026-06-26 13:01:39,948 - INFO - [FB CORE TICKET UPLOAD] batch=35 paths=8000 bytes~=436981
2026-06-26 13:01:40,260 - INFO - [FB CORE TICKET UPLOAD] batch=35 done
2026-06-26 13:01:52,238 - INFO - [FB CORE TICKET UPLOAD] batch=36 paths=8000 bytes~=429230
2026-06-26 13:01:52,581 - INFO - [FB CORE TICKET UPLOAD] batch=36 done
2026-06-26 13:02:02,805 - INFO - [FB CORE TICKET UPLOAD] batch=37 paths=8000 bytes~=434316
2026-06-26 13:02:03,127 - INFO - [FB CORE TICKET UPLOAD] batch=37 done
2026-06-26 13:02:13,592 - INFO - [FB CORE TICKET UPLOAD] batch=38 paths=8000 bytes~=433546
2026-06-26 13:02:13,901 - INFO - [FB CORE TICKET UPLOAD] batch=38 done
2026-06-26 13:02:22,530 - INFO - [FB CORE TICKET UPLOAD] batch=39 paths=8000 bytes~=428602
2026-06-26 13:02:22,846 - INFO - [FB CORE TICKET UPLOAD] batch=39 done
2026-06-26 13:02:31,247 - INFO - [FB CORE TICKET UPLOAD] batch=40 paths=8000 bytes~=419215
2026-06-26 13:02:31,575 - INFO - [FB CORE TICKET UPLOAD] batch=40 done
2026-06-26 13:02:39,922 - INFO - [FB CORE TICKET UPLOAD] batch=41 paths=8000 bytes~=420623
2026-06-26 13:02:40,228 - INFO - [FB CORE TICKET UPLOAD] batch=41 done
2026-06-26 13:02:47,848 - INFO - [FB CORE TICKET UPLOAD] batch=42 paths=8000 bytes~=422994
2026-06-26 13:02:48,196 - INFO - [FB CORE TICKET UPLOAD] batch=42 done
2026-06-26 13:02:55,333 - INFO - [FB CORE TICKET UPLOAD] batch=43 paths=8000 bytes~=427470
2026-06-26 13:02:55,676 - INFO - [FB CORE TICKET UPLOAD] batch=43 done
2026-06-26 13:03:05,802 - INFO - [FB CORE TICKET UPLOAD] batch=44 paths=8000 bytes~=424700
2026-06-26 13:03:07,215 - INFO - [FB CORE TICKET UPLOAD] batch=44 done
2026-06-26 13:03:14,873 - INFO - [FB CORE TICKET UPLOAD] batch=45 paths=8000 bytes~=431487
2026-06-26 13:03:15,194 - INFO - [FB CORE TICKET UPLOAD] batch=45 done
2026-06-26 13:03:22,844 - INFO - [FB CORE TICKET UPLOAD] batch=46 paths=8000 bytes~=430522
2026-06-26 13:03:23,189 - INFO - [FB CORE TICKET UPLOAD] batch=46 done
2026-06-26 13:03:31,843 - INFO - [FB CORE TICKET UPLOAD] batch=47 paths=8000 bytes~=432260
2026-06-26 13:03:32,169 - INFO - [FB CORE TICKET UPLOAD] batch=47 done
2026-06-26 13:03:41,403 - INFO - [FB CORE TICKET UPLOAD] batch=48 paths=8000 bytes~=442506
2026-06-26 13:03:41,713 - INFO - [FB CORE TICKET UPLOAD] batch=48 done
2026-06-26 13:03:51,952 - INFO - [FB CORE TICKET UPLOAD] batch=49 paths=8000 bytes~=439480
2026-06-26 13:03:52,268 - INFO - [FB CORE TICKET UPLOAD] batch=49 done
2026-06-26 13:04:01,612 - INFO - [FB CORE TICKET UPLOAD] batch=50 paths=8000 bytes~=441426
2026-06-26 13:04:01,929 - INFO - [FB CORE TICKET UPLOAD] batch=50 done
2026-06-26 13:04:10,727 - INFO - [FB CORE TICKET UPLOAD] batch=51 paths=8000 bytes~=432445
2026-06-26 13:04:11,023 - INFO - [FB CORE TICKET UPLOAD] batch=51 done
2026-06-26 13:04:22,040 - INFO - [FB CORE TICKET UPLOAD] batch=52 paths=8000 bytes~=413180
2026-06-26 13:04:22,342 - INFO - [FB CORE TICKET UPLOAD] batch=52 done
2026-06-26 13:04:32,963 - INFO - [FB CORE TICKET UPLOAD] batch=53 paths=8000 bytes~=418306
2026-06-26 13:04:33,256 - INFO - [FB CORE TICKET UPLOAD] batch=53 done
2026-06-26 13:04:41,349 - INFO - [FB CORE TICKET UPLOAD] batch=54 paths=8000 bytes~=415290
2026-06-26 13:04:41,641 - INFO - [FB CORE TICKET UPLOAD] batch=54 done
2026-06-26 13:04:51,156 - INFO - [FB CORE TICKET UPLOAD] batch=55 paths=8000 bytes~=422864
2026-06-26 13:04:51,459 - INFO - [FB CORE TICKET UPLOAD] batch=55 done
2026-06-26 13:05:01,304 - INFO - [FB CORE TICKET UPLOAD] batch=56 paths=8000 bytes~=425601
2026-06-26 13:05:01,609 - INFO - [FB CORE TICKET UPLOAD] batch=56 done
2026-06-26 13:05:09,652 - INFO - [FB CORE TICKET UPLOAD] batch=57 paths=8000 bytes~=418310
2026-06-26 13:05:09,945 - INFO - [FB CORE TICKET UPLOAD] batch=57 done
2026-06-26 13:05:21,437 - INFO - [FB CORE TICKET UPLOAD] batch=58 paths=8000 bytes~=423298
2026-06-26 13:05:21,721 - INFO - [FB CORE TICKET UPLOAD] batch=58 done
2026-06-26 13:05:31,747 - INFO - [FB CORE TICKET UPLOAD] batch=59 paths=8000 bytes~=413600
2026-06-26 13:05:32,055 - INFO - [FB CORE TICKET UPLOAD] batch=59 done
2026-06-26 13:05:40,075 - INFO - [FB CORE TICKET UPLOAD] batch=60 paths=8000 bytes~=420050
2026-06-26 13:05:40,377 - INFO - [FB CORE TICKET UPLOAD] batch=60 done
2026-06-26 13:05:50,452 - INFO - [FB CORE TICKET UPLOAD] batch=61 paths=8000 bytes~=433084
2026-06-26 13:05:50,764 - INFO - [FB CORE TICKET UPLOAD] batch=61 done
2026-06-26 13:05:58,541 - INFO - [FB CORE TICKET UPLOAD] batch=62 paths=8000 bytes~=427355
2026-06-26 13:05:58,842 - INFO - [FB CORE TICKET UPLOAD] batch=62 done
2026-06-26 13:06:06,205 - INFO - [FB CORE TICKET UPLOAD] batch=63 paths=8000 bytes~=431305
2026-06-26 13:06:06,521 - INFO - [FB CORE TICKET UPLOAD] batch=63 done
2026-06-26 13:06:14,551 - INFO - [FB CORE TICKET UPLOAD] batch=64 paths=8000 bytes~=431173
2026-06-26 13:06:14,859 - INFO - [FB CORE TICKET UPLOAD] batch=64 done
2026-06-26 13:06:23,258 - INFO - [FB CORE TICKET UPLOAD] batch=65 paths=8000 bytes~=432290
2026-06-26 13:06:23,556 - INFO - [FB CORE TICKET UPLOAD] batch=65 done
2026-06-26 13:06:30,955 - INFO - [FB CORE TICKET UPLOAD] batch=66 paths=8000 bytes~=432685
2026-06-26 13:06:31,260 - INFO - [FB CORE TICKET UPLOAD] batch=66 done
2026-06-26 13:06:39,256 - INFO - [FB CORE TICKET UPLOAD] batch=67 paths=8000 bytes~=432318
2026-06-26 13:06:39,585 - INFO - [FB CORE TICKET UPLOAD] batch=67 done
2026-06-26 13:06:47,595 - INFO - [FB CORE TICKET UPLOAD] batch=68 paths=8000 bytes~=431559
2026-06-26 13:06:47,909 - INFO - [FB CORE TICKET UPLOAD] batch=68 done
2026-06-26 13:06:56,730 - INFO - [FB CORE TICKET UPLOAD] batch=69 paths=8000 bytes~=441095
2026-06-26 13:06:57,030 - INFO - [FB CORE TICKET UPLOAD] batch=69 done
2026-06-26 13:07:05,284 - INFO - [FB CORE TICKET UPLOAD] batch=70 paths=8000 bytes~=437302
2026-06-26 13:07:05,591 - INFO - [FB CORE TICKET UPLOAD] batch=70 done
2026-06-26 13:07:14,994 - INFO - [FB CORE TICKET UPLOAD] batch=71 paths=8000 bytes~=441689
2026-06-26 13:07:15,295 - INFO - [FB CORE TICKET UPLOAD] batch=71 done
2026-06-26 13:07:23,679 - INFO - [FB CORE TICKET UPLOAD] batch=72 paths=8000 bytes~=439977
2026-06-26 13:07:23,978 - INFO - [FB CORE TICKET UPLOAD] batch=72 done
2026-06-26 13:07:32,914 - INFO - [FB CORE TICKET UPLOAD] batch=73 paths=8000 bytes~=441253
2026-06-26 13:07:33,224 - INFO - [FB CORE TICKET UPLOAD] batch=73 done
2026-06-26 13:07:42,345 - INFO - [FB CORE TICKET UPLOAD] batch=74 paths=8000 bytes~=440519
2026-06-26 13:07:42,654 - INFO - [FB CORE TICKET UPLOAD] batch=74 done
2026-06-26 13:07:51,920 - INFO - [FB CORE TICKET UPLOAD] batch=75 paths=8000 bytes~=439763
2026-06-26 13:07:52,227 - INFO - [FB CORE TICKET UPLOAD] batch=75 done
2026-06-26 13:08:01,360 - INFO - [FB CORE TICKET UPLOAD] batch=76 paths=8000 bytes~=436295
2026-06-26 13:08:01,684 - INFO - [FB CORE TICKET UPLOAD] batch=76 done
2026-06-26 13:08:10,831 - INFO - [FB CORE TICKET UPLOAD] batch=77 paths=8000 bytes~=433430
2026-06-26 13:08:11,148 - INFO - [FB CORE TICKET UPLOAD] batch=77 done
2026-06-26 13:08:23,233 - INFO - [FB CORE TICKET UPLOAD] batch=78 paths=8000 bytes~=431665
2026-06-26 13:08:23,548 - INFO - [FB CORE TICKET UPLOAD] batch=78 done
2026-06-26 13:08:32,602 - INFO - [FB CORE TICKET UPLOAD] batch=79 paths=8000 bytes~=431546
2026-06-26 13:08:32,898 - INFO - [FB CORE TICKET UPLOAD] batch=79 done
2026-06-26 13:08:41,834 - INFO - [FB CORE TICKET UPLOAD] batch=80 paths=8000 bytes~=428346
2026-06-26 13:08:42,135 - INFO - [FB CORE TICKET UPLOAD] batch=80 done
2026-06-26 13:08:51,241 - INFO - [FB CORE TICKET UPLOAD] batch=81 paths=8000 bytes~=420121
2026-06-26 13:08:51,588 - INFO - [FB CORE TICKET UPLOAD] batch=81 done
2026-06-26 13:09:03,228 - INFO - [FB CORE TICKET UPLOAD] batch=82 paths=8000 bytes~=418256
2026-06-26 13:09:03,579 - INFO - [FB CORE TICKET UPLOAD] batch=82 done
2026-06-26 13:09:11,725 - INFO - [FB CORE TICKET UPLOAD] batch=83 paths=8000 bytes~=436286
2026-06-26 13:09:12,088 - INFO - [FB CORE TICKET UPLOAD] batch=83 done
2026-06-26 13:09:22,792 - INFO - [FB CORE TICKET UPLOAD] batch=84 paths=8000 bytes~=434855
2026-06-26 13:09:23,139 - INFO - [FB CORE TICKET UPLOAD] batch=84 done
2026-06-26 13:09:31,119 - INFO - [FB CORE TICKET UPLOAD] batch=85 paths=8000 bytes~=425054
2026-06-26 13:09:31,413 - INFO - [FB CORE TICKET UPLOAD] batch=85 done
2026-06-26 13:09:39,752 - INFO - [FB CORE TICKET UPLOAD] batch=86 paths=8000 bytes~=421613
2026-06-26 13:09:40,059 - INFO - [FB CORE TICKET UPLOAD] batch=86 done
2026-06-26 13:09:48,994 - INFO - [FB CORE TICKET UPLOAD] batch=87 paths=8000 bytes~=428159
2026-06-26 13:09:49,294 - INFO - [FB CORE TICKET UPLOAD] batch=87 done
2026-06-26 13:09:57,354 - INFO - [FB CORE TICKET UPLOAD] batch=88 paths=8000 bytes~=437568
2026-06-26 13:09:57,666 - INFO - [FB CORE TICKET UPLOAD] batch=88 done
2026-06-26 13:10:08,060 - INFO - [FB CORE TICKET UPLOAD] batch=89 paths=8000 bytes~=422974
2026-06-26 13:10:08,374 - INFO - [FB CORE TICKET UPLOAD] batch=89 done
2026-06-26 13:10:18,507 - INFO - [FB CORE TICKET UPLOAD] batch=90 paths=8000 bytes~=428427
2026-06-26 13:10:18,824 - INFO - [FB CORE TICKET UPLOAD] batch=90 done
2026-06-26 13:10:27,169 - INFO - [FB CORE TICKET UPLOAD] batch=91 paths=8000 bytes~=431801
2026-06-26 13:10:27,491 - INFO - [FB CORE TICKET UPLOAD] batch=91 done
2026-06-26 13:10:36,006 - INFO - [FB CORE TICKET UPLOAD] batch=92 paths=8000 bytes~=433489
2026-06-26 13:10:36,309 - INFO - [FB CORE TICKET UPLOAD] batch=92 done
2026-06-26 13:10:45,850 - INFO - [FB CORE TICKET UPLOAD] batch=93 paths=8000 bytes~=433512
2026-06-26 13:10:46,167 - INFO - [FB CORE TICKET UPLOAD] batch=93 done
2026-06-26 13:10:55,393 - INFO - [FB CORE TICKET UPLOAD] batch=94 paths=8000 bytes~=425718
2026-06-26 13:10:55,696 - INFO - [FB CORE TICKET UPLOAD] batch=94 done
2026-06-26 13:11:04,882 - INFO - [FB CORE TICKET UPLOAD] batch=95 paths=8000 bytes~=402584
2026-06-26 13:11:05,179 - INFO - [FB CORE TICKET UPLOAD] batch=95 done
2026-06-26 13:11:14,957 - INFO - [FB CORE TICKET UPLOAD] batch=96 paths=8000 bytes~=406514
2026-06-26 13:11:15,500 - INFO - [FB CORE TICKET UPLOAD] batch=96 done
2026-06-26 13:11:24,063 - INFO - [FB CORE TICKET UPLOAD] batch=97 paths=8000 bytes~=404787
2026-06-26 13:11:24,367 - INFO - [FB CORE TICKET UPLOAD] batch=97 done
2026-06-26 13:11:32,952 - INFO - [FB CORE TICKET UPLOAD] batch=98 paths=8000 bytes~=405666
2026-06-26 13:11:33,241 - INFO - [FB CORE TICKET UPLOAD] batch=98 done
2026-06-26 13:11:43,162 - INFO - [FB CORE TICKET UPLOAD] batch=99 paths=8000 bytes~=399844
2026-06-26 13:11:43,450 - INFO - [FB CORE TICKET UPLOAD] batch=99 done
2026-06-26 13:11:50,899 - INFO - [FB CORE TICKET UPLOAD] batch=100 paths=8000 bytes~=401403
2026-06-26 13:11:51,185 - INFO - [FB CORE TICKET UPLOAD] batch=100 done
2026-06-26 13:11:58,435 - INFO - [FB CORE TICKET UPLOAD] batch=101 paths=8000 bytes~=403666
2026-06-26 13:11:58,732 - INFO - [FB CORE TICKET UPLOAD] batch=101 done
2026-06-26 13:12:06,827 - INFO - [FB CORE TICKET UPLOAD] batch=102 paths=8000 bytes~=415701
2026-06-26 13:12:07,128 - INFO - [FB CORE TICKET UPLOAD] batch=102 done
2026-06-26 13:12:14,769 - INFO - [FB CORE TICKET UPLOAD] batch=103 paths=8000 bytes~=404197
2026-06-26 13:12:15,063 - INFO - [FB CORE TICKET UPLOAD] batch=103 done
2026-06-26 13:12:23,064 - INFO - [FB CORE TICKET UPLOAD] batch=104 paths=8000 bytes~=406041
2026-06-26 13:12:23,366 - INFO - [FB CORE TICKET UPLOAD] batch=104 done
2026-06-26 13:12:30,880 - INFO - [FB CORE TICKET UPLOAD] batch=105 paths=8000 bytes~=408417
2026-06-26 13:12:31,175 - INFO - [FB CORE TICKET UPLOAD] batch=105 done
2026-06-26 13:12:38,604 - INFO - [FB CORE TICKET UPLOAD] batch=106 paths=8000 bytes~=405399
2026-06-26 13:12:38,901 - INFO - [FB CORE TICKET UPLOAD] batch=106 done
2026-06-26 13:12:47,175 - INFO - [FB CORE TICKET UPLOAD] batch=107 paths=8000 bytes~=402638
2026-06-26 13:12:47,477 - INFO - [FB CORE TICKET UPLOAD] batch=107 done
2026-06-26 13:12:55,334 - INFO - [FB CORE TICKET UPLOAD] batch=108 paths=8000 bytes~=406260
2026-06-26 13:12:55,626 - INFO - [FB CORE TICKET UPLOAD] batch=108 done
2026-06-26 13:13:03,925 - INFO - [FB CORE TICKET UPLOAD] batch=109 paths=8000 bytes~=403438
2026-06-26 13:13:04,229 - INFO - [FB CORE TICKET UPLOAD] batch=109 done
2026-06-26 13:13:13,705 - INFO - [FB CORE TICKET UPLOAD] batch=110 paths=8000 bytes~=405735
2026-06-26 13:13:13,991 - INFO - [FB CORE TICKET UPLOAD] batch=110 done
2026-06-26 13:13:22,794 - INFO - [FB CORE TICKET UPLOAD] batch=111 paths=8000 bytes~=417893
2026-06-26 13:13:23,097 - INFO - [FB CORE TICKET UPLOAD] batch=111 done
2026-06-26 13:13:30,971 - INFO - [FB CORE TICKET UPLOAD] batch=112 paths=8000 bytes~=407276
2026-06-26 13:13:31,263 - INFO - [FB CORE TICKET UPLOAD] batch=112 done
2026-06-26 13:13:41,216 - INFO - [FB CORE TICKET UPLOAD] batch=113 paths=8000 bytes~=407853
2026-06-26 13:13:41,517 - INFO - [FB CORE TICKET UPLOAD] batch=113 done
2026-06-26 13:13:52,160 - INFO - [FB CORE TICKET UPLOAD] batch=114 paths=8000 bytes~=421419
2026-06-26 13:13:52,456 - INFO - [FB CORE TICKET UPLOAD] batch=114 done
2026-06-26 13:14:01,167 - INFO - [FB CORE TICKET UPLOAD] batch=115 paths=8000 bytes~=418867
2026-06-26 13:14:01,459 - INFO - [FB CORE TICKET UPLOAD] batch=115 done
2026-06-26 13:14:11,095 - INFO - [FB CORE TICKET UPLOAD] batch=116 paths=8000 bytes~=419599
2026-06-26 13:14:11,395 - INFO - [FB CORE TICKET UPLOAD] batch=116 done
2026-06-26 13:14:21,052 - INFO - [FB CORE TICKET UPLOAD] batch=117 paths=8000 bytes~=422781
2026-06-26 13:14:21,364 - INFO - [FB CORE TICKET UPLOAD] batch=117 done
2026-06-26 13:14:29,442 - INFO - [FB CORE TICKET UPLOAD] batch=118 paths=8000 bytes~=422111
2026-06-26 13:14:29,742 - INFO - [FB CORE TICKET UPLOAD] batch=118 done
2026-06-26 13:14:37,153 - INFO - [FB CORE TICKET UPLOAD] batch=119 paths=8000 bytes~=422807
2026-06-26 13:14:37,445 - INFO - [FB CORE TICKET UPLOAD] batch=119 done
2026-06-26 13:14:46,485 - INFO - [FB CORE TICKET UPLOAD] batch=120 paths=8000 bytes~=424387
2026-06-26 13:14:46,797 - INFO - [FB CORE TICKET UPLOAD] batch=120 done
2026-06-26 13:14:47,035 - INFO - [FB CORE TICKET UPLOAD] batch=121 paths=1470 bytes~=78113
2026-06-26 13:14:47,211 - INFO - [FB CORE TICKET UPLOAD] batch=121 done
2026-06-26 13:14:47,375 - INFO - Step 3B/9: Uploading C4C involved-party roles to Firebase, including role 40 Assign To ...
2026-06-26 13:15:42,081 - INFO - [FB C4C ROLES UPLOAD] batch=1 paths=8000 bytes~=1631933
2026-06-26 13:15:43,496 - INFO - [FB C4C ROLES UPLOAD] batch=1 done
2026-06-26 13:16:41,735 - INFO - [FB C4C ROLES UPLOAD] batch=2 paths=8000 bytes~=1628683
2026-06-26 13:16:42,384 - INFO - [FB C4C ROLES UPLOAD] batch=2 done
2026-06-26 13:17:47,941 - INFO - [FB C4C ROLES UPLOAD] batch=3 paths=8000 bytes~=1667553
2026-06-26 13:17:48,462 - INFO - [FB C4C ROLES UPLOAD] batch=3 done
2026-06-26 13:18:45,313 - INFO - [FB C4C ROLES UPLOAD] batch=4 paths=8000 bytes~=1656252
2026-06-26 13:18:45,814 - INFO - [FB C4C ROLES UPLOAD] batch=4 done
2026-06-26 13:19:42,346 - INFO - [FB C4C ROLES UPLOAD] batch=5 paths=8000 bytes~=1655908
2026-06-26 13:19:42,805 - INFO - [FB C4C ROLES UPLOAD] batch=5 done
2026-06-26 13:20:51,080 - INFO - [FB C4C ROLES UPLOAD] batch=6 paths=8000 bytes~=1671765
2026-06-26 13:20:51,583 - INFO - [FB C4C ROLES UPLOAD] batch=6 done
2026-06-26 13:21:52,830 - INFO - [FB C4C ROLES UPLOAD] batch=7 paths=8000 bytes~=1657472
2026-06-26 13:21:53,271 - INFO - [FB C4C ROLES UPLOAD] batch=7 done
2026-06-26 13:22:57,223 - INFO - [FB C4C ROLES UPLOAD] batch=8 paths=8000 bytes~=1655968
2026-06-26 13:22:57,675 - INFO - [FB C4C ROLES UPLOAD] batch=8 done
2026-06-26 13:24:06,239 - INFO - [FB C4C ROLES UPLOAD] batch=9 paths=8000 bytes~=1648030
2026-06-26 13:24:06,730 - INFO - [FB C4C ROLES UPLOAD] batch=9 done
2026-06-26 13:25:03,880 - INFO - [FB C4C ROLES UPLOAD] batch=10 paths=8000 bytes~=1625276
2026-06-26 13:25:04,446 - INFO - [FB C4C ROLES UPLOAD] batch=10 done
2026-06-26 13:26:03,138 - INFO - [FB C4C ROLES UPLOAD] batch=11 paths=8000 bytes~=1603057
2026-06-26 13:26:03,711 - INFO - [FB C4C ROLES UPLOAD] batch=11 done
2026-06-26 13:26:03,767 - INFO - [FB C4C ROLES UPLOAD] batch=12 paths=280 bytes~=56628
2026-06-26 13:26:03,936 - INFO - [FB C4C ROLES UPLOAD] batch=12 done
2026-06-26 13:26:04,077 - INFO - Step 4/9: Uploading critical-removed metrics ...
2026-06-26 13:26:06,567 - INFO - Step 5/9: Extracting ERPFreeOrder from ALL current tickets for SAP HANA refresh ...
2026-06-26 13:26:07,338 - INFO - Changed tickets without ERPFreeOrder. Clearing old SO fields: 16729
2026-06-26 13:26:16,401 - INFO - [FB CLEAR NO ERPFreeOrder] batch=1 paths=8000 bytes~=399727
2026-06-26 13:26:16,862 - INFO - [FB CLEAR NO ERPFreeOrder] batch=1 done
2026-06-26 13:26:27,302 - INFO - [FB CLEAR NO ERPFreeOrder] batch=2 paths=8000 bytes~=399651
2026-06-26 13:26:27,640 - INFO - [FB CLEAR NO ERPFreeOrder] batch=2 done
2026-06-26 13:26:37,232 - INFO - [FB CLEAR NO ERPFreeOrder] batch=3 paths=8000 bytes~=399444
2026-06-26 13:26:37,574 - INFO - [FB CLEAR NO ERPFreeOrder] batch=3 done
2026-06-26 13:26:47,415 - INFO - [FB CLEAR NO ERPFreeOrder] batch=4 paths=8000 bytes~=399601
2026-06-26 13:26:47,761 - INFO - [FB CLEAR NO ERPFreeOrder] batch=4 done
2026-06-26 13:26:57,336 - INFO - [FB CLEAR NO ERPFreeOrder] batch=5 paths=8000 bytes~=399471
2026-06-26 13:26:57,682 - INFO - [FB CLEAR NO ERPFreeOrder] batch=5 done
2026-06-26 13:27:05,934 - INFO - [FB CLEAR NO ERPFreeOrder] batch=6 paths=8000 bytes~=399504
2026-06-26 13:27:06,273 - INFO - [FB CLEAR NO ERPFreeOrder] batch=6 done
2026-06-26 13:27:15,382 - INFO - [FB CLEAR NO ERPFreeOrder] batch=7 paths=8000 bytes~=399703
2026-06-26 13:27:15,782 - INFO - [FB CLEAR NO ERPFreeOrder] batch=7 done
2026-06-26 13:27:22,914 - INFO - [FB CLEAR NO ERPFreeOrder] batch=8 paths=8000 bytes~=399399
2026-06-26 13:27:23,309 - INFO - [FB CLEAR NO ERPFreeOrder] batch=8 done
2026-06-26 13:27:30,421 - INFO - [FB CLEAR NO ERPFreeOrder] batch=9 paths=8000 bytes~=398982
2026-06-26 13:27:30,807 - INFO - [FB CLEAR NO ERPFreeOrder] batch=9 done
2026-06-26 13:27:38,018 - INFO - [FB CLEAR NO ERPFreeOrder] batch=10 paths=8000 bytes~=396533
2026-06-26 13:27:38,448 - INFO - [FB CLEAR NO ERPFreeOrder] batch=10 done
2026-06-26 13:27:46,250 - INFO - [FB CLEAR NO ERPFreeOrder] batch=11 paths=8000 bytes~=392131
2026-06-26 13:27:46,649 - INFO - [FB CLEAR NO ERPFreeOrder] batch=11 done
2026-06-26 13:27:54,555 - INFO - [FB CLEAR NO ERPFreeOrder] batch=12 paths=8000 bytes~=391846
2026-06-26 13:27:54,966 - INFO - [FB CLEAR NO ERPFreeOrder] batch=12 done
2026-06-26 13:27:57,579 - INFO - [FB CLEAR NO ERPFreeOrder] batch=13 paths=4374 bytes~=214101
2026-06-26 13:27:57,866 - INFO - [FB CLEAR NO ERPFreeOrder] batch=13 done
2026-06-26 13:27:57,866 - INFO - Current tickets with ERPFreeOrder for HANA refresh: 15320
2026-06-26 13:27:57,866 - INFO - Step 6/9: Connecting SAP HANA and fetching SO/item data for changed tickets only ...
2026-06-26 13:28:01,097 - INFO - Total input lookup rows: 23165
2026-06-26 13:28:01,097 - INFO - Total SQL batches: 78
2026-06-26 13:28:01,097 - INFO - Running batch 1/78 with 300 lookup rows...
C:\Users\Leo.Li\Documents\GitHub\warranty\fetch_all_tickets_fast_with_firebase_MANDT800_REJECTION_FILTER.py:720: UserWarning: pandas only supports SQLAlchemy connectable (engine/connection) or database string URI or sqlite3 DBAPI2 connection. Other DBAPI2 objects are not tested. Please consider using SQLAlchemy.
  part = pd.read_sql(sql, conn)
2026-06-26 13:28:02,757 - INFO - Batch 1 returned 304 rows
2026-06-26 13:28:02,757 - INFO - Running batch 2/78 with 300 lookup rows...
2026-06-26 13:28:04,354 - INFO - Batch 2 returned 429 rows
2026-06-26 13:28:04,354 - INFO - Running batch 3/78 with 300 lookup rows...
2026-06-26 13:28:05,831 - INFO - Batch 3 returned 442 rows
2026-06-26 13:28:05,831 - INFO - Running batch 4/78 with 300 lookup rows...
2026-06-26 13:28:07,285 - INFO - Batch 4 returned 460 rows
2026-06-26 13:28:07,285 - INFO - Running batch 5/78 with 300 lookup rows...
2026-06-26 13:28:08,744 - INFO - Batch 5 returned 582 rows
2026-06-26 13:28:08,744 - INFO - Running batch 6/78 with 300 lookup rows...
2026-06-26 13:28:10,321 - INFO - Batch 6 returned 759 rows
2026-06-26 13:28:10,321 - INFO - Running batch 7/78 with 300 lookup rows...
2026-06-26 13:28:11,754 - INFO - Batch 7 returned 403 rows
2026-06-26 13:28:11,755 - INFO - Running batch 8/78 with 300 lookup rows...
2026-06-26 13:28:13,152 - INFO - Batch 8 returned 358 rows
2026-06-26 13:28:13,152 - INFO - Running batch 9/78 with 300 lookup rows...
2026-06-26 13:28:14,544 - INFO - Batch 9 returned 290 rows
2026-06-26 13:28:14,544 - INFO - Running batch 10/78 with 300 lookup rows...
2026-06-26 13:28:15,912 - INFO - Batch 10 returned 282 rows
2026-06-26 13:28:15,912 - INFO - Running batch 11/78 with 300 lookup rows...
2026-06-26 13:28:17,311 - INFO - Batch 11 returned 349 rows
2026-06-26 13:28:17,312 - INFO - Running batch 12/78 with 300 lookup rows...
2026-06-26 13:28:18,853 - INFO - Batch 12 returned 331 rows
2026-06-26 13:28:18,854 - INFO - Running batch 13/78 with 300 lookup rows...
2026-06-26 13:28:20,385 - INFO - Batch 13 returned 370 rows
2026-06-26 13:28:20,386 - INFO - Running batch 14/78 with 300 lookup rows...
2026-06-26 13:28:21,844 - INFO - Batch 14 returned 308 rows
2026-06-26 13:28:21,844 - INFO - Running batch 15/78 with 300 lookup rows...
2026-06-26 13:28:23,269 - INFO - Batch 15 returned 319 rows
2026-06-26 13:28:23,269 - INFO - Running batch 16/78 with 300 lookup rows...
2026-06-26 13:28:24,795 - INFO - Batch 16 returned 478 rows
2026-06-26 13:28:24,795 - INFO - Running batch 17/78 with 300 lookup rows...
2026-06-26 13:28:26,358 - INFO - Batch 17 returned 673 rows
2026-06-26 13:28:26,359 - INFO - Running batch 18/78 with 300 lookup rows...
2026-06-26 13:28:27,919 - INFO - Batch 18 returned 690 rows
2026-06-26 13:28:27,919 - INFO - Running batch 19/78 with 300 lookup rows...
2026-06-26 13:28:29,491 - INFO - Batch 19 returned 735 rows
2026-06-26 13:28:29,491 - INFO - Running batch 20/78 with 300 lookup rows...
2026-06-26 13:28:30,962 - INFO - Batch 20 returned 377 rows
2026-06-26 13:28:30,962 - INFO - Running batch 21/78 with 300 lookup rows...
2026-06-26 13:28:32,386 - INFO - Batch 21 returned 293 rows
2026-06-26 13:28:32,386 - INFO - Running batch 22/78 with 300 lookup rows...
2026-06-26 13:28:33,850 - INFO - Batch 22 returned 358 rows
2026-06-26 13:28:33,850 - INFO - Running batch 23/78 with 300 lookup rows...
2026-06-26 13:28:35,257 - INFO - Batch 23 returned 362 rows
2026-06-26 13:28:35,257 - INFO - Running batch 24/78 with 300 lookup rows...
2026-06-26 13:28:36,733 - INFO - Batch 24 returned 638 rows
2026-06-26 13:28:36,733 - INFO - Running batch 25/78 with 300 lookup rows...
2026-06-26 13:28:38,175 - INFO - Batch 25 returned 577 rows
2026-06-26 13:28:38,175 - INFO - Running batch 26/78 with 300 lookup rows...
2026-06-26 13:28:39,553 - INFO - Batch 26 returned 315 rows
2026-06-26 13:28:39,553 - INFO - Running batch 27/78 with 300 lookup rows...
2026-06-26 13:28:40,931 - INFO - Batch 27 returned 305 rows
2026-06-26 13:28:40,931 - INFO - Running batch 28/78 with 300 lookup rows...
2026-06-26 13:28:42,268 - INFO - Batch 28 returned 303 rows
2026-06-26 13:28:42,268 - INFO - Running batch 29/78 with 300 lookup rows...
2026-06-26 13:28:43,721 - INFO - Batch 29 returned 351 rows
2026-06-26 13:28:43,721 - INFO - Running batch 30/78 with 300 lookup rows...
2026-06-26 13:28:45,299 - INFO - Batch 30 returned 505 rows
2026-06-26 13:28:45,300 - INFO - Running batch 31/78 with 300 lookup rows...
2026-06-26 13:28:46,665 - INFO - Batch 31 returned 444 rows
2026-06-26 13:28:46,665 - INFO - Running batch 32/78 with 300 lookup rows...
2026-06-26 13:28:48,139 - INFO - Batch 32 returned 342 rows
2026-06-26 13:28:48,139 - INFO - Running batch 33/78 with 300 lookup rows...
2026-06-26 13:28:49,503 - INFO - Batch 33 returned 352 rows
2026-06-26 13:28:49,503 - INFO - Running batch 34/78 with 300 lookup rows...
2026-06-26 13:28:50,904 - INFO - Batch 34 returned 334 rows
2026-06-26 13:28:50,905 - INFO - Running batch 35/78 with 300 lookup rows...
2026-06-26 13:28:52,286 - INFO - Batch 35 returned 273 rows
2026-06-26 13:28:52,286 - INFO - Running batch 36/78 with 300 lookup rows...
2026-06-26 13:28:53,638 - INFO - Batch 36 returned 351 rows
2026-06-26 13:28:53,638 - INFO - Running batch 37/78 with 300 lookup rows...
2026-06-26 13:28:54,905 - INFO - Batch 37 returned 319 rows
2026-06-26 13:28:54,905 - INFO - Running batch 38/78 with 300 lookup rows...
2026-06-26 13:28:56,272 - INFO - Batch 38 returned 438 rows
2026-06-26 13:28:56,272 - INFO - Running batch 39/78 with 300 lookup rows...
2026-06-26 13:28:57,642 - INFO - Batch 39 returned 639 rows
2026-06-26 13:28:57,642 - INFO - Running batch 40/78 with 300 lookup rows...
2026-06-26 13:28:58,981 - INFO - Batch 40 returned 370 rows
2026-06-26 13:28:58,981 - INFO - Running batch 41/78 with 300 lookup rows...
2026-06-26 13:29:00,232 - INFO - Batch 41 returned 250 rows
2026-06-26 13:29:00,232 - INFO - Running batch 42/78 with 300 lookup rows...
2026-06-26 13:29:01,513 - INFO - Batch 42 returned 245 rows
2026-06-26 13:29:01,513 - INFO - Running batch 43/78 with 300 lookup rows...
2026-06-26 13:29:02,767 - INFO - Batch 43 returned 251 rows
2026-06-26 13:29:02,767 - INFO - Running batch 44/78 with 300 lookup rows...
2026-06-26 13:29:03,931 - INFO - Batch 44 returned 250 rows
2026-06-26 13:29:03,931 - INFO - Running batch 45/78 with 300 lookup rows...
2026-06-26 13:29:05,085 - INFO - Batch 45 returned 362 rows
2026-06-26 13:29:05,086 - INFO - Running batch 46/78 with 300 lookup rows...
2026-06-26 13:29:06,230 - INFO - Batch 46 returned 324 rows
2026-06-26 13:29:06,230 - INFO - Running batch 47/78 with 300 lookup rows...
2026-06-26 13:29:07,376 - INFO - Batch 47 returned 299 rows
2026-06-26 13:29:07,376 - INFO - Running batch 48/78 with 300 lookup rows...
2026-06-26 13:29:08,530 - INFO - Batch 48 returned 383 rows
2026-06-26 13:29:08,530 - INFO - Running batch 49/78 with 300 lookup rows...
2026-06-26 13:29:09,699 - INFO - Batch 49 returned 419 rows
2026-06-26 13:29:09,699 - INFO - Running batch 50/78 with 300 lookup rows...
2026-06-26 13:29:10,848 - INFO - Batch 50 returned 350 rows
2026-06-26 13:29:10,849 - INFO - Running batch 51/78 with 300 lookup rows...
2026-06-26 13:29:12,040 - INFO - Batch 51 returned 535 rows
2026-06-26 13:29:12,040 - INFO - Running batch 52/78 with 300 lookup rows...
2026-06-26 13:29:13,208 - INFO - Batch 52 returned 448 rows
2026-06-26 13:29:13,208 - INFO - Running batch 53/78 with 300 lookup rows...
2026-06-26 13:29:14,392 - INFO - Batch 53 returned 499 rows
2026-06-26 13:29:14,393 - INFO - Running batch 54/78 with 300 lookup rows...
2026-06-26 13:29:15,628 - INFO - Batch 54 returned 612 rows
2026-06-26 13:29:15,628 - INFO - Running batch 55/78 with 300 lookup rows...
2026-06-26 13:29:16,852 - INFO - Batch 55 returned 682 rows
2026-06-26 13:29:16,852 - INFO - Running batch 56/78 with 300 lookup rows...
2026-06-26 13:29:18,129 - INFO - Batch 56 returned 714 rows
2026-06-26 13:29:18,129 - INFO - Running batch 57/78 with 300 lookup rows...
2026-06-26 13:29:19,446 - INFO - Batch 57 returned 476 rows
2026-06-26 13:29:19,446 - INFO - Running batch 58/78 with 300 lookup rows...
2026-06-26 13:29:20,762 - INFO - Batch 58 returned 487 rows
2026-06-26 13:29:20,762 - INFO - Running batch 59/78 with 300 lookup rows...
2026-06-26 13:29:22,085 - INFO - Batch 59 returned 534 rows
2026-06-26 13:29:22,085 - INFO - Running batch 60/78 with 300 lookup rows...
2026-06-26 13:29:23,400 - INFO - Batch 60 returned 427 rows
2026-06-26 13:29:23,400 - INFO - Running batch 61/78 with 300 lookup rows...
2026-06-26 13:29:24,766 - INFO - Batch 61 returned 763 rows
2026-06-26 13:29:24,766 - INFO - Running batch 62/78 with 300 lookup rows...
2026-06-26 13:29:26,209 - INFO - Batch 62 returned 785 rows
2026-06-26 13:29:26,210 - INFO - Running batch 63/78 with 300 lookup rows...
2026-06-26 13:29:27,712 - INFO - Batch 63 returned 718 rows
2026-06-26 13:29:27,713 - INFO - Running batch 64/78 with 300 lookup rows...
2026-06-26 13:29:29,156 - INFO - Batch 64 returned 480 rows
2026-06-26 13:29:29,156 - INFO - Running batch 65/78 with 300 lookup rows...
2026-06-26 13:29:30,519 - INFO - Batch 65 returned 293 rows
2026-06-26 13:29:30,519 - INFO - Running batch 66/78 with 300 lookup rows...
2026-06-26 13:29:31,961 - INFO - Batch 66 returned 430 rows
2026-06-26 13:29:31,961 - INFO - Running batch 67/78 with 300 lookup rows...
2026-06-26 13:29:33,430 - INFO - Batch 67 returned 516 rows
2026-06-26 13:29:33,430 - INFO - Running batch 68/78 with 300 lookup rows...
2026-06-26 13:29:34,840 - INFO - Batch 68 returned 351 rows
2026-06-26 13:29:34,840 - INFO - Running batch 69/78 with 300 lookup rows...
2026-06-26 13:29:36,242 - INFO - Batch 69 returned 377 rows
2026-06-26 13:29:36,242 - INFO - Running batch 70/78 with 300 lookup rows...
2026-06-26 13:29:37,681 - INFO - Batch 70 returned 358 rows
2026-06-26 13:29:37,681 - INFO - Running batch 71/78 with 300 lookup rows...
2026-06-26 13:29:39,139 - INFO - Batch 71 returned 474 rows
2026-06-26 13:29:39,139 - INFO - Running batch 72/78 with 300 lookup rows...
2026-06-26 13:29:40,579 - INFO - Batch 72 returned 360 rows
2026-06-26 13:29:40,579 - INFO - Running batch 73/78 with 300 lookup rows...
2026-06-26 13:29:42,025 - INFO - Batch 73 returned 331 rows
2026-06-26 13:29:42,025 - INFO - Running batch 74/78 with 300 lookup rows...
2026-06-26 13:29:43,451 - INFO - Batch 74 returned 332 rows
2026-06-26 13:29:43,451 - INFO - Running batch 75/78 with 300 lookup rows...
2026-06-26 13:29:44,932 - INFO - Batch 75 returned 528 rows
2026-06-26 13:29:44,932 - INFO - Running batch 76/78 with 300 lookup rows...
2026-06-26 13:29:46,417 - INFO - Batch 76 returned 626 rows
2026-06-26 13:29:46,417 - INFO - Running batch 77/78 with 300 lookup rows...
2026-06-26 13:29:47,788 - INFO - Batch 77 returned 278 rows
2026-06-26 13:29:47,789 - INFO - Running batch 78/78 with 65 lookup rows...
2026-06-26 13:29:48,439 - INFO - Batch 78 returned 86 rows
2026-06-26 13:29:48,669 - INFO - Matched SO item rows for current ERPFreeOrder tickets: 33441
2026-06-26 13:29:48,670 - INFO - Step 7/9: Building final output for refreshed HANA tickets ...
2026-06-26 13:29:54,287 - INFO - SAP unmatched changed tickets. Clearing old SO fields: 269
2026-06-26 13:29:54,561 - INFO - [FB CLEAR UNMATCHED SO] batch=1 paths=1614 bytes~=79631
2026-06-26 13:29:55,206 - INFO - [FB CLEAR UNMATCHED SO] batch=1 done
2026-06-26 13:29:55,206 - INFO - Step 8/9: Uploading refreshed SO fields to Firebase ...
2026-06-26 13:31:32,044 - INFO - [FB SO UPLOAD] batch=1 paths=8000 bytes~=1057323
2026-06-26 13:31:33,332 - INFO - [FB SO UPLOAD] batch=1 done
2026-06-26 13:32:23,904 - INFO - [FB SO UPLOAD] batch=2 paths=8000 bytes~=1112891
2026-06-26 13:32:24,535 - INFO - [FB SO UPLOAD] batch=2 done
2026-06-26 13:33:13,839 - INFO - [FB SO UPLOAD] batch=3 paths=8000 bytes~=1203693
2026-06-26 13:33:14,432 - INFO - [FB SO UPLOAD] batch=3 done
2026-06-26 13:33:54,942 - INFO - [FB SO UPLOAD] batch=4 paths=8000 bytes~=1156416
2026-06-26 13:33:55,372 - INFO - [FB SO UPLOAD] batch=4 done
