==================================================
CTM V44 daily 12:00 run started at Thu 18/06/2026 12:00:01.23
==================================================
[FETCH] Running company file:
C:\Users\Leo.Li\Documents\GitHub\warranty\fetch_all_tickets_fast_with_firebase_MANDT800_REJECTION_FILTER.py
2026-06-18 12:00:04,123 - INFO - Script version: MANDT800_FULLJOIN_REJECTION_FILTER
2026-06-18 12:00:04,124 - INFO - SAP HANA rule: MANDT=800 full join + exclude VBAP.ABGRU rejected items from Sales Order Details
2026-06-18 12:00:04,124 - INFO - Step 1/9: Fetching latest C4C snapshot ...
2026-06-18 12:00:04,124 - INFO - ===== START ROLE 1001 =====
2026-06-18 12:00:04,125 - INFO - ===== START ROLE 40 =====
2026-06-18 12:00:04,126 - INFO - ===== START ROLE 43 =====
^C==================================================
CTM V44 daily 12:00 run started at Thu 18/06/2026 14:30:08.55
==================================================
[FETCH] Running company file:
C:\Users\Leo.Li\Documents\GitHub\warranty\fetch_all_tickets_fast_with_firebase_MANDT800_REJECTION_FILTER.py
2026-06-18 14:30:10,028 - INFO - Script version: MANDT800_FULLJOIN_REJECTION_FILTER
2026-06-18 14:30:10,028 - INFO - SAP HANA rule: MANDT=800 full join + exclude VBAP.ABGRU rejected items from Sales Order Details
2026-06-18 14:30:10,028 - INFO - Step 1/9: Fetching latest C4C snapshot ...
2026-06-18 14:30:10,029 - INFO - ===== START ROLE 1001 =====
2026-06-18 14:30:10,032 - INFO - ===== START ROLE 40 =====
2026-06-18 14:30:10,035 - INFO - ===== START ROLE 43 =====
2026-06-18 14:30:32,002 - INFO - [FETCH] role=43 page=1 skip=0 rows=1000
2026-06-18 14:30:35,621 - INFO - [FETCH] role=40 page=1 skip=0 rows=1000
2026-06-18 14:30:36,351 - INFO - [FETCH] role=1001 page=1 skip=0 rows=1000
2026-06-18 14:30:54,846 - INFO - [FETCH] role=43 page~=2 skip=2000 rows=1000
2026-06-18 14:30:55,076 - INFO - [FETCH] role=43 page~=3 skip=8000 rows=1000
2026-06-18 14:30:55,507 - INFO - [FETCH] role=43 page~=4 skip=3000 rows=1000
2026-06-18 14:30:55,593 - INFO - [FETCH] role=43 page~=5 skip=5000 rows=1000
2026-06-18 14:30:55,708 - INFO - [FETCH] role=43 page~=6 skip=4000 rows=1000
2026-06-18 14:30:55,763 - INFO - [FETCH] role=43 page~=7 skip=12000 rows=1000
2026-06-18 14:30:56,012 - INFO - [FETCH] role=43 page~=8 skip=10000 rows=1000
2026-06-18 14:30:56,730 - INFO - [FETCH] role=43 page~=9 skip=9000 rows=1000
2026-06-18 14:30:56,795 - INFO - [FETCH] role=43 page~=10 skip=11000 rows=1000
2026-06-18 14:30:57,071 - INFO - [FETCH] role=43 page~=11 skip=7000 rows=1000
2026-06-18 14:30:57,619 - INFO - [FETCH] role=43 page~=12 skip=6000 rows=1000
2026-06-18 14:30:57,728 - INFO - [FETCH] role=43 page~=13 skip=1000 rows=1000
2026-06-18 14:31:02,028 - INFO - [FETCH] role=40 page~=2 skip=5000 rows=1000
2026-06-18 14:31:02,621 - INFO - [FETCH] role=40 page~=3 skip=11000 rows=1000
2026-06-18 14:31:03,028 - INFO - [FETCH] role=40 page~=4 skip=7000 rows=1000
2026-06-18 14:31:03,045 - INFO - [FETCH] role=40 page~=5 skip=10000 rows=1000
2026-06-18 14:31:03,655 - INFO - [FETCH] role=40 page~=6 skip=2000 rows=1000
2026-06-18 14:31:03,708 - INFO - [FETCH] role=40 page~=7 skip=6000 rows=1000
2026-06-18 14:31:03,999 - INFO - [FETCH] role=40 page~=8 skip=9000 rows=1000
2026-06-18 14:31:04,078 - INFO - [FETCH] role=40 page~=9 skip=12000 rows=1000
2026-06-18 14:31:04,486 - INFO - [FETCH] role=40 page~=10 skip=3000 rows=1000
2026-06-18 14:31:04,523 - INFO - [FETCH] role=40 page~=11 skip=4000 rows=1000
2026-06-18 14:31:05,284 - INFO - [FETCH] role=40 page~=12 skip=1000 rows=1000
2026-06-18 14:31:05,506 - INFO - [FETCH] role=40 page~=13 skip=8000 rows=1000
2026-06-18 14:31:05,601 - INFO - [FETCH] role=1001 page~=2 skip=1000 rows=1000
2026-06-18 14:31:05,651 - INFO - [FETCH] role=1001 page~=3 skip=6000 rows=1000
2026-06-18 14:31:05,973 - INFO - [FETCH] role=1001 page~=4 skip=7000 rows=1000
2026-06-18 14:31:06,130 - INFO - [FETCH] role=1001 page~=5 skip=2000 rows=1000
2026-06-18 14:31:06,752 - INFO - [FETCH] role=1001 page~=6 skip=10000 rows=1000
2026-06-18 14:31:06,767 - INFO - [FETCH] role=1001 page~=7 skip=4000 rows=1000
2026-06-18 14:31:06,801 - INFO - [FETCH] role=1001 page~=8 skip=12000 rows=1000
2026-06-18 14:31:06,882 - INFO - [FETCH] role=1001 page~=9 skip=9000 rows=1000
2026-06-18 14:31:06,926 - INFO - [FETCH] role=1001 page~=10 skip=11000 rows=1000
2026-06-18 14:31:07,884 - INFO - [FETCH] role=1001 page~=11 skip=3000 rows=1000
2026-06-18 14:31:07,955 - INFO - [FETCH] role=1001 page~=12 skip=5000 rows=1000
2026-06-18 14:31:09,539 - INFO - [FETCH] role=1001 page~=13 skip=8000 rows=1000
2026-06-18 14:31:15,739 - INFO - [FETCH] role=43 page~=14 skip=13000 rows=1000
2026-06-18 14:31:15,937 - INFO - [FETCH] role=43 page~=15 skip=14000 rows=1000
2026-06-18 14:31:15,966 - INFO - [FETCH] role=43 page~=16 skip=16000 rows=1000
2026-06-18 14:31:16,175 - INFO - [FETCH] role=43 page~=17 skip=17000 rows=1000
2026-06-18 14:31:16,824 - INFO - [FETCH] role=43 page~=18 skip=15000 rows=1000
2026-06-18 14:31:17,208 - INFO - [FETCH] role=43 page~=19 skip=19000 rows=1000
2026-06-18 14:31:17,263 - INFO - [FETCH] role=43 page~=20 skip=21000 rows=1000
2026-06-18 14:31:17,818 - INFO - [FETCH] role=43 page~=21 skip=18000 rows=1000
2026-06-18 14:31:18,346 - INFO - [FETCH] role=43 page~=22 skip=24000 rows=729
2026-06-18 14:31:18,710 - INFO - [FETCH] role=43 page~=23 skip=23000 rows=1000
2026-06-18 14:31:19,348 - INFO - [FETCH] role=43 page~=24 skip=20000 rows=1000
2026-06-18 14:31:20,084 - INFO - [FETCH] role=43 page~=25 skip=22000 rows=1000
2026-06-18 14:31:25,496 - INFO - [FETCH] role=40 page~=14 skip=13000 rows=1000
2026-06-18 14:31:26,498 - INFO - [FETCH] role=40 page~=15 skip=17000 rows=1000
2026-06-18 14:31:26,525 - INFO - [FETCH] role=40 page~=16 skip=19000 rows=1000
2026-06-18 14:31:26,742 - INFO - [FETCH] role=40 page~=17 skip=21000 rows=1000
2026-06-18 14:31:26,982 - INFO - [FETCH] role=40 page~=18 skip=14000 rows=1000
2026-06-18 14:31:27,053 - INFO - [FETCH] role=40 page~=19 skip=16000 rows=1000
2026-06-18 14:31:27,313 - INFO - [FETCH] role=40 page~=20 skip=18000 rows=1000
2026-06-18 14:31:27,541 - INFO - [FETCH] role=40 page~=21 skip=15000 rows=1000
2026-06-18 14:31:27,639 - INFO - [FETCH] role=40 page~=22 skip=20000 rows=1000
2026-06-18 14:31:27,720 - INFO - [FETCH] role=40 page~=23 skip=22000 rows=1000
2026-06-18 14:31:29,351 - INFO - [FETCH] role=40 page~=24 skip=24000 rows=1000
2026-06-18 14:31:30,190 - INFO - [FETCH] role=40 page~=25 skip=23000 rows=1000
2026-06-18 14:31:30,352 - INFO - [FETCH] role=1001 page~=14 skip=15000 rows=1000
2026-06-18 14:31:31,138 - INFO - [FETCH] role=1001 page~=15 skip=14000 rows=1000
2026-06-18 14:31:31,179 - INFO - [FETCH] role=1001 page~=16 skip=20000 rows=1000
2026-06-18 14:31:31,265 - INFO - [FETCH] role=1001 page~=17 skip=16000 rows=1000
2026-06-18 14:31:31,362 - INFO - [FETCH] role=1001 page~=18 skip=13000 rows=1000
2026-06-18 14:31:31,433 - INFO - [FETCH] role=1001 page~=19 skip=18000 rows=1000
2026-06-18 14:31:32,259 - INFO - [FETCH] role=1001 page~=20 skip=23000 rows=1000
2026-06-18 14:31:32,817 - INFO - [FETCH] role=1001 page~=21 skip=19000 rows=1000
2026-06-18 14:31:32,922 - INFO - [FETCH] role=1001 page~=22 skip=17000 rows=1000
2026-06-18 14:31:33,625 - INFO - [FETCH] role=1001 page~=23 skip=22000 rows=1000
2026-06-18 14:31:33,686 - INFO - [FETCH] role=1001 page~=24 skip=21000 rows=1000
2026-06-18 14:31:35,406 - INFO - [FETCH] role=1001 page~=25 skip=24000 rows=1000
2026-06-18 14:31:37,089 - INFO - [FETCH] role=43 tail_probe=1 skip=25000 rows=0
2026-06-18 14:31:37,090 - INFO - ===== END ROLE 43 rows=24729 elapsed=87.1s =====
2026-06-18 14:31:37,428 - INFO - [ROLE MERGED] role=43 rows=24729 total_rows=24729 unique_tickets=24728
2026-06-18 14:31:46,750 - INFO - [FETCH] role=40 page~=26 skip=25000 rows=1000
2026-06-18 14:31:48,315 - INFO - [FETCH] role=40 page~=27 skip=27000 rows=1000
2026-06-18 14:31:48,355 - INFO - [FETCH] role=40 page~=28 skip=31000 rows=763
2026-06-18 14:31:48,392 - INFO - [FETCH] role=40 page~=29 skip=29000 rows=1000
2026-06-18 14:31:48,413 - INFO - [FETCH] role=40 page~=30 skip=28000 rows=1000
2026-06-18 14:31:48,454 - INFO - [FETCH] role=40 page~=31 skip=30000 rows=1000
2026-06-18 14:31:48,458 - INFO - [FETCH] role=40 page~=32 skip=26000 rows=1000
2026-06-18 14:31:53,791 - INFO - [FETCH] role=1001 page~=26 skip=25000 rows=1000
2026-06-18 14:31:54,644 - INFO - [FETCH] role=1001 page~=27 skip=26000 rows=1000
2026-06-18 14:31:54,684 - INFO - [FETCH] role=1001 page~=28 skip=28000 rows=1000
2026-06-18 14:31:54,822 - INFO - [FETCH] role=1001 page~=29 skip=27000 rows=1000
2026-06-18 14:31:54,827 - INFO - [FETCH] role=1001 page~=30 skip=30000 rows=947
2026-06-18 14:31:54,957 - INFO - [FETCH] role=1001 page~=31 skip=29000 rows=1000
2026-06-18 14:32:09,090 - INFO - [FETCH] role=40 tail_probe=1 skip=32000 rows=0
2026-06-18 14:32:09,090 - INFO - ===== END ROLE 40 rows=31763 elapsed=119.1s =====
2026-06-18 14:32:09,773 - INFO - [ROLE MERGED] role=40 rows=31763 total_rows=56492 unique_tickets=31763
2026-06-18 14:32:17,560 - INFO - [FETCH] role=1001 tail_probe=1 skip=31000 rows=0
2026-06-18 14:32:17,560 - INFO - ===== END ROLE 1001 rows=30947 elapsed=127.5s =====
2026-06-18 14:32:18,242 - INFO - [ROLE MERGED] role=1001 rows=30947 total_rows=87439 unique_tickets=31764
2026-06-18 14:32:18,334 - INFO - C4C total API rows processed: 87439
2026-06-18 14:32:18,334 - INFO - C4C total unique TicketIDs: 31764
2026-06-18 14:32:18,334 - INFO - Step 2/9: Initializing Firebase and loading previous sync snapshot ...
2026-06-18 14:32:20,505 - INFO - Previous synced TicketIDs in hash snapshot: 31746
2026-06-18 14:32:20,505 - INFO - Step 3/9: Detecting changed/deleted tickets ...
2026-06-18 14:32:23,060 - INFO - Changed tickets: 632
2026-06-18 14:32:23,060 - INFO - Deleted tickets: 0
2026-06-18 14:32:23,060 - INFO - Step 3A/9: Uploading changed C4C core ticket fields to Firebase ...
2026-06-18 14:32:31,109 - INFO - [FB CORE TICKET UPLOAD] batch=1 paths=8000 bytes~=422979
2026-06-18 14:32:31,896 - INFO - [FB CORE TICKET UPLOAD] batch=1 done
2026-06-18 14:32:37,089 - INFO - [FB CORE TICKET UPLOAD] batch=2 paths=8000 bytes~=424355
2026-06-18 14:32:37,494 - INFO - [FB CORE TICKET UPLOAD] batch=2 done
2026-06-18 14:32:37,581 - INFO - [FB CORE TICKET UPLOAD] batch=3 paths=1064 bytes~=55210
2026-06-18 14:32:37,781 - INFO - [FB CORE TICKET UPLOAD] batch=3 done
2026-06-18 14:32:37,905 - INFO - Step 3B/9: Uploading C4C involved-party roles to Firebase, including role 40 Assign To ...
2026-06-18 14:33:18,840 - INFO - [FB C4C ROLES UPLOAD] batch=1 paths=8000 bytes~=1631073
2026-06-18 14:33:19,352 - INFO - [FB C4C ROLES UPLOAD] batch=1 done
2026-06-18 14:33:52,246 - INFO - [FB C4C ROLES UPLOAD] batch=2 paths=8000 bytes~=1629700
2026-06-18 14:33:52,646 - INFO - [FB C4C ROLES UPLOAD] batch=2 done
2026-06-18 14:34:25,693 - INFO - [FB C4C ROLES UPLOAD] batch=3 paths=8000 bytes~=1669780
2026-06-18 14:34:26,086 - INFO - [FB C4C ROLES UPLOAD] batch=3 done
2026-06-18 14:35:02,969 - INFO - [FB C4C ROLES UPLOAD] batch=4 paths=8000 bytes~=1654406
2026-06-18 14:35:03,368 - INFO - [FB C4C ROLES UPLOAD] batch=4 done
2026-06-18 14:35:35,564 - INFO - [FB C4C ROLES UPLOAD] batch=5 paths=8000 bytes~=1657812
2026-06-18 14:35:35,958 - INFO - [FB C4C ROLES UPLOAD] batch=5 done
2026-06-18 14:36:22,758 - INFO - [FB C4C ROLES UPLOAD] batch=6 paths=8000 bytes~=1669748
2026-06-18 14:36:23,161 - INFO - [FB C4C ROLES UPLOAD] batch=6 done
2026-06-18 14:37:00,134 - INFO - [FB C4C ROLES UPLOAD] batch=7 paths=8000 bytes~=1657552
2026-06-18 14:37:00,684 - INFO - [FB C4C ROLES UPLOAD] batch=7 done
2026-06-18 14:37:40,818 - INFO - [FB C4C ROLES UPLOAD] batch=8 paths=8000 bytes~=1656459
2026-06-18 14:37:41,219 - INFO - [FB C4C ROLES UPLOAD] batch=8 done
^C