==================================================
CTM V44 daily 5:00 PM run started at Mon 06/07/2026 15:28:18.36
==================================================
[FETCH] Running company file:
C:\Users\Leo.Li\Documents\GitHub\warranty\fetch_all_tickets_fast_with_firebase_MANDT800_REJECTION_FILTER.py
2026-07-06 15:28:22,888 - INFO - Script version: MANDT800_FULLJOIN_REJECTION_FILTER
2026-07-06 15:28:22,889 - INFO - SAP HANA rule: MANDT=800 full join + exclude VBAP.ABGRU rejected items from Sales Order Details
2026-07-06 15:28:22,889 - INFO - Step 1/9: Fetching latest C4C snapshot ...
2026-07-06 15:28:22,891 - INFO - ===== START ROLE 1001 =====
2026-07-06 15:28:22,892 - INFO - ===== START ROLE 40 =====
2026-07-06 15:28:22,893 - INFO - ===== START ROLE 43 =====
2026-07-06 15:28:48,609 - INFO - [FETCH] role=43 page=1 skip=0 rows=1000
2026-07-06 15:28:53,322 - INFO - [FETCH] role=40 page=1 skip=0 rows=1000
2026-07-06 15:28:53,516 - INFO - [FETCH] role=1001 page=1 skip=0 rows=1000
2026-07-06 15:29:14,343 - INFO - [FETCH] role=43 page~=2 skip=9000 rows=1000
2026-07-06 15:29:14,606 - INFO - [FETCH] role=43 page~=3 skip=10000 rows=1000
2026-07-06 15:29:14,727 - INFO - [FETCH] role=43 page~=4 skip=11000 rows=1000
2026-07-06 15:29:14,858 - INFO - [FETCH] role=43 page~=5 skip=6000 rows=1000
2026-07-06 15:29:14,935 - INFO - [FETCH] role=43 page~=6 skip=4000 rows=1000
2026-07-06 15:29:15,372 - INFO - [FETCH] role=43 page~=7 skip=7000 rows=1000
2026-07-06 15:29:15,459 - INFO - [FETCH] role=43 page~=8 skip=2000 rows=1000
2026-07-06 15:29:15,601 - INFO - [FETCH] role=43 page~=9 skip=8000 rows=1000
2026-07-06 15:29:15,610 - INFO - [FETCH] role=43 page~=10 skip=12000 rows=1000
2026-07-06 15:29:15,663 - INFO - [FETCH] role=43 page~=11 skip=3000 rows=1000
2026-07-06 15:29:15,677 - INFO - [FETCH] role=43 page~=12 skip=5000 rows=1000
2026-07-06 15:29:18,664 - INFO - [FETCH] role=43 page~=13 skip=1000 rows=1000
2026-07-06 15:29:23,023 - INFO - [FETCH] role=40 page~=2 skip=7000 rows=1000
2026-07-06 15:29:23,552 - INFO - [FETCH] role=40 page~=3 skip=8000 rows=1000
2026-07-06 15:29:23,623 - INFO - [FETCH] role=40 page~=4 skip=3000 rows=1000
2026-07-06 15:29:24,227 - INFO - [FETCH] role=40 page~=5 skip=1000 rows=1000
2026-07-06 15:29:24,751 - INFO - [FETCH] role=40 page~=6 skip=5000 rows=1000
2026-07-06 15:29:25,107 - INFO - [FETCH] role=40 page~=7 skip=2000 rows=1000
2026-07-06 15:29:25,199 - INFO - [FETCH] role=40 page~=8 skip=11000 rows=1000
2026-07-06 15:29:25,252 - INFO - [FETCH] role=40 page~=9 skip=12000 rows=1000
2026-07-06 15:29:25,602 - INFO - [FETCH] role=40 page~=10 skip=10000 rows=1000
2026-07-06 15:29:26,072 - INFO - [FETCH] role=1001 page~=2 skip=6000 rows=1000
2026-07-06 15:29:26,309 - INFO - [FETCH] role=1001 page~=3 skip=8000 rows=1000
2026-07-06 15:29:26,804 - INFO - [FETCH] role=40 page~=11 skip=4000 rows=1000
2026-07-06 15:29:26,863 - INFO - [FETCH] role=1001 page~=4 skip=7000 rows=1000
2026-07-06 15:29:26,965 - INFO - [FETCH] role=1001 page~=5 skip=9000 rows=1000
2026-07-06 15:29:27,115 - INFO - [FETCH] role=1001 page~=6 skip=1000 rows=1000
2026-07-06 15:29:27,289 - INFO - [FETCH] role=1001 page~=7 skip=3000 rows=1000
2026-07-06 15:29:27,325 - INFO - [FETCH] role=40 page~=12 skip=9000 rows=1000
2026-07-06 15:29:27,502 - INFO - [FETCH] role=1001 page~=8 skip=10000 rows=1000
2026-07-06 15:29:27,842 - INFO - [FETCH] role=1001 page~=9 skip=11000 rows=1000
2026-07-06 15:29:28,007 - INFO - [FETCH] role=1001 page~=10 skip=4000 rows=1000
2026-07-06 15:29:28,339 - INFO - [FETCH] role=1001 page~=11 skip=12000 rows=1000
2026-07-06 15:29:29,480 - INFO - [FETCH] role=40 page~=13 skip=6000 rows=1000
2026-07-06 15:29:29,782 - INFO - [FETCH] role=1001 page~=12 skip=2000 rows=1000
2026-07-06 15:29:30,557 - INFO - [FETCH] role=1001 page~=13 skip=5000 rows=1000
2026-07-06 15:29:37,940 - INFO - [FETCH] role=43 page~=14 skip=17000 rows=1000
2026-07-06 15:29:38,363 - INFO - [FETCH] role=43 page~=15 skip=13000 rows=1000
2026-07-06 15:29:38,420 - INFO - [FETCH] role=43 page~=16 skip=18000 rows=1000
2026-07-06 15:29:38,994 - INFO - [FETCH] role=43 page~=17 skip=16000 rows=1000
2026-07-06 15:29:39,041 - INFO - [FETCH] role=43 page~=18 skip=14000 rows=1000
2026-07-06 15:29:39,155 - INFO - [FETCH] role=43 page~=19 skip=21000 rows=1000
2026-07-06 15:29:39,164 - INFO - [FETCH] role=43 page~=20 skip=23000 rows=1000
2026-07-06 15:29:39,528 - INFO - [FETCH] role=43 page~=21 skip=15000 rows=1000
2026-07-06 15:29:39,550 - INFO - [FETCH] role=43 page~=22 skip=22000 rows=1000
2026-07-06 15:29:39,640 - INFO - [FETCH] role=43 page~=23 skip=19000 rows=1000
2026-07-06 15:29:40,460 - INFO - [FETCH] role=43 page~=24 skip=20000 rows=1000
2026-07-06 15:29:41,371 - INFO - [FETCH] role=43 page~=25 skip=24000 rows=1000
2026-07-06 15:29:49,413 - INFO - [FETCH] role=40 page~=14 skip=13000 rows=1000
2026-07-06 15:29:49,885 - INFO - [FETCH] role=40 page~=15 skip=15000 rows=1000
2026-07-06 15:29:50,213 - INFO - [FETCH] role=40 page~=16 skip=14000 rows=1000
2026-07-06 15:29:50,880 - INFO - [FETCH] role=40 page~=17 skip=17000 rows=1000
2026-07-06 15:29:51,098 - INFO - [FETCH] role=40 page~=18 skip=16000 rows=1000
2026-07-06 15:29:51,268 - INFO - [FETCH] role=40 page~=19 skip=19000 rows=1000
2026-07-06 15:29:51,716 - INFO - [FETCH] role=40 page~=20 skip=18000 rows=1000
2026-07-06 15:29:52,071 - INFO - [FETCH] role=40 page~=21 skip=21000 rows=1000
2026-07-06 15:29:52,304 - INFO - [FETCH] role=40 page~=22 skip=20000 rows=1000
2026-07-06 15:29:53,546 - INFO - [FETCH] role=40 page~=23 skip=22000 rows=1000
2026-07-06 15:29:53,621 - INFO - [FETCH] role=40 page~=24 skip=23000 rows=1000
2026-07-06 15:29:54,018 - INFO - [FETCH] role=1001 page~=14 skip=14000 rows=1000
2026-07-06 15:29:54,080 - INFO - [FETCH] role=1001 page~=15 skip=13000 rows=1000
2026-07-06 15:29:55,017 - INFO - [FETCH] role=1001 page~=16 skip=16000 rows=1000
2026-07-06 15:29:55,753 - INFO - [FETCH] role=1001 page~=17 skip=15000 rows=1000
2026-07-06 15:29:55,943 - INFO - [FETCH] role=1001 page~=18 skip=18000 rows=1000
2026-07-06 15:29:56,529 - INFO - [FETCH] role=1001 page~=19 skip=19000 rows=1000
2026-07-06 15:29:56,578 - INFO - [FETCH] role=1001 page~=20 skip=17000 rows=1000
2026-07-06 15:29:56,907 - INFO - [FETCH] role=1001 page~=21 skip=21000 rows=1000
2026-07-06 15:29:57,007 - INFO - [FETCH] role=1001 page~=22 skip=20000 rows=1000
2026-07-06 15:29:57,197 - INFO - [FETCH] role=1001 page~=23 skip=22000 rows=1000
2026-07-06 15:29:57,875 - INFO - [FETCH] role=40 page~=25 skip=24000 rows=1000
2026-07-06 15:29:58,318 - INFO - [FETCH] role=1001 page~=24 skip=23000 rows=1000
2026-07-06 15:29:59,798 - INFO - [FETCH] role=43 page~=26 skip=25000 rows=300
2026-07-06 15:29:59,873 - INFO - [FETCH] role=1001 page~=25 skip=24000 rows=1000
2026-07-06 15:30:13,401 - INFO - [FETCH] role=40 page~=26 skip=25000 rows=1000
2026-07-06 15:30:15,203 - INFO - [FETCH] role=40 page~=27 skip=26000 rows=1000
2026-07-06 15:30:15,443 - INFO - [FETCH] role=40 page~=28 skip=27000 rows=1000
2026-07-06 15:30:16,428 - INFO - [FETCH] role=40 page~=29 skip=29000 rows=1000
2026-07-06 15:30:16,452 - INFO - [FETCH] role=40 page~=30 skip=30000 rows=1000
2026-07-06 15:30:16,663 - INFO - [FETCH] role=40 page~=31 skip=28000 rows=1000
2026-07-06 15:30:16,922 - INFO - [FETCH] role=40 page~=32 skip=32000 rows=302
2026-07-06 15:30:17,077 - INFO - [FETCH] role=40 page~=33 skip=31000 rows=1000
2026-07-06 15:30:20,167 - INFO - [FETCH] role=1001 page~=26 skip=25000 rows=1000
2026-07-06 15:30:21,275 - INFO - [FETCH] role=1001 page~=27 skip=27000 rows=1000
2026-07-06 15:30:21,408 - INFO - [FETCH] role=1001 page~=28 skip=26000 rows=1000
2026-07-06 15:30:22,508 - INFO - [FETCH] role=43 tail_probe=1 skip=26000 rows=0
2026-07-06 15:30:22,508 - INFO - ===== END ROLE 43 rows=25300 elapsed=119.6s =====
2026-07-06 15:30:23,232 - INFO - [ROLE MERGED] role=43 rows=25300 total_rows=25300 unique_tickets=25299
2026-07-06 15:30:23,238 - INFO - [FETCH] role=1001 page~=29 skip=31000 rows=484
2026-07-06 15:30:23,253 - INFO - [FETCH] role=1001 page~=30 skip=29000 rows=1000
2026-07-06 15:30:23,262 - INFO - [FETCH] role=1001 page~=31 skip=28000 rows=1000
2026-07-06 15:30:23,573 - INFO - [FETCH] role=1001 page~=32 skip=30000 rows=1000
2026-07-06 15:30:42,430 - INFO - [FETCH] role=40 tail_probe=1 skip=33000 rows=0
2026-07-06 15:30:42,430 - INFO - ===== END ROLE 40 rows=32302 elapsed=139.5s =====
2026-07-06 15:30:43,017 - INFO - [ROLE MERGED] role=40 rows=32302 total_rows=57602 unique_tickets=32302
2026-07-06 15:30:49,328 - INFO - [FETCH] role=1001 tail_probe=1 skip=32000 rows=0
2026-07-06 15:30:49,328 - INFO - ===== END ROLE 1001 rows=31484 elapsed=146.4s =====
2026-07-06 15:30:50,036 - INFO - [ROLE MERGED] role=1001 rows=31484 total_rows=89086 unique_tickets=32303
2026-07-06 15:30:50,140 - INFO - C4C total API rows processed: 89086
2026-07-06 15:30:50,140 - INFO - C4C total unique TicketIDs: 32303
2026-07-06 15:30:50,140 - INFO - Step 2/9: Initializing Firebase and loading previous sync snapshot ...
2026-07-06 15:30:52,358 - INFO - Previous synced TicketIDs in hash snapshot: 32231
2026-07-06 15:30:52,358 - INFO - Step 3/9: Detecting changed/deleted tickets ...
2026-07-06 15:30:54,747 - INFO - Changed tickets: 32303
2026-07-06 15:30:54,747 - INFO - Deleted tickets: 0
2026-07-06 15:30:54,747 - INFO - Step 3A/9: Uploading changed C4C core ticket fields to Firebase ...
2026-07-06 15:31:10,139 - INFO - [FB CORE TICKET UPLOAD] batch=1 paths=8000 bytes~=428459
2026-07-06 15:31:11,017 - INFO - [FB CORE TICKET UPLOAD] batch=1 done
2026-07-06 15:31:21,663 - INFO - [FB CORE TICKET UPLOAD] batch=2 paths=8000 bytes~=439679
2026-07-06 15:31:22,270 - INFO - [FB CORE TICKET UPLOAD] batch=2 done
2026-07-06 15:31:31,734 - INFO - [FB CORE TICKET UPLOAD] batch=3 paths=8000 bytes~=441571
2026-07-06 15:31:32,220 - INFO - [FB CORE TICKET UPLOAD] batch=3 done
2026-07-06 15:31:43,321 - INFO - [FB CORE TICKET UPLOAD] batch=4 paths=8000 bytes~=438185
2026-07-06 15:31:43,760 - INFO - [FB CORE TICKET UPLOAD] batch=4 done
2026-07-06 15:31:55,835 - INFO - [FB CORE TICKET UPLOAD] batch=5 paths=8000 bytes~=438084
2026-07-06 15:31:56,251 - INFO - [FB CORE TICKET UPLOAD] batch=5 done
2026-07-06 15:32:06,911 - INFO - [FB CORE TICKET UPLOAD] batch=6 paths=8000 bytes~=440129
2026-07-06 15:32:07,318 - INFO - [FB CORE TICKET UPLOAD] batch=6 done
2026-07-06 15:32:20,468 - INFO - [FB CORE TICKET UPLOAD] batch=7 paths=8000 bytes~=441547
2026-07-06 15:32:20,915 - INFO - [FB CORE TICKET UPLOAD] batch=7 done
2026-07-06 15:32:31,722 - INFO - [FB CORE TICKET UPLOAD] batch=8 paths=8000 bytes~=430178
2026-07-06 15:32:32,170 - INFO - [FB CORE TICKET UPLOAD] batch=8 done
2026-07-06 15:32:42,586 - INFO - [FB CORE TICKET UPLOAD] batch=9 paths=8000 bytes~=418380
2026-07-06 15:32:42,994 - INFO - [FB CORE TICKET UPLOAD] batch=9 done
2026-07-06 15:32:53,528 - INFO - [FB CORE TICKET UPLOAD] batch=10 paths=8000 bytes~=425182
2026-07-06 15:32:53,929 - INFO - [FB CORE TICKET UPLOAD] batch=10 done
2026-07-06 15:33:04,173 - INFO - [FB CORE TICKET UPLOAD] batch=11 paths=8000 bytes~=421313
2026-07-06 15:33:04,594 - INFO - [FB CORE TICKET UPLOAD] batch=11 done
2026-07-06 15:33:14,646 - INFO - [FB CORE TICKET UPLOAD] batch=12 paths=8000 bytes~=419871
2026-07-06 15:33:15,040 - INFO - [FB CORE TICKET UPLOAD] batch=12 done
2026-07-06 15:33:25,007 - INFO - [FB CORE TICKET UPLOAD] batch=13 paths=8000 bytes~=433913
2026-07-06 15:33:25,394 - INFO - [FB CORE TICKET UPLOAD] batch=13 done
2026-07-06 15:33:35,798 - INFO - [FB CORE TICKET UPLOAD] batch=14 paths=8000 bytes~=435078
2026-07-06 15:33:36,200 - INFO - [FB CORE TICKET UPLOAD] batch=14 done
2026-07-06 15:33:45,779 - INFO - [FB CORE TICKET UPLOAD] batch=15 paths=8000 bytes~=434282
2026-07-06 15:33:46,171 - INFO - [FB CORE TICKET UPLOAD] batch=15 done
2026-07-06 15:33:57,125 - INFO - [FB CORE TICKET UPLOAD] batch=16 paths=8000 bytes~=433728
2026-07-06 15:33:57,520 - INFO - [FB CORE TICKET UPLOAD] batch=16 done
2026-07-06 15:34:08,290 - INFO - [FB CORE TICKET UPLOAD] batch=17 paths=8000 bytes~=435703
2026-07-06 15:34:10,213 - INFO - [FB CORE TICKET UPLOAD] batch=17 done
2026-07-06 15:34:19,767 - INFO - [FB CORE TICKET UPLOAD] batch=18 paths=8000 bytes~=422110
2026-07-06 15:34:20,082 - INFO - [FB CORE TICKET UPLOAD] batch=18 done
2026-07-06 15:34:28,961 - INFO - [FB CORE TICKET UPLOAD] batch=19 paths=8000 bytes~=429257
2026-07-06 15:34:29,293 - INFO - [FB CORE TICKET UPLOAD] batch=19 done
2026-07-06 15:34:39,038 - INFO - [FB CORE TICKET UPLOAD] batch=20 paths=8000 bytes~=432518
2026-07-06 15:34:39,393 - INFO - [FB CORE TICKET UPLOAD] batch=20 done
2026-07-06 15:34:47,947 - INFO - [FB CORE TICKET UPLOAD] batch=21 paths=8000 bytes~=428236
2026-07-06 15:34:48,265 - INFO - [FB CORE TICKET UPLOAD] batch=21 done
2026-07-06 15:34:58,168 - INFO - [FB CORE TICKET UPLOAD] batch=22 paths=8000 bytes~=436943
2026-07-06 15:34:58,496 - INFO - [FB CORE TICKET UPLOAD] batch=22 done
2026-07-06 15:35:09,091 - INFO - [FB CORE TICKET UPLOAD] batch=23 paths=8000 bytes~=436752
2026-07-06 15:35:09,443 - INFO - [FB CORE TICKET UPLOAD] batch=23 done
2026-07-06 15:35:22,651 - INFO - [FB CORE TICKET UPLOAD] batch=24 paths=8000 bytes~=437948
2026-07-06 15:35:22,973 - INFO - [FB CORE TICKET UPLOAD] batch=24 done
2026-07-06 15:35:34,537 - INFO - [FB CORE TICKET UPLOAD] batch=25 paths=8000 bytes~=437124
2026-07-06 15:35:34,852 - INFO - [FB CORE TICKET UPLOAD] batch=25 done
2026-07-06 15:35:47,493 - INFO - [FB CORE TICKET UPLOAD] batch=26 paths=8000 bytes~=437065
2026-07-06 15:35:47,816 - INFO - [FB CORE TICKET UPLOAD] batch=26 done
2026-07-06 15:36:01,026 - INFO - [FB CORE TICKET UPLOAD] batch=27 paths=8000 bytes~=428195
2026-07-06 15:36:01,365 - INFO - [FB CORE TICKET UPLOAD] batch=27 done
2026-07-06 15:36:14,298 - INFO - [FB CORE TICKET UPLOAD] batch=28 paths=8000 bytes~=428391
2026-07-06 15:36:14,607 - INFO - [FB CORE TICKET UPLOAD] batch=28 done
2026-07-06 15:36:25,315 - INFO - [FB CORE TICKET UPLOAD] batch=29 paths=8000 bytes~=436938
2026-07-06 15:36:25,629 - INFO - [FB CORE TICKET UPLOAD] batch=29 done
2026-07-06 15:36:39,173 - INFO - [FB CORE TICKET UPLOAD] batch=30 paths=8000 bytes~=430504
2026-07-06 15:36:39,474 - INFO - [FB CORE TICKET UPLOAD] batch=30 done
2026-07-06 15:36:51,909 - INFO - [FB CORE TICKET UPLOAD] batch=31 paths=8000 bytes~=433519
2026-07-06 15:36:52,223 - INFO - [FB CORE TICKET UPLOAD] batch=31 done
2026-07-06 15:37:06,892 - INFO - [FB CORE TICKET UPLOAD] batch=32 paths=8000 bytes~=427238
2026-07-06 15:37:07,214 - INFO - [FB CORE TICKET UPLOAD] batch=32 done
2026-07-06 15:37:21,559 - INFO - [FB CORE TICKET UPLOAD] batch=33 paths=8000 bytes~=419843
2026-07-06 15:37:21,884 - INFO - [FB CORE TICKET UPLOAD] batch=33 done
2026-07-06 15:37:33,847 - INFO - [FB CORE TICKET UPLOAD] batch=34 paths=8000 bytes~=430963
2026-07-06 15:37:34,159 - INFO - [FB CORE TICKET UPLOAD] batch=34 done
2026-07-06 15:37:46,152 - INFO - [FB CORE TICKET UPLOAD] batch=35 paths=8000 bytes~=434928
2026-07-06 15:37:46,458 - INFO - [FB CORE TICKET UPLOAD] batch=35 done
2026-07-06 15:37:57,857 - INFO - [FB CORE TICKET UPLOAD] batch=36 paths=8000 bytes~=431289
2026-07-06 15:37:58,170 - INFO - [FB CORE TICKET UPLOAD] batch=36 done
2026-07-06 15:38:08,676 - INFO - [FB CORE TICKET UPLOAD] batch=37 paths=8000 bytes~=435593
2026-07-06 15:38:09,004 - INFO - [FB CORE TICKET UPLOAD] batch=37 done
2026-07-06 15:38:19,813 - INFO - [FB CORE TICKET UPLOAD] batch=38 paths=8000 bytes~=431774
2026-07-06 15:38:20,124 - INFO - [FB CORE TICKET UPLOAD] batch=38 done
2026-07-06 15:38:30,024 - INFO - [FB CORE TICKET UPLOAD] batch=39 paths=8000 bytes~=428000
2026-07-06 15:38:30,328 - INFO - [FB CORE TICKET UPLOAD] batch=39 done
2026-07-06 15:38:42,388 - INFO - [FB CORE TICKET UPLOAD] batch=40 paths=8000 bytes~=424833
2026-07-06 15:38:43,094 - INFO - [FB CORE TICKET UPLOAD] batch=40 done
2026-07-06 15:38:52,499 - INFO - [FB CORE TICKET UPLOAD] batch=41 paths=8000 bytes~=418959
2026-07-06 15:38:52,810 - INFO - [FB CORE TICKET UPLOAD] batch=41 done
2026-07-06 15:39:01,333 - INFO - [FB CORE TICKET UPLOAD] batch=42 paths=8000 bytes~=421184
2026-07-06 15:39:01,643 - INFO - [FB CORE TICKET UPLOAD] batch=42 done
2026-07-06 15:39:10,909 - INFO - [FB CORE TICKET UPLOAD] batch=43 paths=8000 bytes~=426718
2026-07-06 15:39:11,221 - INFO - [FB CORE TICKET UPLOAD] batch=43 done
2026-07-06 15:39:23,671 - INFO - [FB CORE TICKET UPLOAD] batch=44 paths=8000 bytes~=426982
2026-07-06 15:39:23,983 - INFO - [FB CORE TICKET UPLOAD] batch=44 done
2026-07-06 15:39:33,816 - INFO - [FB CORE TICKET UPLOAD] batch=45 paths=8000 bytes~=429304
2026-07-06 15:39:34,131 - INFO - [FB CORE TICKET UPLOAD] batch=45 done
2026-07-06 15:39:43,749 - INFO - [FB CORE TICKET UPLOAD] batch=46 paths=8000 bytes~=430851
2026-07-06 15:39:44,058 - INFO - [FB CORE TICKET UPLOAD] batch=46 done
2026-07-06 15:39:54,291 - INFO - [FB CORE TICKET UPLOAD] batch=47 paths=8000 bytes~=432975
2026-07-06 15:39:54,595 - INFO - [FB CORE TICKET UPLOAD] batch=47 done
2026-07-06 15:40:05,233 - INFO - [FB CORE TICKET UPLOAD] batch=48 paths=8000 bytes~=437496
2026-07-06 15:40:05,550 - INFO - [FB CORE TICKET UPLOAD] batch=48 done
2026-07-06 15:40:16,937 - INFO - [FB CORE TICKET UPLOAD] batch=49 paths=8000 bytes~=439358
2026-07-06 15:40:17,237 - INFO - [FB CORE TICKET UPLOAD] batch=49 done
2026-07-06 15:40:27,574 - INFO - [FB CORE TICKET UPLOAD] batch=50 paths=8000 bytes~=440507
2026-07-06 15:40:27,886 - INFO - [FB CORE TICKET UPLOAD] batch=50 done
2026-07-06 15:40:38,084 - INFO - [FB CORE TICKET UPLOAD] batch=51 paths=8000 bytes~=442905
2026-07-06 15:40:38,394 - INFO - [FB CORE TICKET UPLOAD] batch=51 done
2026-07-06 15:40:49,455 - INFO - [FB CORE TICKET UPLOAD] batch=52 paths=8000 bytes~=414309
2026-07-06 15:40:49,766 - INFO - [FB CORE TICKET UPLOAD] batch=52 done
2026-07-06 15:41:00,126 - INFO - [FB CORE TICKET UPLOAD] batch=53 paths=8000 bytes~=417941
2026-07-06 15:41:00,444 - INFO - [FB CORE TICKET UPLOAD] batch=53 done
2026-07-06 15:41:11,778 - INFO - [FB CORE TICKET UPLOAD] batch=54 paths=8000 bytes~=415951
2026-07-06 15:41:12,087 - INFO - [FB CORE TICKET UPLOAD] batch=54 done
2026-07-06 15:41:23,669 - INFO - [FB CORE TICKET UPLOAD] batch=55 paths=8000 bytes~=419408
2026-07-06 15:41:23,978 - INFO - [FB CORE TICKET UPLOAD] batch=55 done
2026-07-06 15:41:35,150 - INFO - [FB CORE TICKET UPLOAD] batch=56 paths=8000 bytes~=425343
2026-07-06 15:41:35,470 - INFO - [FB CORE TICKET UPLOAD] batch=56 done
2026-07-06 15:41:45,807 - INFO - [FB CORE TICKET UPLOAD] batch=57 paths=8000 bytes~=421102
2026-07-06 15:41:46,115 - INFO - [FB CORE TICKET UPLOAD] batch=57 done
2026-07-06 15:41:57,442 - INFO - [FB CORE TICKET UPLOAD] batch=58 paths=8000 bytes~=422985
2026-07-06 15:41:57,757 - INFO - [FB CORE TICKET UPLOAD] batch=58 done
2026-07-06 15:42:09,280 - INFO - [FB CORE TICKET UPLOAD] batch=59 paths=8000 bytes~=417446
2026-07-06 15:42:09,591 - INFO - [FB CORE TICKET UPLOAD] batch=59 done
2026-07-06 15:42:19,788 - INFO - [FB CORE TICKET UPLOAD] batch=60 paths=8000 bytes~=412207
2026-07-06 15:42:20,098 - INFO - [FB CORE TICKET UPLOAD] batch=60 done
2026-07-06 15:42:32,702 - INFO - [FB CORE TICKET UPLOAD] batch=61 paths=8000 bytes~=431716
2026-07-06 15:42:33,012 - INFO - [FB CORE TICKET UPLOAD] batch=61 done
2026-07-06 15:42:43,652 - INFO - [FB CORE TICKET UPLOAD] batch=62 paths=8000 bytes~=430859
2026-07-06 15:42:43,971 - INFO - [FB CORE TICKET UPLOAD] batch=62 done
2026-07-06 15:42:55,349 - INFO - [FB CORE TICKET UPLOAD] batch=63 paths=8000 bytes~=426753
2026-07-06 15:42:55,669 - INFO - [FB CORE TICKET UPLOAD] batch=63 done
2026-07-06 15:43:06,616 - INFO - [FB CORE TICKET UPLOAD] batch=64 paths=8000 bytes~=429475
2026-07-06 15:43:06,931 - INFO - [FB CORE TICKET UPLOAD] batch=64 done
2026-07-06 15:43:19,366 - INFO - [FB CORE TICKET UPLOAD] batch=65 paths=8000 bytes~=433565
2026-07-06 15:43:19,695 - INFO - [FB CORE TICKET UPLOAD] batch=65 done
2026-07-06 15:43:31,386 - INFO - [FB CORE TICKET UPLOAD] batch=66 paths=8000 bytes~=431998
2026-07-06 15:43:31,709 - INFO - [FB CORE TICKET UPLOAD] batch=66 done
2026-07-06 15:43:43,332 - INFO - [FB CORE TICKET UPLOAD] batch=67 paths=8000 bytes~=432732
2026-07-06 15:43:43,654 - INFO - [FB CORE TICKET UPLOAD] batch=67 done
2026-07-06 15:43:55,430 - INFO - [FB CORE TICKET UPLOAD] batch=68 paths=8000 bytes~=431935
2026-07-06 15:43:55,761 - INFO - [FB CORE TICKET UPLOAD] batch=68 done
2026-07-06 15:44:06,103 - INFO - [FB CORE TICKET UPLOAD] batch=69 paths=8000 bytes~=437426
2026-07-06 15:44:06,425 - INFO - [FB CORE TICKET UPLOAD] batch=69 done
2026-07-06 15:44:17,923 - INFO - [FB CORE TICKET UPLOAD] batch=70 paths=8000 bytes~=440433
2026-07-06 15:44:18,242 - INFO - [FB CORE TICKET UPLOAD] batch=70 done
2026-07-06 15:44:28,229 - INFO - [FB CORE TICKET UPLOAD] batch=71 paths=8000 bytes~=437456
2026-07-06 15:44:28,542 - INFO - [FB CORE TICKET UPLOAD] batch=71 done
2026-07-06 15:44:39,483 - INFO - [FB CORE TICKET UPLOAD] batch=72 paths=8000 bytes~=441172
2026-07-06 15:44:39,842 - INFO - [FB CORE TICKET UPLOAD] batch=72 done
2026-07-06 15:44:50,084 - INFO - [FB CORE TICKET UPLOAD] batch=73 paths=8000 bytes~=440922
2026-07-06 15:44:50,460 - INFO - [FB CORE TICKET UPLOAD] batch=73 done
2026-07-06 15:45:01,107 - INFO - [FB CORE TICKET UPLOAD] batch=74 paths=8000 bytes~=440230
2026-07-06 15:45:01,486 - INFO - [FB CORE TICKET UPLOAD] batch=74 done
2026-07-06 15:45:11,917 - INFO - [FB CORE TICKET UPLOAD] batch=75 paths=8000 bytes~=441935
2026-07-06 15:45:12,277 - INFO - [FB CORE TICKET UPLOAD] batch=75 done
2026-07-06 15:45:22,158 - INFO - [FB CORE TICKET UPLOAD] batch=76 paths=8000 bytes~=438586
2026-07-06 15:45:22,599 - INFO - [FB CORE TICKET UPLOAD] batch=76 done
2026-07-06 15:45:31,386 - INFO - [FB CORE TICKET UPLOAD] batch=77 paths=8000 bytes~=434483
2026-07-06 15:45:31,783 - INFO - [FB CORE TICKET UPLOAD] batch=77 done
2026-07-06 15:45:41,592 - INFO - [FB CORE TICKET UPLOAD] batch=78 paths=8000 bytes~=436181
2026-07-06 15:45:41,960 - INFO - [FB CORE TICKET UPLOAD] batch=78 done
2026-07-06 15:45:55,378 - INFO - [FB CORE TICKET UPLOAD] batch=79 paths=8000 bytes~=430238
2026-07-06 15:45:55,737 - INFO - [FB CORE TICKET UPLOAD] batch=79 done
2026-07-06 15:46:06,555 - INFO - [FB CORE TICKET UPLOAD] batch=80 paths=8000 bytes~=431759
2026-07-06 15:46:06,967 - INFO - [FB CORE TICKET UPLOAD] batch=80 done
2026-07-06 15:46:17,865 - INFO - [FB CORE TICKET UPLOAD] batch=81 paths=8000 bytes~=426384
2026-07-06 15:46:18,268 - INFO - [FB CORE TICKET UPLOAD] batch=81 done
2026-07-06 15:46:28,324 - INFO - [FB CORE TICKET UPLOAD] batch=82 paths=8000 bytes~=419384
2026-07-06 15:46:28,684 - INFO - [FB CORE TICKET UPLOAD] batch=82 done
2026-07-06 15:46:39,615 - INFO - [FB CORE TICKET UPLOAD] batch=83 paths=8000 bytes~=420785
2026-07-06 15:46:39,961 - INFO - [FB CORE TICKET UPLOAD] batch=83 done
2026-07-06 15:46:47,638 - INFO - [FB CORE TICKET UPLOAD] batch=84 paths=8000 bytes~=436760
2026-07-06 15:46:47,996 - INFO - [FB CORE TICKET UPLOAD] batch=84 done
2026-07-06 15:46:57,280 - INFO - [FB CORE TICKET UPLOAD] batch=85 paths=8000 bytes~=434656
2026-07-06 15:46:57,639 - INFO - [FB CORE TICKET UPLOAD] batch=85 done
2026-07-06 15:47:06,637 - INFO - [FB CORE TICKET UPLOAD] batch=86 paths=8000 bytes~=422176
2026-07-06 15:47:06,994 - INFO - [FB CORE TICKET UPLOAD] batch=86 done
2026-07-06 15:47:16,886 - INFO - [FB CORE TICKET UPLOAD] batch=87 paths=8000 bytes~=423349
2026-07-06 15:47:17,248 - INFO - [FB CORE TICKET UPLOAD] batch=87 done
2026-07-06 15:47:26,309 - INFO - [FB CORE TICKET UPLOAD] batch=88 paths=8000 bytes~=429954
2026-07-06 15:47:26,658 - INFO - [FB CORE TICKET UPLOAD] batch=88 done
2026-07-06 15:47:37,162 - INFO - [FB CORE TICKET UPLOAD] batch=89 paths=8000 bytes~=435450
2026-07-06 15:47:37,538 - INFO - [FB CORE TICKET UPLOAD] batch=89 done
2026-07-06 15:47:50,569 - INFO - [FB CORE TICKET UPLOAD] batch=90 paths=8000 bytes~=423883
2026-07-06 15:47:50,920 - INFO - [FB CORE TICKET UPLOAD] batch=90 done
2026-07-06 15:48:04,059 - INFO - [FB CORE TICKET UPLOAD] batch=91 paths=8000 bytes~=427865
2026-07-06 15:48:04,412 - INFO - [FB CORE TICKET UPLOAD] batch=91 done
2026-07-06 15:48:15,375 - INFO - [FB CORE TICKET UPLOAD] batch=92 paths=8000 bytes~=432265
2026-07-06 15:48:15,757 - INFO - [FB CORE TICKET UPLOAD] batch=92 done
2026-07-06 15:48:25,623 - INFO - [FB CORE TICKET UPLOAD] batch=93 paths=8000 bytes~=433989
2026-07-06 15:48:25,986 - INFO - [FB CORE TICKET UPLOAD] batch=93 done
2026-07-06 15:48:41,074 - INFO - [FB CORE TICKET UPLOAD] batch=94 paths=8000 bytes~=433976
2026-07-06 15:48:41,390 - INFO - [FB CORE TICKET UPLOAD] batch=94 done
2026-07-06 15:48:52,568 - INFO - [FB CORE TICKET UPLOAD] batch=95 paths=8000 bytes~=429533
2026-07-06 15:48:52,883 - INFO - [FB CORE TICKET UPLOAD] batch=95 done
2026-07-06 15:49:03,388 - INFO - [FB CORE TICKET UPLOAD] batch=96 paths=8000 bytes~=402495
2026-07-06 15:49:03,700 - INFO - [FB CORE TICKET UPLOAD] batch=96 done
2026-07-06 15:49:13,661 - INFO - [FB CORE TICKET UPLOAD] batch=97 paths=8000 bytes~=404995
2026-07-06 15:49:13,975 - INFO - [FB CORE TICKET UPLOAD] batch=97 done
2026-07-06 15:49:25,634 - INFO - [FB CORE TICKET UPLOAD] batch=98 paths=8000 bytes~=405778
2026-07-06 15:49:25,961 - INFO - [FB CORE TICKET UPLOAD] batch=98 done
2026-07-06 15:49:35,760 - INFO - [FB CORE TICKET UPLOAD] batch=99 paths=8000 bytes~=405985
2026-07-06 15:49:36,068 - INFO - [FB CORE TICKET UPLOAD] batch=99 done
2026-07-06 15:49:46,909 - INFO - [FB CORE TICKET UPLOAD] batch=100 paths=8000 bytes~=400762
2026-07-06 15:49:47,231 - INFO - [FB CORE TICKET UPLOAD] batch=100 done
2026-07-06 15:49:58,661 - INFO - [FB CORE TICKET UPLOAD] batch=101 paths=8000 bytes~=401109
2026-07-06 15:49:59,212 - INFO - [FB CORE TICKET UPLOAD] batch=101 done
2026-07-06 15:50:08,390 - INFO - [FB CORE TICKET UPLOAD] batch=102 paths=8000 bytes~=402676
2026-07-06 15:50:08,702 - INFO - [FB CORE TICKET UPLOAD] batch=102 done
2026-07-06 15:50:18,308 - INFO - [FB CORE TICKET UPLOAD] batch=103 paths=8000 bytes~=414356
2026-07-06 15:50:18,606 - INFO - [FB CORE TICKET UPLOAD] batch=103 done
2026-07-06 15:50:28,928 - INFO - [FB CORE TICKET UPLOAD] batch=104 paths=8000 bytes~=406057
2026-07-06 15:50:29,218 - INFO - [FB CORE TICKET UPLOAD] batch=104 done
2026-07-06 15:50:39,694 - INFO - [FB CORE TICKET UPLOAD] batch=105 paths=8000 bytes~=405815
2026-07-06 15:50:39,992 - INFO - [FB CORE TICKET UPLOAD] batch=105 done
2026-07-06 15:50:48,652 - INFO - [FB CORE TICKET UPLOAD] batch=106 paths=8000 bytes~=408331
2026-07-06 15:50:48,983 - INFO - [FB CORE TICKET UPLOAD] batch=106 done
2026-07-06 15:50:59,526 - INFO - [FB CORE TICKET UPLOAD] batch=107 paths=8000 bytes~=405735
2026-07-06 15:50:59,841 - INFO - [FB CORE TICKET UPLOAD] batch=107 done
2026-07-06 15:51:10,352 - INFO - [FB CORE TICKET UPLOAD] batch=108 paths=8000 bytes~=402431
2026-07-06 15:51:10,657 - INFO - [FB CORE TICKET UPLOAD] batch=108 done
2026-07-06 15:51:20,791 - INFO - [FB CORE TICKET UPLOAD] batch=109 paths=8000 bytes~=406443
2026-07-06 15:51:21,094 - INFO - [FB CORE TICKET UPLOAD] batch=109 done
2026-07-06 15:51:31,398 - INFO - [FB CORE TICKET UPLOAD] batch=110 paths=8000 bytes~=403211
2026-07-06 15:51:31,694 - INFO - [FB CORE TICKET UPLOAD] batch=110 done
2026-07-06 15:51:41,209 - INFO - [FB CORE TICKET UPLOAD] batch=111 paths=8000 bytes~=405227
2026-07-06 15:51:41,538 - INFO - [FB CORE TICKET UPLOAD] batch=111 done
2026-07-06 15:51:52,125 - INFO - [FB CORE TICKET UPLOAD] batch=112 paths=8000 bytes~=417286
2026-07-06 15:51:52,436 - INFO - [FB CORE TICKET UPLOAD] batch=112 done
2026-07-06 15:52:02,213 - INFO - [FB CORE TICKET UPLOAD] batch=113 paths=8000 bytes~=408830
2026-07-06 15:52:02,514 - INFO - [FB CORE TICKET UPLOAD] batch=113 done
2026-07-06 15:52:14,208 - INFO - [FB CORE TICKET UPLOAD] batch=114 paths=8000 bytes~=405838
2026-07-06 15:52:14,514 - INFO - [FB CORE TICKET UPLOAD] batch=114 done
2026-07-06 15:52:26,585 - INFO - [FB CORE TICKET UPLOAD] batch=115 paths=8000 bytes~=421627
2026-07-06 15:52:26,882 - INFO - [FB CORE TICKET UPLOAD] batch=115 done
2026-07-06 15:52:37,360 - INFO - [FB CORE TICKET UPLOAD] batch=116 paths=8000 bytes~=418463
2026-07-06 15:52:37,662 - INFO - [FB CORE TICKET UPLOAD] batch=116 done
2026-07-06 15:52:49,446 - INFO - [FB CORE TICKET UPLOAD] batch=117 paths=8000 bytes~=419485
2026-07-06 15:52:49,752 - INFO - [FB CORE TICKET UPLOAD] batch=117 done
2026-07-06 15:53:03,063 - INFO - [FB CORE TICKET UPLOAD] batch=118 paths=8000 bytes~=422677
2026-07-06 15:53:03,386 - INFO - [FB CORE TICKET UPLOAD] batch=118 done
2026-07-06 15:53:14,360 - INFO - [FB CORE TICKET UPLOAD] batch=119 paths=8000 bytes~=422161
2026-07-06 15:53:14,670 - INFO - [FB CORE TICKET UPLOAD] batch=119 done
2026-07-06 15:53:24,696 - INFO - [FB CORE TICKET UPLOAD] batch=120 paths=8000 bytes~=423811
2026-07-06 15:53:25,012 - INFO - [FB CORE TICKET UPLOAD] batch=120 done
2026-07-06 15:53:36,179 - INFO - [FB CORE TICKET UPLOAD] batch=121 paths=8000 bytes~=424564
2026-07-06 15:53:36,488 - INFO - [FB CORE TICKET UPLOAD] batch=121 done
2026-07-06 15:53:37,073 - INFO - [FB CORE TICKET UPLOAD] batch=122 paths=1090 bytes~=57646
2026-07-06 15:53:37,232 - INFO - [FB CORE TICKET UPLOAD] batch=122 done
2026-07-06 15:53:37,433 - INFO - Step 3B/9: Uploading C4C involved-party roles to Firebase, including role 40 Assign To ...
2026-07-06 15:54:48,676 - INFO - [FB C4C ROLES UPLOAD] batch=1 paths=8000 bytes~=1632165
2026-07-06 15:54:49,173 - INFO - [FB C4C ROLES UPLOAD] batch=1 done
2026-07-06 15:56:02,830 - INFO - [FB C4C ROLES UPLOAD] batch=2 paths=8000 bytes~=1628557
2026-07-06 15:56:03,242 - INFO - [FB C4C ROLES UPLOAD] batch=2 done
2026-07-06 15:57:14,683 - INFO - [FB C4C ROLES UPLOAD] batch=3 paths=8000 bytes~=1665706
2026-07-06 15:57:15,112 - INFO - [FB C4C ROLES UPLOAD] batch=3 done
2026-07-06 15:58:17,706 - INFO - [FB C4C ROLES UPLOAD] batch=4 paths=8000 bytes~=1656869
2026-07-06 15:58:18,138 - INFO - [FB C4C ROLES UPLOAD] batch=4 done
2026-07-06 15:59:18,506 - INFO - [FB C4C ROLES UPLOAD] batch=5 paths=8000 bytes~=1656002
2026-07-06 15:59:19,108 - INFO - [FB C4C ROLES UPLOAD] batch=5 done
2026-07-06 16:00:40,187 - INFO - [FB C4C ROLES UPLOAD] batch=6 paths=8000 bytes~=1673052
2026-07-06 16:00:41,730 - INFO - [FB C4C ROLES UPLOAD] batch=6 done
2026-07-06 16:01:51,023 - INFO - [FB C4C ROLES UPLOAD] batch=7 paths=8000 bytes~=1656071
2026-07-06 16:01:51,479 - INFO - [FB C4C ROLES UPLOAD] batch=7 done
2026-07-06 16:02:58,226 - INFO - [FB C4C ROLES UPLOAD] batch=8 paths=8000 bytes~=1658014
2026-07-06 16:02:58,713 - INFO - [FB C4C ROLES UPLOAD] batch=8 done
2026-07-06 16:04:09,392 - INFO - [FB C4C ROLES UPLOAD] batch=9 paths=8000 bytes~=1646642
2026-07-06 16:04:09,824 - INFO - [FB C4C ROLES UPLOAD] batch=9 done
2026-07-06 16:05:23,015 - INFO - [FB C4C ROLES UPLOAD] batch=10 paths=8000 bytes~=1632078
2026-07-06 16:05:23,459 - INFO - [FB C4C ROLES UPLOAD] batch=10 done
2026-07-06 16:06:25,445 - INFO - [FB C4C ROLES UPLOAD] batch=11 paths=8000 bytes~=1601913
2026-07-06 16:06:25,854 - INFO - [FB C4C ROLES UPLOAD] batch=11 done
2026-07-06 16:06:26,753 - INFO - [FB C4C ROLES UPLOAD] batch=12 paths=1084 bytes~=218568
2026-07-06 16:06:26,917 - INFO - [FB C4C ROLES UPLOAD] batch=12 done
2026-07-06 16:06:27,084 - INFO - Step 4/9: Uploading critical-removed metrics ...
2026-07-06 16:06:30,395 - INFO - Step 5/9: Extracting ERPFreeOrder from ALL current tickets for SAP HANA refresh ...
2026-07-06 16:06:31,389 - INFO - Changed tickets without ERPFreeOrder. Clearing old SO fields: 16757
2026-07-06 16:06:46,625 - INFO - [FB CLEAR NO ERPFreeOrder] batch=1 paths=8000 bytes~=393830
2026-07-06 16:06:47,160 - INFO - [FB CLEAR NO ERPFreeOrder] batch=1 done
2026-07-06 16:06:56,562 - INFO - [FB CLEAR NO ERPFreeOrder] batch=2 paths=8000 bytes~=393757
2026-07-06 16:06:56,958 - INFO - [FB CLEAR NO ERPFreeOrder] batch=2 done
2026-07-06 16:07:08,274 - INFO - [FB CLEAR NO ERPFreeOrder] batch=3 paths=8000 bytes~=393598
2026-07-06 16:07:08,623 - INFO - [FB CLEAR NO ERPFreeOrder] batch=3 done
2026-07-06 16:07:18,826 - INFO - [FB CLEAR NO ERPFreeOrder] batch=4 paths=8000 bytes~=393566
2026-07-06 16:07:19,197 - INFO - [FB CLEAR NO ERPFreeOrder] batch=4 done
2026-07-06 16:07:30,941 - INFO - [FB CLEAR NO ERPFreeOrder] batch=5 paths=8000 bytes~=393760
2026-07-06 16:07:31,334 - INFO - [FB CLEAR NO ERPFreeOrder] batch=5 done
2026-07-06 16:07:42,685 - INFO - [FB CLEAR NO ERPFreeOrder] batch=6 paths=8000 bytes~=393516
2026-07-06 16:07:43,038 - INFO - [FB CLEAR NO ERPFreeOrder] batch=6 done
2026-07-06 16:07:54,598 - INFO - [FB CLEAR NO ERPFreeOrder] batch=7 paths=8000 bytes~=393604
2026-07-06 16:07:55,013 - INFO - [FB CLEAR NO ERPFreeOrder] batch=7 done
2026-07-06 16:08:11,304 - INFO - [FB CLEAR NO ERPFreeOrder] batch=8 paths=8000 bytes~=393802
2026-07-06 16:08:11,671 - INFO - [FB CLEAR NO ERPFreeOrder] batch=8 done
2026-07-06 16:08:21,690 - INFO - [FB CLEAR NO ERPFreeOrder] batch=9 paths=8000 bytes~=393575
2026-07-06 16:08:22,062 - INFO - [FB CLEAR NO ERPFreeOrder] batch=9 done
2026-07-06 16:08:31,025 - INFO - [FB CLEAR NO ERPFreeOrder] batch=10 paths=8000 bytes~=393115
2026-07-06 16:08:31,393 - INFO - [FB CLEAR NO ERPFreeOrder] batch=10 done
2026-07-06 16:08:40,457 - INFO - [FB CLEAR NO ERPFreeOrder] batch=11 paths=8000 bytes~=393020
2026-07-06 16:08:40,818 - INFO - [FB CLEAR NO ERPFreeOrder] batch=11 done
2026-07-06 16:08:51,803 - INFO - [FB CLEAR NO ERPFreeOrder] batch=12 paths=8000 bytes~=388382
2026-07-06 16:08:52,182 - INFO - [FB CLEAR NO ERPFreeOrder] batch=12 done
2026-07-06 16:09:01,399 - INFO - [FB CLEAR NO ERPFreeOrder] batch=13 paths=8000 bytes~=386104
2026-07-06 16:09:01,777 - INFO - [FB CLEAR NO ERPFreeOrder] batch=13 done
2026-07-06 16:09:11,178 - INFO - [FB CLEAR NO ERPFreeOrder] batch=14 paths=8000 bytes~=385940
2026-07-06 16:09:11,555 - INFO - [FB CLEAR NO ERPFreeOrder] batch=14 done
2026-07-06 16:09:15,920 - INFO - [FB CLEAR NO ERPFreeOrder] batch=15 paths=5299 bytes~=255461
2026-07-06 16:09:16,216 - INFO - [FB CLEAR NO ERPFreeOrder] batch=15 done
2026-07-06 16:09:16,216 - INFO - Current tickets with ERPFreeOrder for HANA refresh: 15546
2026-07-06 16:09:16,216 - INFO - Step 6/9: Connecting SAP HANA and fetching SO/item data for changed tickets only ...
2026-07-06 16:09:19,269 - INFO - Total input lookup rows: 23391
2026-07-06 16:09:19,269 - INFO - Total SQL batches: 78
2026-07-06 16:09:19,269 - INFO - Running batch 1/78 with 300 lookup rows...
C:\Users\Leo.Li\Documents\GitHub\warranty\fetch_all_tickets_fast_with_firebase_MANDT800_REJECTION_FILTER.py:747: UserWarning: pandas only supports SQLAlchemy connectable (engine/connection) or database string URI or sqlite3 DBAPI2 connection. Other DBAPI2 objects are not tested. Please consider using SQLAlchemy.
  part = pd.read_sql(sql, conn)
2026-07-06 16:09:19,905 - INFO - Batch 1 returned 304 rows
2026-07-06 16:09:19,905 - INFO - Running batch 2/78 with 300 lookup rows...
2026-07-06 16:09:20,427 - INFO - Batch 2 returned 429 rows
2026-07-06 16:09:20,427 - INFO - Running batch 3/78 with 300 lookup rows...
2026-07-06 16:09:21,553 - INFO - Batch 3 returned 442 rows
2026-07-06 16:09:21,553 - INFO - Running batch 4/78 with 300 lookup rows...
2026-07-06 16:09:22,069 - INFO - Batch 4 returned 460 rows
2026-07-06 16:09:22,069 - INFO - Running batch 5/78 with 300 lookup rows...
2026-07-06 16:09:23,843 - INFO - Batch 5 returned 567 rows
2026-07-06 16:09:23,843 - INFO - Running batch 6/78 with 300 lookup rows...
2026-07-06 16:09:25,504 - INFO - Batch 6 returned 697 rows
2026-07-06 16:09:25,504 - INFO - Running batch 7/78 with 300 lookup rows...
2026-07-06 16:09:27,088 - INFO - Batch 7 returned 519 rows
2026-07-06 16:09:27,088 - INFO - Running batch 8/78 with 300 lookup rows...
2026-07-06 16:09:28,614 - INFO - Batch 8 returned 362 rows
2026-07-06 16:09:28,614 - INFO - Running batch 9/78 with 300 lookup rows...
2026-07-06 16:09:30,246 - INFO - Batch 9 returned 288 rows
2026-07-06 16:09:30,246 - INFO - Running batch 10/78 with 300 lookup rows...
2026-07-06 16:09:31,782 - INFO - Batch 10 returned 271 rows
2026-07-06 16:09:31,782 - INFO - Running batch 11/78 with 300 lookup rows...
2026-07-06 16:09:33,468 - INFO - Batch 11 returned 354 rows
2026-07-06 16:09:33,468 - INFO - Running batch 12/78 with 300 lookup rows...
2026-07-06 16:09:35,039 - INFO - Batch 12 returned 332 rows
2026-07-06 16:09:35,039 - INFO - Running batch 13/78 with 300 lookup rows...
2026-07-06 16:09:36,632 - INFO - Batch 13 returned 357 rows
2026-07-06 16:09:36,632 - INFO - Running batch 14/78 with 300 lookup rows...
2026-07-06 16:09:38,181 - INFO - Batch 14 returned 317 rows
2026-07-06 16:09:38,181 - INFO - Running batch 15/78 with 300 lookup rows...
2026-07-06 16:09:39,785 - INFO - Batch 15 returned 318 rows
2026-07-06 16:09:39,785 - INFO - Running batch 16/78 with 300 lookup rows...
2026-07-06 16:09:41,411 - INFO - Batch 16 returned 468 rows
2026-07-06 16:09:41,411 - INFO - Running batch 17/78 with 300 lookup rows...
2026-07-06 16:09:43,091 - INFO - Batch 17 returned 652 rows
2026-07-06 16:09:43,092 - INFO - Running batch 18/78 with 300 lookup rows...
2026-07-06 16:09:44,689 - INFO - Batch 18 returned 687 rows
2026-07-06 16:09:44,689 - INFO - Running batch 19/78 with 300 lookup rows...
2026-07-06 16:09:46,383 - INFO - Batch 19 returned 740 rows
2026-07-06 16:09:46,383 - INFO - Running batch 20/78 with 300 lookup rows...
2026-07-06 16:09:47,854 - INFO - Batch 20 returned 484 rows
2026-07-06 16:09:47,854 - INFO - Running batch 21/78 with 300 lookup rows...
2026-07-06 16:09:49,300 - INFO - Batch 21 returned 283 rows
2026-07-06 16:09:49,300 - INFO - Running batch 22/78 with 300 lookup rows...
2026-07-06 16:09:50,767 - INFO - Batch 22 returned 313 rows
2026-07-06 16:09:50,767 - INFO - Running batch 23/78 with 300 lookup rows...
2026-07-06 16:09:52,146 - INFO - Batch 23 returned 362 rows
2026-07-06 16:09:52,146 - INFO - Running batch 24/78 with 300 lookup rows...
2026-07-06 16:09:53,548 - INFO - Batch 24 returned 601 rows
2026-07-06 16:09:53,548 - INFO - Running batch 25/78 with 300 lookup rows...
2026-07-06 16:09:55,108 - INFO - Batch 25 returned 673 rows
2026-07-06 16:09:55,108 - INFO - Running batch 26/78 with 300 lookup rows...
2026-07-06 16:09:56,498 - INFO - Batch 26 returned 335 rows
2026-07-06 16:09:56,499 - INFO - Running batch 27/78 with 300 lookup rows...
2026-07-06 16:09:57,878 - INFO - Batch 27 returned 301 rows
2026-07-06 16:09:57,879 - INFO - Running batch 28/78 with 300 lookup rows...
2026-07-06 16:09:59,253 - INFO - Batch 28 returned 308 rows
2026-07-06 16:09:59,253 - INFO - Running batch 29/78 with 300 lookup rows...
2026-07-06 16:10:00,582 - INFO - Batch 29 returned 312 rows
2026-07-06 16:10:00,582 - INFO - Running batch 30/78 with 300 lookup rows...
2026-07-06 16:10:01,953 - INFO - Batch 30 returned 450 rows
2026-07-06 16:10:01,953 - INFO - Running batch 31/78 with 300 lookup rows...
2026-07-06 16:10:03,391 - INFO - Batch 31 returned 521 rows
2026-07-06 16:10:03,391 - INFO - Running batch 32/78 with 300 lookup rows...
2026-07-06 16:10:04,784 - INFO - Batch 32 returned 342 rows
2026-07-06 16:10:04,785 - INFO - Running batch 33/78 with 300 lookup rows...
2026-07-06 16:10:06,171 - INFO - Batch 33 returned 363 rows
2026-07-06 16:10:06,171 - INFO - Running batch 34/78 with 300 lookup rows...
2026-07-06 16:10:07,516 - INFO - Batch 34 returned 333 rows
2026-07-06 16:10:07,516 - INFO - Running batch 35/78 with 300 lookup rows...
2026-07-06 16:10:08,896 - INFO - Batch 35 returned 279 rows
2026-07-06 16:10:08,896 - INFO - Running batch 36/78 with 300 lookup rows...
2026-07-06 16:10:10,295 - INFO - Batch 36 returned 314 rows
2026-07-06 16:10:10,295 - INFO - Running batch 37/78 with 300 lookup rows...
2026-07-06 16:10:11,711 - INFO - Batch 37 returned 351 rows
2026-07-06 16:10:11,712 - INFO - Running batch 38/78 with 300 lookup rows...
2026-07-06 16:10:13,131 - INFO - Batch 38 returned 412 rows
2026-07-06 16:10:13,131 - INFO - Running batch 39/78 with 300 lookup rows...
2026-07-06 16:10:14,577 - INFO - Batch 39 returned 586 rows
2026-07-06 16:10:14,577 - INFO - Running batch 40/78 with 300 lookup rows...
2026-07-06 16:10:16,055 - INFO - Batch 40 returned 452 rows
2026-07-06 16:10:16,056 - INFO - Running batch 41/78 with 300 lookup rows...
2026-07-06 16:10:17,469 - INFO - Batch 41 returned 280 rows
2026-07-06 16:10:17,469 - INFO - Running batch 42/78 with 300 lookup rows...
2026-07-06 16:10:18,905 - INFO - Batch 42 returned 238 rows
2026-07-06 16:10:18,905 - INFO - Running batch 43/78 with 300 lookup rows...
2026-07-06 16:10:20,373 - INFO - Batch 43 returned 248 rows
2026-07-06 16:10:20,374 - INFO - Running batch 44/78 with 300 lookup rows...
2026-07-06 16:10:21,982 - INFO - Batch 44 returned 232 rows
2026-07-06 16:10:21,982 - INFO - Running batch 45/78 with 300 lookup rows...
2026-07-06 16:10:23,540 - INFO - Batch 45 returned 335 rows
2026-07-06 16:10:23,540 - INFO - Running batch 46/78 with 300 lookup rows...
2026-07-06 16:10:25,091 - INFO - Batch 46 returned 350 rows
2026-07-06 16:10:25,091 - INFO - Running batch 47/78 with 300 lookup rows...
2026-07-06 16:10:26,626 - INFO - Batch 47 returned 325 rows
2026-07-06 16:10:26,626 - INFO - Running batch 48/78 with 300 lookup rows...
2026-07-06 16:10:28,201 - INFO - Batch 48 returned 307 rows
2026-07-06 16:10:28,202 - INFO - Running batch 49/78 with 300 lookup rows...
2026-07-06 16:10:29,789 - INFO - Batch 49 returned 463 rows
2026-07-06 16:10:29,789 - INFO - Running batch 50/78 with 300 lookup rows...
2026-07-06 16:10:31,359 - INFO - Batch 50 returned 310 rows
2026-07-06 16:10:31,359 - INFO - Running batch 51/78 with 300 lookup rows...
2026-07-06 16:10:32,947 - INFO - Batch 51 returned 508 rows
2026-07-06 16:10:32,947 - INFO - Running batch 52/78 with 300 lookup rows...
2026-07-06 16:10:34,552 - INFO - Batch 52 returned 527 rows
2026-07-06 16:10:34,552 - INFO - Running batch 53/78 with 300 lookup rows...
2026-07-06 16:10:36,142 - INFO - Batch 53 returned 425 rows
2026-07-06 16:10:36,143 - INFO - Running batch 54/78 with 300 lookup rows...
2026-07-06 16:10:37,785 - INFO - Batch 54 returned 566 rows
2026-07-06 16:10:37,786 - INFO - Running batch 55/78 with 300 lookup rows...
2026-07-06 16:10:39,404 - INFO - Batch 55 returned 659 rows
2026-07-06 16:10:39,405 - INFO - Running batch 56/78 with 300 lookup rows...
2026-07-06 16:10:41,145 - INFO - Batch 56 returned 783 rows
2026-07-06 16:10:41,145 - INFO - Running batch 57/78 with 300 lookup rows...
2026-07-06 16:10:42,707 - INFO - Batch 57 returned 540 rows
2026-07-06 16:10:42,708 - INFO - Running batch 58/78 with 300 lookup rows...
2026-07-06 16:10:44,391 - INFO - Batch 58 returned 527 rows
2026-07-06 16:10:44,391 - INFO - Running batch 59/78 with 300 lookup rows...
2026-07-06 16:10:45,923 - INFO - Batch 59 returned 460 rows
2026-07-06 16:10:45,923 - INFO - Running batch 60/78 with 300 lookup rows...
2026-07-06 16:10:47,557 - INFO - Batch 60 returned 503 rows
2026-07-06 16:10:47,557 - INFO - Running batch 61/78 with 300 lookup rows...
2026-07-06 16:10:49,231 - INFO - Batch 61 returned 577 rows
2026-07-06 16:10:49,232 - INFO - Running batch 62/78 with 300 lookup rows...
2026-07-06 16:10:50,943 - INFO - Batch 62 returned 731 rows
2026-07-06 16:10:50,943 - INFO - Running batch 63/78 with 300 lookup rows...
2026-07-06 16:10:52,518 - INFO - Batch 63 returned 906 rows
2026-07-06 16:10:52,518 - INFO - Running batch 64/78 with 300 lookup rows...
2026-07-06 16:10:54,101 - INFO - Batch 64 returned 463 rows
2026-07-06 16:10:54,101 - INFO - Running batch 65/78 with 300 lookup rows...
2026-07-06 16:10:55,688 - INFO - Batch 65 returned 505 rows
2026-07-06 16:10:55,689 - INFO - Running batch 66/78 with 300 lookup rows...
2026-07-06 16:10:57,074 - INFO - Batch 66 returned 304 rows
2026-07-06 16:10:57,074 - INFO - Running batch 67/78 with 300 lookup rows...
2026-07-06 16:10:58,562 - INFO - Batch 67 returned 565 rows
2026-07-06 16:10:58,562 - INFO - Running batch 68/78 with 300 lookup rows...
2026-07-06 16:11:00,003 - INFO - Batch 68 returned 407 rows
2026-07-06 16:11:00,004 - INFO - Running batch 69/78 with 300 lookup rows...
2026-07-06 16:11:01,419 - INFO - Batch 69 returned 350 rows
2026-07-06 16:11:01,419 - INFO - Running batch 70/78 with 300 lookup rows...
2026-07-06 16:11:02,842 - INFO - Batch 70 returned 373 rows
2026-07-06 16:11:02,842 - INFO - Running batch 71/78 with 300 lookup rows...
2026-07-06 16:11:04,241 - INFO - Batch 71 returned 374 rows
2026-07-06 16:11:04,241 - INFO - Running batch 72/78 with 300 lookup rows...
2026-07-06 16:11:05,685 - INFO - Batch 72 returned 456 rows
2026-07-06 16:11:05,685 - INFO - Running batch 73/78 with 300 lookup rows...
2026-07-06 16:11:07,095 - INFO - Batch 73 returned 369 rows
2026-07-06 16:11:07,095 - INFO - Running batch 74/78 with 300 lookup rows...
2026-07-06 16:11:08,466 - INFO - Batch 74 returned 294 rows
2026-07-06 16:11:08,467 - INFO - Running batch 75/78 with 300 lookup rows...
2026-07-06 16:11:09,895 - INFO - Batch 75 returned 401 rows
2026-07-06 16:11:09,895 - INFO - Running batch 76/78 with 300 lookup rows...
2026-07-06 16:11:11,402 - INFO - Batch 76 returned 593 rows
2026-07-06 16:11:11,402 - INFO - Running batch 77/78 with 300 lookup rows...
2026-07-06 16:11:12,784 - INFO - Batch 77 returned 554 rows
2026-07-06 16:11:12,784 - INFO - Running batch 78/78 with 291 lookup rows...
2026-07-06 16:11:14,103 - INFO - Batch 78 returned 289 rows
2026-07-06 16:11:14,484 - INFO - Matched SO item rows for current ERPFreeOrder tickets: 34036
2026-07-06 16:11:14,485 - INFO - Step 7/9: Building final output for refreshed HANA tickets ...
2026-07-06 16:11:23,928 - INFO - Fetching RKPF reservation metadata batch 1/77 with 200 SOs
C:\Users\Leo.Li\Documents\GitHub\warranty\fetch_all_tickets_fast_with_firebase_MANDT800_REJECTION_FILTER.py:1477: UserWarning: pandas only supports SQLAlchemy connectable (engine/connection) or database string URI or sqlite3 DBAPI2 connection. Other DBAPI2 objects are not tested. Please consider using SQLAlchemy.
  part = pd.read_sql(sql, conn)
2026-07-06 16:11:26,056 - INFO - Fetching RKPF reservation metadata batch 2/77 with 200 SOs
C:\Users\Leo.Li\Documents\GitHub\warranty\fetch_all_tickets_fast_with_firebase_MANDT800_REJECTION_FILTER.py:1477: UserWarning: pandas only supports SQLAlchemy connectable (engine/connection) or database string URI or sqlite3 DBAPI2 connection. Other DBAPI2 objects are not tested. Please consider using SQLAlchemy.
  part = pd.read_sql(sql, conn)
2026-07-06 16:11:28,212 - INFO - Fetching RKPF reservation metadata batch 3/77 with 200 SOs
C:\Users\Leo.Li\Documents\GitHub\warranty\fetch_all_tickets_fast_with_firebase_MANDT800_REJECTION_FILTER.py:1477: UserWarning: pandas only supports SQLAlchemy connectable (engine/connection) or database string URI or sqlite3 DBAPI2 connection. Other DBAPI2 objects are not tested. Please consider using SQLAlchemy.
  part = pd.read_sql(sql, conn)
2026-07-06 16:11:30,809 - INFO - Fetching RKPF reservation metadata batch 4/77 with 200 SOs
C:\Users\Leo.Li\Documents\GitHub\warranty\fetch_all_tickets_fast_with_firebase_MANDT800_REJECTION_FILTER.py:1477: UserWarning: pandas only supports SQLAlchemy connectable (engine/connection) or database string URI or sqlite3 DBAPI2 connection. Other DBAPI2 objects are not tested. Please consider using SQLAlchemy.
  part = pd.read_sql(sql, conn)
2026-07-06 16:11:33,439 - INFO - Fetching RKPF reservation metadata batch 5/77 with 200 SOs
C:\Users\Leo.Li\Documents\GitHub\warranty\fetch_all_tickets_fast_with_firebase_MANDT800_REJECTION_FILTER.py:1477: UserWarning: pandas only supports SQLAlchemy connectable (engine/connection) or database string URI or sqlite3 DBAPI2 connection. Other DBAPI2 objects are not tested. Please consider using SQLAlchemy.
  part = pd.read_sql(sql, conn)
2026-07-06 16:11:36,021 - INFO - Fetching RKPF reservation metadata batch 6/77 with 200 SOs
C:\Users\Leo.Li\Documents\GitHub\warranty\fetch_all_tickets_fast_with_firebase_MANDT800_REJECTION_FILTER.py:1477: UserWarning: pandas only supports SQLAlchemy connectable (engine/connection) or database string URI or sqlite3 DBAPI2 connection. Other DBAPI2 objects are not tested. Please consider using SQLAlchemy.
  part = pd.read_sql(sql, conn)
2026-07-06 16:11:38,587 - INFO - Fetching RKPF reservation metadata batch 7/77 with 200 SOs
C:\Users\Leo.Li\Documents\GitHub\warranty\fetch_all_tickets_fast_with_firebase_MANDT800_REJECTION_FILTER.py:1477: UserWarning: pandas only supports SQLAlchemy connectable (engine/connection) or database string URI or sqlite3 DBAPI2 connection. Other DBAPI2 objects are not tested. Please consider using SQLAlchemy.
  part = pd.read_sql(sql, conn)
2026-07-06 16:11:41,173 - INFO - Fetching RKPF reservation metadata batch 8/77 with 200 SOs
C:\Users\Leo.Li\Documents\GitHub\warranty\fetch_all_tickets_fast_with_firebase_MANDT800_REJECTION_FILTER.py:1477: UserWarning: pandas only supports SQLAlchemy connectable (engine/connection) or database string URI or sqlite3 DBAPI2 connection. Other DBAPI2 objects are not tested. Please consider using SQLAlchemy.
  part = pd.read_sql(sql, conn)
2026-07-06 16:11:43,665 - INFO - Fetching RKPF reservation metadata batch 9/77 with 200 SOs
C:\Users\Leo.Li\Documents\GitHub\warranty\fetch_all_tickets_fast_with_firebase_MANDT800_REJECTION_FILTER.py:1477: UserWarning: pandas only supports SQLAlchemy connectable (engine/connection) or database string URI or sqlite3 DBAPI2 connection. Other DBAPI2 objects are not tested. Please consider using SQLAlchemy.
  part = pd.read_sql(sql, conn)
2026-07-06 16:11:46,140 - INFO - Fetching RKPF reservation metadata batch 10/77 with 200 SOs
C:\Users\Leo.Li\Documents\GitHub\warranty\fetch_all_tickets_fast_with_firebase_MANDT800_REJECTION_FILTER.py:1477: UserWarning: pandas only supports SQLAlchemy connectable (engine/connection) or database string URI or sqlite3 DBAPI2 connection. Other DBAPI2 objects are not tested. Please consider using SQLAlchemy.
  part = pd.read_sql(sql, conn)
2026-07-06 16:11:48,723 - INFO - Fetching RKPF reservation metadata batch 11/77 with 200 SOs
C:\Users\Leo.Li\Documents\GitHub\warranty\fetch_all_tickets_fast_with_firebase_MANDT800_REJECTION_FILTER.py:1477: UserWarning: pandas only supports SQLAlchemy connectable (engine/connection) or database string URI or sqlite3 DBAPI2 connection. Other DBAPI2 objects are not tested. Please consider using SQLAlchemy.
  part = pd.read_sql(sql, conn)
2026-07-06 16:11:51,145 - INFO - Fetching RKPF reservation metadata batch 12/77 with 200 SOs
C:\Users\Leo.Li\Documents\GitHub\warranty\fetch_all_tickets_fast_with_firebase_MANDT800_REJECTION_FILTER.py:1477: UserWarning: pandas only supports SQLAlchemy connectable (engine/connection) or database string URI or sqlite3 DBAPI2 connection. Other DBAPI2 objects are not tested. Please consider using SQLAlchemy.
  part = pd.read_sql(sql, conn)
2026-07-06 16:11:53,520 - INFO - Fetching RKPF reservation metadata batch 13/77 with 200 SOs
C:\Users\Leo.Li\Documents\GitHub\warranty\fetch_all_tickets_fast_with_firebase_MANDT800_REJECTION_FILTER.py:1477: UserWarning: pandas only supports SQLAlchemy connectable (engine/connection) or database string URI or sqlite3 DBAPI2 connection. Other DBAPI2 objects are not tested. Please consider using SQLAlchemy.
  part = pd.read_sql(sql, conn)
2026-07-06 16:11:56,007 - INFO - Fetching RKPF reservation metadata batch 14/77 with 200 SOs
C:\Users\Leo.Li\Documents\GitHub\warranty\fetch_all_tickets_fast_with_firebase_MANDT800_REJECTION_FILTER.py:1477: UserWarning: pandas only supports SQLAlchemy connectable (engine/connection) or database string URI or sqlite3 DBAPI2 connection. Other DBAPI2 objects are not tested. Please consider using SQLAlchemy.
  part = pd.read_sql(sql, conn)
2026-07-06 16:11:58,666 - INFO - Fetching RKPF reservation metadata batch 15/77 with 200 SOs
C:\Users\Leo.Li\Documents\GitHub\warranty\fetch_all_tickets_fast_with_firebase_MANDT800_REJECTION_FILTER.py:1477: UserWarning: pandas only supports SQLAlchemy connectable (engine/connection) or database string URI or sqlite3 DBAPI2 connection. Other DBAPI2 objects are not tested. Please consider using SQLAlchemy.
  part = pd.read_sql(sql, conn)
2026-07-06 16:12:01,206 - INFO - Fetching RKPF reservation metadata batch 16/77 with 200 SOs
C:\Users\Leo.Li\Documents\GitHub\warranty\fetch_all_tickets_fast_with_firebase_MANDT800_REJECTION_FILTER.py:1477: UserWarning: pandas only supports SQLAlchemy connectable (engine/connection) or database string URI or sqlite3 DBAPI2 connection. Other DBAPI2 objects are not tested. Please consider using SQLAlchemy.
  part = pd.read_sql(sql, conn)
2026-07-06 16:12:03,740 - INFO - Fetching RKPF reservation metadata batch 17/77 with 200 SOs
C:\Users\Leo.Li\Documents\GitHub\warranty\fetch_all_tickets_fast_with_firebase_MANDT800_REJECTION_FILTER.py:1477: UserWarning: pandas only supports SQLAlchemy connectable (engine/connection) or database string URI or sqlite3 DBAPI2 connection. Other DBAPI2 objects are not tested. Please consider using SQLAlchemy.
  part = pd.read_sql(sql, conn)
2026-07-06 16:12:06,052 - INFO - Fetching RKPF reservation metadata batch 18/77 with 200 SOs
C:\Users\Leo.Li\Documents\GitHub\warranty\fetch_all_tickets_fast_with_firebase_MANDT800_REJECTION_FILTER.py:1477: UserWarning: pandas only supports SQLAlchemy connectable (engine/connection) or database string URI or sqlite3 DBAPI2 connection. Other DBAPI2 objects are not tested. Please consider using SQLAlchemy.
  part = pd.read_sql(sql, conn)
2026-07-06 16:12:08,184 - INFO - Fetching RKPF reservation metadata batch 19/77 with 200 SOs
C:\Users\Leo.Li\Documents\GitHub\warranty\fetch_all_tickets_fast_with_firebase_MANDT800_REJECTION_FILTER.py:1477: UserWarning: pandas only supports SQLAlchemy connectable (engine/connection) or database string URI or sqlite3 DBAPI2 connection. Other DBAPI2 objects are not tested. Please consider using SQLAlchemy.
  part = pd.read_sql(sql, conn)
2026-07-06 16:12:10,319 - INFO - Fetching RKPF reservation metadata batch 20/77 with 200 SOs
C:\Users\Leo.Li\Documents\GitHub\warranty\fetch_all_tickets_fast_with_firebase_MANDT800_REJECTION_FILTER.py:1477: UserWarning: pandas only supports SQLAlchemy connectable (engine/connection) or database string URI or sqlite3 DBAPI2 connection. Other DBAPI2 objects are not tested. Please consider using SQLAlchemy.
  part = pd.read_sql(sql, conn)
2026-07-06 16:12:12,412 - INFO - Fetching RKPF reservation metadata batch 21/77 with 200 SOs
C:\Users\Leo.Li\Documents\GitHub\warranty\fetch_all_tickets_fast_with_firebase_MANDT800_REJECTION_FILTER.py:1477: UserWarning: pandas only supports SQLAlchemy connectable (engine/connection) or database string URI or sqlite3 DBAPI2 connection. Other DBAPI2 objects are not tested. Please consider using SQLAlchemy.
  part = pd.read_sql(sql, conn)
2026-07-06 16:12:14,562 - INFO - Fetching RKPF reservation metadata batch 22/77 with 200 SOs
C:\Users\Leo.Li\Documents\GitHub\warranty\fetch_all_tickets_fast_with_firebase_MANDT800_REJECTION_FILTER.py:1477: UserWarning: pandas only supports SQLAlchemy connectable (engine/connection) or database string URI or sqlite3 DBAPI2 connection. Other DBAPI2 objects are not tested. Please consider using SQLAlchemy.
  part = pd.read_sql(sql, conn)
2026-07-06 16:12:16,583 - INFO - Fetching RKPF reservation metadata batch 23/77 with 200 SOs
C:\Users\Leo.Li\Documents\GitHub\warranty\fetch_all_tickets_fast_with_firebase_MANDT800_REJECTION_FILTER.py:1477: UserWarning: pandas only supports SQLAlchemy connectable (engine/connection) or database string URI or sqlite3 DBAPI2 connection. Other DBAPI2 objects are not tested. Please consider using SQLAlchemy.
  part = pd.read_sql(sql, conn)
2026-07-06 16:12:18,739 - INFO - Fetching RKPF reservation metadata batch 24/77 with 200 SOs
C:\Users\Leo.Li\Documents\GitHub\warranty\fetch_all_tickets_fast_with_firebase_MANDT800_REJECTION_FILTER.py:1477: UserWarning: pandas only supports SQLAlchemy connectable (engine/connection) or database string URI or sqlite3 DBAPI2 connection. Other DBAPI2 objects are not tested. Please consider using SQLAlchemy.
  part = pd.read_sql(sql, conn)
2026-07-06 16:12:20,938 - INFO - Fetching RKPF reservation metadata batch 25/77 with 200 SOs
C:\Users\Leo.Li\Documents\GitHub\warranty\fetch_all_tickets_fast_with_firebase_MANDT800_REJECTION_FILTER.py:1477: UserWarning: pandas only supports SQLAlchemy connectable (engine/connection) or database string URI or sqlite3 DBAPI2 connection. Other DBAPI2 objects are not tested. Please consider using SQLAlchemy.
  part = pd.read_sql(sql, conn)
2026-07-06 16:12:22,975 - INFO - Fetching RKPF reservation metadata batch 26/77 with 200 SOs
C:\Users\Leo.Li\Documents\GitHub\warranty\fetch_all_tickets_fast_with_firebase_MANDT800_REJECTION_FILTER.py:1477: UserWarning: pandas only supports SQLAlchemy connectable (engine/connection) or database string URI or sqlite3 DBAPI2 connection. Other DBAPI2 objects are not tested. Please consider using SQLAlchemy.
  part = pd.read_sql(sql, conn)
2026-07-06 16:12:25,038 - INFO - Fetching RKPF reservation metadata batch 27/77 with 200 SOs
C:\Users\Leo.Li\Documents\GitHub\warranty\fetch_all_tickets_fast_with_firebase_MANDT800_REJECTION_FILTER.py:1477: UserWarning: pandas only supports SQLAlchemy connectable (engine/connection) or database string URI or sqlite3 DBAPI2 connection. Other DBAPI2 objects are not tested. Please consider using SQLAlchemy.
  part = pd.read_sql(sql, conn)
2026-07-06 16:12:27,052 - INFO - Fetching RKPF reservation metadata batch 28/77 with 200 SOs
C:\Users\Leo.Li\Documents\GitHub\warranty\fetch_all_tickets_fast_with_firebase_MANDT800_REJECTION_FILTER.py:1477: UserWarning: pandas only supports SQLAlchemy connectable (engine/connection) or database string URI or sqlite3 DBAPI2 connection. Other DBAPI2 objects are not tested. Please consider using SQLAlchemy.
  part = pd.read_sql(sql, conn)
2026-07-06 16:12:29,166 - INFO - Fetching RKPF reservation metadata batch 29/77 with 200 SOs
C:\Users\Leo.Li\Documents\GitHub\warranty\fetch_all_tickets_fast_with_firebase_MANDT800_REJECTION_FILTER.py:1477: UserWarning: pandas only supports SQLAlchemy connectable (engine/connection) or database string URI or sqlite3 DBAPI2 connection. Other DBAPI2 objects are not tested. Please consider using SQLAlchemy.
  part = pd.read_sql(sql, conn)
2026-07-06 16:12:31,206 - INFO - Fetching RKPF reservation metadata batch 30/77 with 200 SOs
C:\Users\Leo.Li\Documents\GitHub\warranty\fetch_all_tickets_fast_with_firebase_MANDT800_REJECTION_FILTER.py:1477: UserWarning: pandas only supports SQLAlchemy connectable (engine/connection) or database string URI or sqlite3 DBAPI2 connection. Other DBAPI2 objects are not tested. Please consider using SQLAlchemy.
  part = pd.read_sql(sql, conn)
2026-07-06 16:12:33,278 - INFO - Fetching RKPF reservation metadata batch 31/77 with 200 SOs
C:\Users\Leo.Li\Documents\GitHub\warranty\fetch_all_tickets_fast_with_firebase_MANDT800_REJECTION_FILTER.py:1477: UserWarning: pandas only supports SQLAlchemy connectable (engine/connection) or database string URI or sqlite3 DBAPI2 connection. Other DBAPI2 objects are not tested. Please consider using SQLAlchemy.
  part = pd.read_sql(sql, conn)
2026-07-06 16:12:35,482 - INFO - Fetching RKPF reservation metadata batch 32/77 with 200 SOs
C:\Users\Leo.Li\Documents\GitHub\warranty\fetch_all_tickets_fast_with_firebase_MANDT800_REJECTION_FILTER.py:1477: UserWarning: pandas only supports SQLAlchemy connectable (engine/connection) or database string URI or sqlite3 DBAPI2 connection. Other DBAPI2 objects are not tested. Please consider using SQLAlchemy.
  part = pd.read_sql(sql, conn)
2026-07-06 16:12:37,625 - INFO - Fetching RKPF reservation metadata batch 33/77 with 200 SOs
C:\Users\Leo.Li\Documents\GitHub\warranty\fetch_all_tickets_fast_with_firebase_MANDT800_REJECTION_FILTER.py:1477: UserWarning: pandas only supports SQLAlchemy connectable (engine/connection) or database string URI or sqlite3 DBAPI2 connection. Other DBAPI2 objects are not tested. Please consider using SQLAlchemy.
  part = pd.read_sql(sql, conn)
2026-07-06 16:12:40,168 - INFO - Fetching RKPF reservation metadata batch 34/77 with 200 SOs
C:\Users\Leo.Li\Documents\GitHub\warranty\fetch_all_tickets_fast_with_firebase_MANDT800_REJECTION_FILTER.py:1477: UserWarning: pandas only supports SQLAlchemy connectable (engine/connection) or database string URI or sqlite3 DBAPI2 connection. Other DBAPI2 objects are not tested. Please consider using SQLAlchemy.
  part = pd.read_sql(sql, conn)
2026-07-06 16:12:42,636 - INFO - Fetching RKPF reservation metadata batch 35/77 with 200 SOs
C:\Users\Leo.Li\Documents\GitHub\warranty\fetch_all_tickets_fast_with_firebase_MANDT800_REJECTION_FILTER.py:1477: UserWarning: pandas only supports SQLAlchemy connectable (engine/connection) or database string URI or sqlite3 DBAPI2 connection. Other DBAPI2 objects are not tested. Please consider using SQLAlchemy.
  part = pd.read_sql(sql, conn)
2026-07-06 16:12:45,055 - INFO - Fetching RKPF reservation metadata batch 36/77 with 200 SOs
C:\Users\Leo.Li\Documents\GitHub\warranty\fetch_all_tickets_fast_with_firebase_MANDT800_REJECTION_FILTER.py:1477: UserWarning: pandas only supports SQLAlchemy connectable (engine/connection) or database string URI or sqlite3 DBAPI2 connection. Other DBAPI2 objects are not tested. Please consider using SQLAlchemy.
  part = pd.read_sql(sql, conn)
2026-07-06 16:12:47,469 - INFO - Fetching RKPF reservation metadata batch 37/77 with 200 SOs
C:\Users\Leo.Li\Documents\GitHub\warranty\fetch_all_tickets_fast_with_firebase_MANDT800_REJECTION_FILTER.py:1477: UserWarning: pandas only supports SQLAlchemy connectable (engine/connection) or database string URI or sqlite3 DBAPI2 connection. Other DBAPI2 objects are not tested. Please consider using SQLAlchemy.
  part = pd.read_sql(sql, conn)
2026-07-06 16:12:49,779 - INFO - Fetching RKPF reservation metadata batch 38/77 with 200 SOs
C:\Users\Leo.Li\Documents\GitHub\warranty\fetch_all_tickets_fast_with_firebase_MANDT800_REJECTION_FILTER.py:1477: UserWarning: pandas only supports SQLAlchemy connectable (engine/connection) or database string URI or sqlite3 DBAPI2 connection. Other DBAPI2 objects are not tested. Please consider using SQLAlchemy.
  part = pd.read_sql(sql, conn)
2026-07-06 16:12:51,955 - INFO - Fetching RKPF reservation metadata batch 39/77 with 200 SOs
C:\Users\Leo.Li\Documents\GitHub\warranty\fetch_all_tickets_fast_with_firebase_MANDT800_REJECTION_FILTER.py:1477: UserWarning: pandas only supports SQLAlchemy connectable (engine/connection) or database string URI or sqlite3 DBAPI2 connection. Other DBAPI2 objects are not tested. Please consider using SQLAlchemy.
  part = pd.read_sql(sql, conn)
2026-07-06 16:12:54,336 - INFO - Fetching RKPF reservation metadata batch 40/77 with 200 SOs
C:\Users\Leo.Li\Documents\GitHub\warranty\fetch_all_tickets_fast_with_firebase_MANDT800_REJECTION_FILTER.py:1477: UserWarning: pandas only supports SQLAlchemy connectable (engine/connection) or database string URI or sqlite3 DBAPI2 connection. Other DBAPI2 objects are not tested. Please consider using SQLAlchemy.
  part = pd.read_sql(sql, conn)
2026-07-06 16:12:56,796 - INFO - Fetching RKPF reservation metadata batch 41/77 with 200 SOs
C:\Users\Leo.Li\Documents\GitHub\warranty\fetch_all_tickets_fast_with_firebase_MANDT800_REJECTION_FILTER.py:1477: UserWarning: pandas only supports SQLAlchemy connectable (engine/connection) or database string URI or sqlite3 DBAPI2 connection. Other DBAPI2 objects are not tested. Please consider using SQLAlchemy.
  part = pd.read_sql(sql, conn)
2026-07-06 16:12:59,286 - INFO - Fetching RKPF reservation metadata batch 42/77 with 200 SOs
C:\Users\Leo.Li\Documents\GitHub\warranty\fetch_all_tickets_fast_with_firebase_MANDT800_REJECTION_FILTER.py:1477: UserWarning: pandas only supports SQLAlchemy connectable (engine/connection) or database string URI or sqlite3 DBAPI2 connection. Other DBAPI2 objects are not tested. Please consider using SQLAlchemy.
  part = pd.read_sql(sql, conn)
2026-07-06 16:13:01,859 - INFO - Fetching RKPF reservation metadata batch 43/77 with 200 SOs
C:\Users\Leo.Li\Documents\GitHub\warranty\fetch_all_tickets_fast_with_firebase_MANDT800_REJECTION_FILTER.py:1477: UserWarning: pandas only supports SQLAlchemy connectable (engine/connection) or database string URI or sqlite3 DBAPI2 connection. Other DBAPI2 objects are not tested. Please consider using SQLAlchemy.
  part = pd.read_sql(sql, conn)
2026-07-06 16:13:04,265 - INFO - Fetching RKPF reservation metadata batch 44/77 with 200 SOs
C:\Users\Leo.Li\Documents\GitHub\warranty\fetch_all_tickets_fast_with_firebase_MANDT800_REJECTION_FILTER.py:1477: UserWarning: pandas only supports SQLAlchemy connectable (engine/connection) or database string URI or sqlite3 DBAPI2 connection. Other DBAPI2 objects are not tested. Please consider using SQLAlchemy.
  part = pd.read_sql(sql, conn)
2026-07-06 16:13:06,665 - INFO - Fetching RKPF reservation metadata batch 45/77 with 200 SOs
C:\Users\Leo.Li\Documents\GitHub\warranty\fetch_all_tickets_fast_with_firebase_MANDT800_REJECTION_FILTER.py:1477: UserWarning: pandas only supports SQLAlchemy connectable (engine/connection) or database string URI or sqlite3 DBAPI2 connection. Other DBAPI2 objects are not tested. Please consider using SQLAlchemy.
  part = pd.read_sql(sql, conn)
2026-07-06 16:13:09,145 - INFO - Fetching RKPF reservation metadata batch 46/77 with 200 SOs
C:\Users\Leo.Li\Documents\GitHub\warranty\fetch_all_tickets_fast_with_firebase_MANDT800_REJECTION_FILTER.py:1477: UserWarning: pandas only supports SQLAlchemy connectable (engine/connection) or database string URI or sqlite3 DBAPI2 connection. Other DBAPI2 objects are not tested. Please consider using SQLAlchemy.
  part = pd.read_sql(sql, conn)
2026-07-06 16:13:11,641 - INFO - Fetching RKPF reservation metadata batch 47/77 with 200 SOs
C:\Users\Leo.Li\Documents\GitHub\warranty\fetch_all_tickets_fast_with_firebase_MANDT800_REJECTION_FILTER.py:1477: UserWarning: pandas only supports SQLAlchemy connectable (engine/connection) or database string URI or sqlite3 DBAPI2 connection. Other DBAPI2 objects are not tested. Please consider using SQLAlchemy.
  part = pd.read_sql(sql, conn)
2026-07-06 16:13:13,938 - INFO - Fetching RKPF reservation metadata batch 48/77 with 200 SOs
C:\Users\Leo.Li\Documents\GitHub\warranty\fetch_all_tickets_fast_with_firebase_MANDT800_REJECTION_FILTER.py:1477: UserWarning: pandas only supports SQLAlchemy connectable (engine/connection) or database string URI or sqlite3 DBAPI2 connection. Other DBAPI2 objects are not tested. Please consider using SQLAlchemy.
  part = pd.read_sql(sql, conn)
2026-07-06 16:13:15,958 - INFO - Fetching RKPF reservation metadata batch 49/77 with 200 SOs
C:\Users\Leo.Li\Documents\GitHub\warranty\fetch_all_tickets_fast_with_firebase_MANDT800_REJECTION_FILTER.py:1477: UserWarning: pandas only supports SQLAlchemy connectable (engine/connection) or database string URI or sqlite3 DBAPI2 connection. Other DBAPI2 objects are not tested. Please consider using SQLAlchemy.
  part = pd.read_sql(sql, conn)
2026-07-06 16:13:18,067 - INFO - Fetching RKPF reservation metadata batch 50/77 with 200 SOs
C:\Users\Leo.Li\Documents\GitHub\warranty\fetch_all_tickets_fast_with_firebase_MANDT800_REJECTION_FILTER.py:1477: UserWarning: pandas only supports SQLAlchemy connectable (engine/connection) or database string URI or sqlite3 DBAPI2 connection. Other DBAPI2 objects are not tested. Please consider using SQLAlchemy.
  part = pd.read_sql(sql, conn)
2026-07-06 16:13:20,103 - INFO - Fetching RKPF reservation metadata batch 51/77 with 200 SOs
C:\Users\Leo.Li\Documents\GitHub\warranty\fetch_all_tickets_fast_with_firebase_MANDT800_REJECTION_FILTER.py:1477: UserWarning: pandas only supports SQLAlchemy connectable (engine/connection) or database string URI or sqlite3 DBAPI2 connection. Other DBAPI2 objects are not tested. Please consider using SQLAlchemy.
  part = pd.read_sql(sql, conn)
2026-07-06 16:13:22,253 - INFO - Fetching RKPF reservation metadata batch 52/77 with 200 SOs
C:\Users\Leo.Li\Documents\GitHub\warranty\fetch_all_tickets_fast_with_firebase_MANDT800_REJECTION_FILTER.py:1477: UserWarning: pandas only supports SQLAlchemy connectable (engine/connection) or database string URI or sqlite3 DBAPI2 connection. Other DBAPI2 objects are not tested. Please consider using SQLAlchemy.
  part = pd.read_sql(sql, conn)
2026-07-06 16:13:24,326 - INFO - Fetching RKPF reservation metadata batch 53/77 with 200 SOs
C:\Users\Leo.Li\Documents\GitHub\warranty\fetch_all_tickets_fast_with_firebase_MANDT800_REJECTION_FILTER.py:1477: UserWarning: pandas only supports SQLAlchemy connectable (engine/connection) or database string URI or sqlite3 DBAPI2 connection. Other DBAPI2 objects are not tested. Please consider using SQLAlchemy.
  part = pd.read_sql(sql, conn)
2026-07-06 16:13:26,342 - INFO - Fetching RKPF reservation metadata batch 54/77 with 200 SOs
C:\Users\Leo.Li\Documents\GitHub\warranty\fetch_all_tickets_fast_with_firebase_MANDT800_REJECTION_FILTER.py:1477: UserWarning: pandas only supports SQLAlchemy connectable (engine/connection) or database string URI or sqlite3 DBAPI2 connection. Other DBAPI2 objects are not tested. Please consider using SQLAlchemy.
  part = pd.read_sql(sql, conn)
2026-07-06 16:13:28,455 - INFO - Fetching RKPF reservation metadata batch 55/77 with 200 SOs
C:\Users\Leo.Li\Documents\GitHub\warranty\fetch_all_tickets_fast_with_firebase_MANDT800_REJECTION_FILTER.py:1477: UserWarning: pandas only supports SQLAlchemy connectable (engine/connection) or database string URI or sqlite3 DBAPI2 connection. Other DBAPI2 objects are not tested. Please consider using SQLAlchemy.
  part = pd.read_sql(sql, conn)
2026-07-06 16:13:30,521 - INFO - Fetching RKPF reservation metadata batch 56/77 with 200 SOs
C:\Users\Leo.Li\Documents\GitHub\warranty\fetch_all_tickets_fast_with_firebase_MANDT800_REJECTION_FILTER.py:1477: UserWarning: pandas only supports SQLAlchemy connectable (engine/connection) or database string URI or sqlite3 DBAPI2 connection. Other DBAPI2 objects are not tested. Please consider using SQLAlchemy.
  part = pd.read_sql(sql, conn)
2026-07-06 16:13:32,589 - INFO - Fetching RKPF reservation metadata batch 57/77 with 200 SOs
C:\Users\Leo.Li\Documents\GitHub\warranty\fetch_all_tickets_fast_with_firebase_MANDT800_REJECTION_FILTER.py:1477: UserWarning: pandas only supports SQLAlchemy connectable (engine/connection) or database string URI or sqlite3 DBAPI2 connection. Other DBAPI2 objects are not tested. Please consider using SQLAlchemy.
  part = pd.read_sql(sql, conn)
2026-07-06 16:13:34,663 - INFO - Fetching RKPF reservation metadata batch 58/77 with 200 SOs
C:\Users\Leo.Li\Documents\GitHub\warranty\fetch_all_tickets_fast_with_firebase_MANDT800_REJECTION_FILTER.py:1477: UserWarning: pandas only supports SQLAlchemy connectable (engine/connection) or database string URI or sqlite3 DBAPI2 connection. Other DBAPI2 objects are not tested. Please consider using SQLAlchemy.
  part = pd.read_sql(sql, conn)
2026-07-06 16:13:36,739 - INFO - Fetching RKPF reservation metadata batch 59/77 with 200 SOs
C:\Users\Leo.Li\Documents\GitHub\warranty\fetch_all_tickets_fast_with_firebase_MANDT800_REJECTION_FILTER.py:1477: UserWarning: pandas only supports SQLAlchemy connectable (engine/connection) or database string URI or sqlite3 DBAPI2 connection. Other DBAPI2 objects are not tested. Please consider using SQLAlchemy.
  part = pd.read_sql(sql, conn)
2026-07-06 16:13:38,738 - INFO - Fetching RKPF reservation metadata batch 60/77 with 200 SOs
C:\Users\Leo.Li\Documents\GitHub\warranty\fetch_all_tickets_fast_with_firebase_MANDT800_REJECTION_FILTER.py:1477: UserWarning: pandas only supports SQLAlchemy connectable (engine/connection) or database string URI or sqlite3 DBAPI2 connection. Other DBAPI2 objects are not tested. Please consider using SQLAlchemy.
  part = pd.read_sql(sql, conn)
2026-07-06 16:13:40,755 - INFO - Fetching RKPF reservation metadata batch 61/77 with 200 SOs
C:\Users\Leo.Li\Documents\GitHub\warranty\fetch_all_tickets_fast_with_firebase_MANDT800_REJECTION_FILTER.py:1477: UserWarning: pandas only supports SQLAlchemy connectable (engine/connection) or database string URI or sqlite3 DBAPI2 connection. Other DBAPI2 objects are not tested. Please consider using SQLAlchemy.
  part = pd.read_sql(sql, conn)
2026-07-06 16:13:42,882 - INFO - Fetching RKPF reservation metadata batch 62/77 with 200 SOs
C:\Users\Leo.Li\Documents\GitHub\warranty\fetch_all_tickets_fast_with_firebase_MANDT800_REJECTION_FILTER.py:1477: UserWarning: pandas only supports SQLAlchemy connectable (engine/connection) or database string URI or sqlite3 DBAPI2 connection. Other DBAPI2 objects are not tested. Please consider using SQLAlchemy.
  part = pd.read_sql(sql, conn)
2026-07-06 16:13:43,091 - INFO - Fetching RKPF reservation metadata batch 63/77 with 200 SOs
C:\Users\Leo.Li\Documents\GitHub\warranty\fetch_all_tickets_fast_with_firebase_MANDT800_REJECTION_FILTER.py:1477: UserWarning: pandas only supports SQLAlchemy connectable (engine/connection) or database string URI or sqlite3 DBAPI2 connection. Other DBAPI2 objects are not tested. Please consider using SQLAlchemy.
  part = pd.read_sql(sql, conn)
2026-07-06 16:13:43,297 - INFO - Fetching RKPF reservation metadata batch 64/77 with 200 SOs
C:\Users\Leo.Li\Documents\GitHub\warranty\fetch_all_tickets_fast_with_firebase_MANDT800_REJECTION_FILTER.py:1477: UserWarning: pandas only supports SQLAlchemy connectable (engine/connection) or database string URI or sqlite3 DBAPI2 connection. Other DBAPI2 objects are not tested. Please consider using SQLAlchemy.
  part = pd.read_sql(sql, conn)
2026-07-06 16:13:43,501 - INFO - Fetching RKPF reservation metadata batch 65/77 with 200 SOs
C:\Users\Leo.Li\Documents\GitHub\warranty\fetch_all_tickets_fast_with_firebase_MANDT800_REJECTION_FILTER.py:1477: UserWarning: pandas only supports SQLAlchemy connectable (engine/connection) or database string URI or sqlite3 DBAPI2 connection. Other DBAPI2 objects are not tested. Please consider using SQLAlchemy.
  part = pd.read_sql(sql, conn)
2026-07-06 16:13:43,708 - INFO - Fetching RKPF reservation metadata batch 66/77 with 200 SOs
C:\Users\Leo.Li\Documents\GitHub\warranty\fetch_all_tickets_fast_with_firebase_MANDT800_REJECTION_FILTER.py:1477: UserWarning: pandas only supports SQLAlchemy connectable (engine/connection) or database string URI or sqlite3 DBAPI2 connection. Other DBAPI2 objects are not tested. Please consider using SQLAlchemy.
  part = pd.read_sql(sql, conn)
2026-07-06 16:13:43,915 - INFO - Fetching RKPF reservation metadata batch 67/77 with 200 SOs
C:\Users\Leo.Li\Documents\GitHub\warranty\fetch_all_tickets_fast_with_firebase_MANDT800_REJECTION_FILTER.py:1477: UserWarning: pandas only supports SQLAlchemy connectable (engine/connection) or database string URI or sqlite3 DBAPI2 connection. Other DBAPI2 objects are not tested. Please consider using SQLAlchemy.
  part = pd.read_sql(sql, conn)
2026-07-06 16:13:44,120 - INFO - Fetching RKPF reservation metadata batch 68/77 with 200 SOs
C:\Users\Leo.Li\Documents\GitHub\warranty\fetch_all_tickets_fast_with_firebase_MANDT800_REJECTION_FILTER.py:1477: UserWarning: pandas only supports SQLAlchemy connectable (engine/connection) or database string URI or sqlite3 DBAPI2 connection. Other DBAPI2 objects are not tested. Please consider using SQLAlchemy.
  part = pd.read_sql(sql, conn)
2026-07-06 16:13:44,327 - INFO - Fetching RKPF reservation metadata batch 69/77 with 200 SOs
C:\Users\Leo.Li\Documents\GitHub\warranty\fetch_all_tickets_fast_with_firebase_MANDT800_REJECTION_FILTER.py:1477: UserWarning: pandas only supports SQLAlchemy connectable (engine/connection) or database string URI or sqlite3 DBAPI2 connection. Other DBAPI2 objects are not tested. Please consider using SQLAlchemy.
  part = pd.read_sql(sql, conn)
2026-07-06 16:13:44,533 - INFO - Fetching RKPF reservation metadata batch 70/77 with 200 SOs
C:\Users\Leo.Li\Documents\GitHub\warranty\fetch_all_tickets_fast_with_firebase_MANDT800_REJECTION_FILTER.py:1477: UserWarning: pandas only supports SQLAlchemy connectable (engine/connection) or database string URI or sqlite3 DBAPI2 connection. Other DBAPI2 objects are not tested. Please consider using SQLAlchemy.
  part = pd.read_sql(sql, conn)
2026-07-06 16:13:44,740 - INFO - Fetching RKPF reservation metadata batch 71/77 with 200 SOs
C:\Users\Leo.Li\Documents\GitHub\warranty\fetch_all_tickets_fast_with_firebase_MANDT800_REJECTION_FILTER.py:1477: UserWarning: pandas only supports SQLAlchemy connectable (engine/connection) or database string URI or sqlite3 DBAPI2 connection. Other DBAPI2 objects are not tested. Please consider using SQLAlchemy.
  part = pd.read_sql(sql, conn)
2026-07-06 16:13:44,944 - INFO - Fetching RKPF reservation metadata batch 72/77 with 200 SOs
C:\Users\Leo.Li\Documents\GitHub\warranty\fetch_all_tickets_fast_with_firebase_MANDT800_REJECTION_FILTER.py:1477: UserWarning: pandas only supports SQLAlchemy connectable (engine/connection) or database string URI or sqlite3 DBAPI2 connection. Other DBAPI2 objects are not tested. Please consider using SQLAlchemy.
  part = pd.read_sql(sql, conn)
2026-07-06 16:13:45,149 - INFO - Fetching RKPF reservation metadata batch 73/77 with 200 SOs
C:\Users\Leo.Li\Documents\GitHub\warranty\fetch_all_tickets_fast_with_firebase_MANDT800_REJECTION_FILTER.py:1477: UserWarning: pandas only supports SQLAlchemy connectable (engine/connection) or database string URI or sqlite3 DBAPI2 connection. Other DBAPI2 objects are not tested. Please consider using SQLAlchemy.
  part = pd.read_sql(sql, conn)
2026-07-06 16:13:45,356 - INFO - Fetching RKPF reservation metadata batch 74/77 with 200 SOs
C:\Users\Leo.Li\Documents\GitHub\warranty\fetch_all_tickets_fast_with_firebase_MANDT800_REJECTION_FILTER.py:1477: UserWarning: pandas only supports SQLAlchemy connectable (engine/connection) or database string URI or sqlite3 DBAPI2 connection. Other DBAPI2 objects are not tested. Please consider using SQLAlchemy.
  part = pd.read_sql(sql, conn)
2026-07-06 16:13:45,562 - INFO - Fetching RKPF reservation metadata batch 75/77 with 200 SOs
C:\Users\Leo.Li\Documents\GitHub\warranty\fetch_all_tickets_fast_with_firebase_MANDT800_REJECTION_FILTER.py:1477: UserWarning: pandas only supports SQLAlchemy connectable (engine/connection) or database string URI or sqlite3 DBAPI2 connection. Other DBAPI2 objects are not tested. Please consider using SQLAlchemy.
  part = pd.read_sql(sql, conn)
2026-07-06 16:13:45,768 - INFO - Fetching RKPF reservation metadata batch 76/77 with 200 SOs
C:\Users\Leo.Li\Documents\GitHub\warranty\fetch_all_tickets_fast_with_firebase_MANDT800_REJECTION_FILTER.py:1477: UserWarning: pandas only supports SQLAlchemy connectable (engine/connection) or database string URI or sqlite3 DBAPI2 connection. Other DBAPI2 objects are not tested. Please consider using SQLAlchemy.
  part = pd.read_sql(sql, conn)
2026-07-06 16:13:48,138 - INFO - Fetching RKPF reservation metadata batch 77/77 with 68 SOs
C:\Users\Leo.Li\Documents\GitHub\warranty\fetch_all_tickets_fast_with_firebase_MANDT800_REJECTION_FILTER.py:1477: UserWarning: pandas only supports SQLAlchemy connectable (engine/connection) or database string URI or sqlite3 DBAPI2 connection. Other DBAPI2 objects are not tested. Please consider using SQLAlchemy.
  part = pd.read_sql(sql, conn)
2026-07-06 16:13:48,988 - INFO - SAP unmatched changed tickets. Clearing old SO fields: 269
2026-07-06 16:13:49,434 - INFO - [FB CLEAR UNMATCHED SO] batch=1 paths=1883 bytes~=91513
2026-07-06 16:13:50,173 - INFO - [FB CLEAR UNMATCHED SO] batch=1 done
2026-07-06 16:13:50,208 - INFO - Fetching SAP material prices for 1315 unique materials
2026-07-06 16:13:51,019 - INFO - [3090 SO] batch 1 (500 materials)
C:\Users\Leo.Li\Documents\GitHub\warranty\sap_material_prices.py:281: UserWarning: pandas only supports SQLAlchemy connectable (engine/connection) or database string URI or sqlite3 DBAPI2 connection. Other DBAPI2 objects are not tested. Please consider using SQLAlchemy.
  df = pd.read_sql(sql, conn)
2026-07-06 16:13:51,583 - INFO - [3090 SO] batch 2 (500 materials)
C:\Users\Leo.Li\Documents\GitHub\warranty\sap_material_prices.py:281: UserWarning: pandas only supports SQLAlchemy connectable (engine/connection) or database string URI or sqlite3 DBAPI2 connection. Other DBAPI2 objects are not tested. Please consider using SQLAlchemy.
  df = pd.read_sql(sql, conn)
2026-07-06 16:13:52,172 - INFO - [3090 SO] batch 3 (315 materials)
C:\Users\Leo.Li\Documents\GitHub\warranty\sap_material_prices.py:281: UserWarning: pandas only supports SQLAlchemy connectable (engine/connection) or database string URI or sqlite3 DBAPI2 connection. Other DBAPI2 objects are not tested. Please consider using SQLAlchemy.
  df = pd.read_sql(sql, conn)
2026-07-06 16:13:52,699 - INFO - [3090 SO] found for 579 / 1315 materials
2026-07-06 16:13:52,699 - INFO - [3110 PO] batch 1 (500 materials)
C:\Users\Leo.Li\Documents\GitHub\warranty\sap_material_prices.py:281: UserWarning: pandas only supports SQLAlchemy connectable (engine/connection) or database string URI or sqlite3 DBAPI2 connection. Other DBAPI2 objects are not tested. Please consider using SQLAlchemy.
  df = pd.read_sql(sql, conn)
2026-07-06 16:13:53,279 - INFO - [3110 PO] batch 2 (500 materials)
C:\Users\Leo.Li\Documents\GitHub\warranty\sap_material_prices.py:281: UserWarning: pandas only supports SQLAlchemy connectable (engine/connection) or database string URI or sqlite3 DBAPI2 connection. Other DBAPI2 objects are not tested. Please consider using SQLAlchemy.
  df = pd.read_sql(sql, conn)
2026-07-06 16:13:53,850 - INFO - [3110 PO] batch 3 (315 materials)
C:\Users\Leo.Li\Documents\GitHub\warranty\sap_material_prices.py:281: UserWarning: pandas only supports SQLAlchemy connectable (engine/connection) or database string URI or sqlite3 DBAPI2 connection. Other DBAPI2 objects are not tested. Please consider using SQLAlchemy.
  df = pd.read_sql(sql, conn)
2026-07-06 16:13:54,395 - INFO - [3110 PO] found for 1134 / 1315 materials
2026-07-06 16:13:54,395 - INFO - [3091 PO] batch 1 (500 materials)
C:\Users\Leo.Li\Documents\GitHub\warranty\sap_material_prices.py:281: UserWarning: pandas only supports SQLAlchemy connectable (engine/connection) or database string URI or sqlite3 DBAPI2 connection. Other DBAPI2 objects are not tested. Please consider using SQLAlchemy.
  df = pd.read_sql(sql, conn)
2026-07-06 16:13:54,944 - INFO - [3091 PO] batch 2 (500 materials)
C:\Users\Leo.Li\Documents\GitHub\warranty\sap_material_prices.py:281: UserWarning: pandas only supports SQLAlchemy connectable (engine/connection) or database string URI or sqlite3 DBAPI2 connection. Other DBAPI2 objects are not tested. Please consider using SQLAlchemy.
  df = pd.read_sql(sql, conn)
2026-07-06 16:13:55,510 - INFO - [3091 PO] batch 3 (315 materials)
C:\Users\Leo.Li\Documents\GitHub\warranty\sap_material_prices.py:281: UserWarning: pandas only supports SQLAlchemy connectable (engine/connection) or database string URI or sqlite3 DBAPI2 connection. Other DBAPI2 objects are not tested. Please consider using SQLAlchemy.
  df = pd.read_sql(sql, conn)
2026-07-06 16:13:56,029 - INFO - [3091 PO] found for 639 / 1315 materials
2026-07-06 16:13:56,029 - INFO - Step 8/9: Uploading refreshed SO fields to Firebase ...
2026-07-06 16:16:16,736 - INFO - [FB SO UPLOAD] batch=1 paths=8000 bytes~=1281893
2026-07-06 16:16:17,992 - INFO - [FB SO UPLOAD] batch=1 done
2026-07-06 16:17:32,734 - INFO - [FB SO UPLOAD] batch=2 paths=8000 bytes~=1295748
2026-07-06 16:17:33,286 - INFO - [FB SO UPLOAD] batch=2 done
2026-07-06 16:18:44,404 - INFO - [FB SO UPLOAD] batch=3 paths=8000 bytes~=1324013
2026-07-06 16:18:44,889 - INFO - [FB SO UPLOAD] batch=3 done
2026-07-06 16:20:03,754 - INFO - [FB SO UPLOAD] batch=4 paths=8000 bytes~=1392370
2026-07-06 16:20:05,059 - INFO - [FB SO UPLOAD] batch=4 done
2026-07-06 16:21:27,761 - INFO - [FB SO UPLOAD] batch=5 paths=8000 bytes~=1477864
2026-07-06 16:21:29,137 - INFO - [FB SO UPLOAD] batch=5 done
2026-07-06 16:22:43,320 - INFO - [FB SO UPLOAD] batch=6 paths=8000 bytes~=1444067
2026-07-06 16:22:43,775 - INFO - [FB SO UPLOAD] batch=6 done
2026-07-06 16:24:11,467 - INFO - [FB SO UPLOAD] batch=7 paths=8000 bytes~=1571345
2026-07-06 16:24:12,893 - INFO - [FB SO UPLOAD] batch=7 done
2026-07-06 16:25:31,158 - INFO - [FB SO UPLOAD] batch=8 paths=8000 bytes~=1470249
2026-07-06 16:25:32,579 - INFO - [FB SO UPLOAD] batch=8 done
2026-07-06 16:26:46,775 - INFO - [FB SO UPLOAD] batch=9 paths=8000 bytes~=1443380
2026-07-06 16:26:47,226 - INFO - [FB SO UPLOAD] batch=9 done
2026-07-06 16:27:56,105 - INFO - [FB SO UPLOAD] batch=10 paths=8000 bytes~=1420815
2026-07-06 16:27:57,147 - INFO - [FB SO UPLOAD] batch=10 done
2026-07-06 16:29:08,646 - INFO - [FB SO UPLOAD] batch=11 paths=8000 bytes~=1353341
2026-07-06 16:29:09,061 - INFO - [FB SO UPLOAD] batch=11 done
2026-07-06 16:30:13,985 - INFO - [FB SO UPLOAD] batch=12 paths=8000 bytes~=1441616
2026-07-06 16:30:14,415 - INFO - [FB SO UPLOAD] batch=12 done
2026-07-06 16:31:06,496 - INFO - [FB SO UPLOAD] batch=13 paths=8000 bytes~=1279385
2026-07-06 16:31:06,913 - INFO - [FB SO UPLOAD] batch=13 done
2026-07-06 16:32:08,978 - INFO - [FB SO UPLOAD] batch=14 paths=8000 bytes~=1373239
2026-07-06 16:32:09,662 - INFO - [FB SO UPLOAD] batch=14 done
2026-07-06 16:33:10,661 - INFO - [FB SO UPLOAD] batch=15 paths=8000 bytes~=1362457
2026-07-06 16:33:11,156 - INFO - [FB SO UPLOAD] batch=15 done
2026-07-06 16:34:15,595 - INFO - [FB SO UPLOAD] batch=16 paths=8000 bytes~=1470997
2026-07-06 16:34:16,106 - INFO - [FB SO UPLOAD] batch=16 done
2026-07-06 16:35:27,805 - INFO - [FB SO UPLOAD] batch=17 paths=8000 bytes~=1510802
2026-07-06 16:35:28,318 - INFO - [FB SO UPLOAD] batch=17 done
2026-07-06 16:36:38,915 - INFO - [FB SO UPLOAD] batch=18 paths=8000 bytes~=1504378
2026-07-06 16:36:39,461 - INFO - [FB SO UPLOAD] batch=18 done
2026-07-06 16:37:54,841 - INFO - [FB SO UPLOAD] batch=19 paths=8000 bytes~=1579753
2026-07-06 16:37:56,315 - INFO - [FB SO UPLOAD] batch=19 done
2026-07-06 16:39:02,382 - INFO - [FB SO UPLOAD] batch=20 paths=8000 bytes~=1491054
2026-07-06 16:39:02,941 - INFO - [FB SO UPLOAD] batch=20 done
2026-07-06 16:40:03,823 - INFO - [FB SO UPLOAD] batch=21 paths=8000 bytes~=1433318
2026-07-06 16:40:04,368 - INFO - [FB SO UPLOAD] batch=21 done
2026-07-06 16:41:13,651 - INFO - [FB SO UPLOAD] batch=22 paths=8000 bytes~=1381426
2026-07-06 16:41:14,247 - INFO - [FB SO UPLOAD] batch=22 done
2026-07-06 16:42:16,710 - INFO - [FB SO UPLOAD] batch=23 paths=8000 bytes~=1313733
2026-07-06 16:42:17,390 - INFO - [FB SO UPLOAD] batch=23 done
2026-07-06 16:43:08,047 - INFO - [FB SO UPLOAD] batch=24 paths=8000 bytes~=1143786
2026-07-06 16:43:08,655 - INFO - [FB SO UPLOAD] batch=24 done
2026-07-06 16:44:06,222 - INFO - [FB SO UPLOAD] batch=25 paths=8000 bytes~=1208567
2026-07-06 16:44:06,867 - INFO - [FB SO UPLOAD] batch=25 done
2026-07-06 16:45:10,439 - INFO - [FB SO UPLOAD] batch=26 paths=8000 bytes~=1251239
2026-07-06 16:45:11,082 - INFO - [FB SO UPLOAD] batch=26 done
2026-07-06 16:46:10,534 - INFO - [FB SO UPLOAD] batch=27 paths=8000 bytes~=1236683
2026-07-06 16:46:11,176 - INFO - [FB SO UPLOAD] batch=27 done
2026-07-06 16:46:13,520 - INFO - [FB SO UPLOAD] batch=28 paths=1644 bytes~=265253
2026-07-06 16:46:13,888 - INFO - [FB SO UPLOAD] batch=28 done
2026-07-06 16:46:31,114 - INFO - Step 8B/9: Writing HANA-derived delivery-flow cost sidecar to Firebase ...
2026-07-06 16:46:31,395 - INFO - Wrote HANA cost sidecar for 2026-07-06 (totalCost=1645472.86, poTotal=1641549.2, fallbackTotal=3923.67)
2026-07-06 16:46:31,395 - INFO - Step 9/9: Updating changed ticket hash snapshot ...
2026-07-06 16:47:10,209 - INFO - [FB HASH SNAPSHOT] batch=1 paths=8000 bytes~=870374
2026-07-06 16:47:11,042 - INFO - [FB HASH SNAPSHOT] batch=1 done
2026-07-06 16:47:49,315 - INFO - [FB HASH SNAPSHOT] batch=2 paths=8000 bytes~=869589
2026-07-06 16:47:50,359 - INFO - [FB HASH SNAPSHOT] batch=2 done
2026-07-06 16:48:28,515 - INFO - [FB HASH SNAPSHOT] batch=3 paths=8000 bytes~=870765
2026-07-06 16:48:29,305 - INFO - [FB HASH SNAPSHOT] batch=3 done
2026-07-06 16:49:04,216 - INFO - [FB HASH SNAPSHOT] batch=4 paths=8000 bytes~=866746
2026-07-06 16:49:05,135 - INFO - [FB HASH SNAPSHOT] batch=4 done
2026-07-06 16:49:05,176 - INFO - [FB HASH SNAPSHOT] batch=5 paths=303 bytes~=33027
2026-07-06 16:49:05,331 - INFO - [FB HASH SNAPSHOT] batch=5 done
2026-07-06 16:49:05,331 - INFO - Excel export disabled. Firebase is the source for dashboard data.
2026-07-06 16:49:05,332 - INFO - Analytics rebuild skipped after fetch because SKIP_ANALYTICS_REBUILD_AFTER_FETCH=1.
2026-07-06 16:49:05,332 - INFO - Done. Firebase updated. Excel export is disabled by default for automation.
2026-07-06 16:49:05,332 - INFO - Total elapsed: 4842.4s
[FETCH DONE] Company fetch finished successfully.
[COMPARE] Loading current Firebase tickets ...
[C4C SAP] Using posting date index CSV: C:\Users\Leo.Li\Documents\GitHub\warranty\SAPAnalyticsReport(ZF8C06456D7698BCB54F44D).csv
[COMPARE] approvalState: newlyApproved=96, newlyUnapproved=0, correctedDetected=24
[ANALYTICS] Building pre-calculated dashboard nodes ...
[ANALYTICS DONE] employees=26, employeeCriticalTickets=457, removed=1105, dealerAnalytics=updated
[DELIVERY FLOW] Rebuilding history via delivery_flow_aggregator.py ...
2026-07-06 16:57:05,312 - INFO - Aggregating delivery flow as of 2026-07-06
2026-07-06 16:57:12,345 - INFO - Loaded HANA cost sidecar from ctmTicketStatusMonitorV44/analytics/deliveryFlow/hanaCostYtd/daily/2026-07-06
2026-07-06 16:57:12,345 - INFO - KPI: openSoItems=670 partially=203 fully=14587 avgDaysFirstIssue=18.7 oldestNotIssued=140
2026-07-06 16:57:12,345 - INFO - Cost report: year=2025 totalCost=1645472.86 purchaserTotalCost=1641549.2 totalSo=9934
2026-07-06 16:57:12,694 - INFO - Wrote delivery-flow snapshot for 2026-07-06
2026-07-06 16:57:12,922 - INFO - Wrote Nishi E03 detail payload for 2026-07-06 with 0 rows
[DELIVERY FLOW] History rebuild finished successfully.
[COMPARE DONE] tickets=32303, criticalNow=457, entered=100, moved=68, exited=174, events=342
