==================================================
CTM V44 daily 12:00 run started at Fri 19/06/2026 11:51:57.96
==================================================
[FETCH] Running company file:
C:\Users\Leo.Li\Documents\GitHub\warranty\fetch_all_tickets_fast_with_firebase_MANDT800_REJECTION_FILTER.py
2026-06-19 11:52:00,188 - INFO - Script version: MANDT800_FULLJOIN_REJECTION_FILTER
2026-06-19 11:52:00,189 - INFO - SAP HANA rule: MANDT=800 full join + exclude VBAP.ABGRU rejected items from Sales Order Details
2026-06-19 11:52:00,190 - INFO - Step 1/9: Fetching latest C4C snapshot ...
2026-06-19 11:52:00,190 - INFO - ===== START ROLE 1001 =====
2026-06-19 11:52:00,191 - INFO - ===== START ROLE 40 =====
2026-06-19 11:52:00,192 - INFO - ===== START ROLE 43 =====
2026-06-19 11:52:22,003 - INFO - [FETCH] role=43 page=1 skip=0 rows=1000
2026-06-19 11:52:24,881 - INFO - [FETCH] role=40 page=1 skip=0 rows=1000
2026-06-19 11:52:26,621 - INFO - [FETCH] role=1001 page=1 skip=0 rows=1000
2026-06-19 11:52:44,190 - INFO - [FETCH] role=43 page~=2 skip=3000 rows=1000
2026-06-19 11:52:44,238 - INFO - [FETCH] role=43 page~=3 skip=2000 rows=1000
2026-06-19 11:52:44,396 - INFO - [FETCH] role=43 page~=4 skip=12000 rows=1000
2026-06-19 11:52:45,541 - INFO - [FETCH] role=43 page~=5 skip=10000 rows=1000
2026-06-19 11:52:45,749 - INFO - [FETCH] role=43 page~=6 skip=7000 rows=1000
2026-06-19 11:52:45,941 - INFO - [FETCH] role=43 page~=7 skip=5000 rows=1000
2026-06-19 11:52:46,154 - INFO - [FETCH] role=43 page~=8 skip=1000 rows=1000
2026-06-19 11:52:46,393 - INFO - [FETCH] role=43 page~=9 skip=9000 rows=1000
2026-06-19 11:52:46,979 - INFO - [FETCH] role=43 page~=10 skip=6000 rows=1000
2026-06-19 11:52:48,420 - INFO - [FETCH] role=43 page~=11 skip=8000 rows=1000
2026-06-19 11:52:49,976 - INFO - [FETCH] role=43 page~=12 skip=11000 rows=1000
2026-06-19 11:52:50,363 - INFO - [FETCH] role=40 page~=2 skip=3000 rows=1000
2026-06-19 11:52:50,458 - INFO - [FETCH] role=40 page~=3 skip=4000 rows=1000
2026-06-19 11:52:50,561 - INFO - [FETCH] role=40 page~=4 skip=1000 rows=1000
2026-06-19 11:52:50,768 - INFO - [FETCH] role=40 page~=5 skip=6000 rows=1000
2026-06-19 11:52:50,935 - INFO - [FETCH] role=40 page~=6 skip=10000 rows=1000
2026-06-19 11:52:51,464 - INFO - [FETCH] role=40 page~=7 skip=12000 rows=1000
2026-06-19 11:52:51,490 - INFO - [FETCH] role=40 page~=8 skip=8000 rows=1000
2026-06-19 11:52:51,711 - INFO - [FETCH] role=40 page~=9 skip=2000 rows=1000
2026-06-19 11:52:52,032 - INFO - [FETCH] role=40 page~=10 skip=7000 rows=1000
2026-06-19 11:52:52,043 - INFO - [FETCH] role=43 page~=13 skip=4000 rows=1000
2026-06-19 11:52:53,822 - INFO - [FETCH] role=40 page~=11 skip=5000 rows=1000
2026-06-19 11:52:54,729 - INFO - [FETCH] role=1001 page~=2 skip=6000 rows=1000
2026-06-19 11:52:55,216 - INFO - [FETCH] role=40 page~=12 skip=11000 rows=1000
2026-06-19 11:52:55,331 - INFO - [FETCH] role=1001 page~=3 skip=5000 rows=1000
2026-06-19 11:52:55,821 - INFO - [FETCH] role=1001 page~=4 skip=3000 rows=1000
2026-06-19 11:52:55,886 - INFO - [FETCH] role=1001 page~=5 skip=4000 rows=1000
2026-06-19 11:52:56,611 - INFO - [FETCH] role=1001 page~=6 skip=7000 rows=1000
2026-06-19 11:52:56,751 - INFO - [FETCH] role=1001 page~=7 skip=11000 rows=1000
2026-06-19 11:52:58,098 - INFO - [FETCH] role=1001 page~=8 skip=2000 rows=1000
2026-06-19 11:52:58,739 - INFO - [FETCH] role=1001 page~=9 skip=9000 rows=1000
2026-06-19 11:52:59,673 - INFO - [FETCH] role=1001 page~=10 skip=12000 rows=1000
2026-06-19 11:53:00,279 - INFO - [FETCH] role=1001 page~=11 skip=8000 rows=1000
2026-06-19 11:53:00,660 - INFO - [FETCH] role=1001 page~=12 skip=1000 rows=1000
2026-06-19 11:53:02,361 - INFO - [FETCH] role=40 page~=13 skip=9000 rows=1000
2026-06-19 11:53:02,817 - INFO - [FETCH] role=43 page~=14 skip=14000 rows=1000
2026-06-19 11:53:03,545 - INFO - [FETCH] role=43 page~=15 skip=13000 rows=1000
2026-06-19 11:53:04,136 - INFO - [FETCH] role=43 page~=16 skip=15000 rows=1000
2026-06-19 11:53:04,504 - INFO - [FETCH] role=1001 page~=13 skip=10000 rows=1000
2026-06-19 11:53:04,757 - INFO - [FETCH] role=43 page~=17 skip=17000 rows=1000
2026-06-19 11:53:05,753 - INFO - [FETCH] role=43 page~=18 skip=18000 rows=1000
2026-06-19 11:53:06,623 - INFO - [FETCH] role=43 page~=19 skip=16000 rows=1000
2026-06-19 11:53:07,280 - INFO - [FETCH] role=43 page~=20 skip=19000 rows=1000
2026-06-19 11:53:08,099 - INFO - [FETCH] role=43 page~=21 skip=20000 rows=1000
2026-06-19 11:53:08,773 - INFO - [FETCH] role=43 page~=22 skip=21000 rows=1000
2026-06-19 11:53:11,044 - INFO - [FETCH] role=43 page~=23 skip=22000 rows=1000
2026-06-19 11:53:12,965 - INFO - [FETCH] role=40 page~=14 skip=14000 rows=1000
2026-06-19 11:53:14,345 - INFO - [FETCH] role=40 page~=15 skip=13000 rows=1000
2026-06-19 11:53:14,408 - INFO - [FETCH] role=40 page~=16 skip=19000 rows=1000
2026-06-19 11:53:14,602 - INFO - [FETCH] role=40 page~=17 skip=18000 rows=1000
2026-06-19 11:53:14,683 - INFO - [FETCH] role=40 page~=18 skip=16000 rows=1000
2026-06-19 11:53:14,823 - INFO - [FETCH] role=40 page~=19 skip=15000 rows=1000
2026-06-19 11:53:15,052 - INFO - [FETCH] role=40 page~=20 skip=17000 rows=1000
2026-06-19 11:53:15,401 - INFO - [FETCH] role=40 page~=21 skip=21000 rows=1000
2026-06-19 11:53:15,733 - INFO - [FETCH] role=43 page~=24 skip=23000 rows=1000
2026-06-19 11:53:16,369 - INFO - [FETCH] role=40 page~=22 skip=20000 rows=1000
2026-06-19 11:53:17,568 - INFO - [FETCH] role=43 page~=25 skip=24000 rows=761
2026-06-19 11:53:17,969 - INFO - [FETCH] role=40 page~=23 skip=22000 rows=1000
2026-06-19 11:53:19,453 - INFO - [FETCH] role=1001 page~=14 skip=15000 rows=1000
2026-06-19 11:53:19,563 - INFO - [FETCH] role=1001 page~=15 skip=13000 rows=1000
2026-06-19 11:53:21,276 - INFO - [FETCH] role=1001 page~=16 skip=14000 rows=1000
2026-06-19 11:53:21,504 - INFO - [FETCH] role=1001 page~=17 skip=16000 rows=1000
2026-06-19 11:53:21,531 - INFO - [FETCH] role=40 page~=24 skip=23000 rows=1000
2026-06-19 11:53:21,559 - INFO - [FETCH] role=1001 page~=18 skip=18000 rows=1000
2026-06-19 11:53:22,704 - INFO - [FETCH] role=1001 page~=19 skip=17000 rows=1000
2026-06-19 11:53:28,058 - INFO - [FETCH] role=1001 page~=20 skip=23000 rows=1000
2026-06-19 11:53:28,773 - INFO - [FETCH] role=1001 page~=21 skip=20000 rows=1000
2026-06-19 11:53:28,993 - INFO - [FETCH] role=1001 page~=22 skip=19000 rows=1000
2026-06-19 11:53:31,341 - INFO - [FETCH] role=1001 page~=23 skip=22000 rows=1000
2026-06-19 11:53:31,768 - INFO - [FETCH] role=1001 page~=24 skip=21000 rows=1000
2026-06-19 11:53:34,573 - INFO - [FETCH] role=43 tail_probe=1 skip=25000 rows=0
2026-06-19 11:53:34,573 - INFO - ===== END ROLE 43 rows=24761 elapsed=94.4s =====
2026-06-19 11:53:35,057 - INFO - [ROLE MERGED] role=43 rows=24761 total_rows=24761 unique_tickets=24760
2026-06-19 11:53:36,222 - INFO - [FETCH] role=40 page~=25 skip=27000 rows=1000
2026-06-19 11:53:36,388 - INFO - [FETCH] role=40 page~=26 skip=28000 rows=1000
2026-06-19 11:53:37,527 - INFO - [FETCH] role=40 page~=27 skip=31000 rows=801
2026-06-19 11:53:37,544 - INFO - [FETCH] role=40 page~=28 skip=25000 rows=1000
2026-06-19 11:53:38,275 - INFO - [FETCH] role=1001 page~=25 skip=24000 rows=1000
2026-06-19 11:53:38,295 - INFO - [FETCH] role=40 page~=29 skip=26000 rows=1000
2026-06-19 11:53:38,395 - INFO - [FETCH] role=40 page~=30 skip=30000 rows=1000
2026-06-19 11:53:39,244 - INFO - [FETCH] role=40 page~=31 skip=29000 rows=1000
2026-06-19 11:53:41,572 - INFO - [FETCH] role=40 page~=32 skip=24000 rows=1000
2026-06-19 11:53:42,683 - INFO - [FETCH] role=1001 page~=26 skip=25000 rows=1000
2026-06-19 11:53:44,071 - INFO - [FETCH] role=1001 page~=27 skip=26000 rows=1000
2026-06-19 11:53:45,579 - INFO - [FETCH] role=1001 page~=28 skip=27000 rows=1000
2026-06-19 11:53:45,626 - INFO - [FETCH] role=1001 page~=29 skip=30000 rows=985
2026-06-19 11:53:46,315 - INFO - [FETCH] role=1001 page~=30 skip=28000 rows=1000
2026-06-19 11:53:46,651 - INFO - [FETCH] role=1001 page~=31 skip=29000 rows=1000
2026-06-19 11:54:02,126 - INFO - [FETCH] role=40 tail_probe=1 skip=32000 rows=0
2026-06-19 11:54:02,126 - INFO - ===== END ROLE 40 rows=31801 elapsed=121.9s =====
2026-06-19 11:54:02,546 - INFO - [ROLE MERGED] role=40 rows=31801 total_rows=56562 unique_tickets=31801
2026-06-19 11:54:09,300 - INFO - [FETCH] role=1001 tail_probe=1 skip=31000 rows=0
2026-06-19 11:54:09,300 - INFO - ===== END ROLE 1001 rows=30985 elapsed=129.1s =====
2026-06-19 11:54:09,741 - INFO - [ROLE MERGED] role=1001 rows=30985 total_rows=87547 unique_tickets=31802
2026-06-19 11:54:09,808 - INFO - C4C total API rows processed: 87547
2026-06-19 11:54:09,808 - INFO - C4C total unique TicketIDs: 31802
2026-06-19 11:54:09,808 - INFO - Step 2/9: Initializing Firebase and loading previous sync snapshot ...
2026-06-19 11:54:11,791 - INFO - Previous synced TicketIDs in hash snapshot: 31746
2026-06-19 11:54:11,792 - INFO - Step 3/9: Detecting changed/deleted tickets ...
2026-06-19 11:54:13,168 - INFO - Changed tickets: 1900
2026-06-19 11:54:13,168 - INFO - Deleted tickets: 0
2026-06-19 11:54:13,168 - INFO - Step 3A/9: Uploading changed C4C core ticket fields to Firebase ...
2026-06-19 11:54:19,679 - INFO - [FB CORE TICKET UPLOAD] batch=1 paths=8000 bytes~=428409
2026-06-19 11:54:20,469 - INFO - [FB CORE TICKET UPLOAD] batch=1 done
2026-06-19 11:54:26,791 - INFO - [FB CORE TICKET UPLOAD] batch=2 paths=8000 bytes~=424532
2026-06-19 11:54:27,269 - INFO - [FB CORE TICKET UPLOAD] batch=2 done
2026-06-19 11:54:33,621 - INFO - [FB CORE TICKET UPLOAD] batch=3 paths=8000 bytes~=418101
2026-06-19 11:54:34,023 - INFO - [FB CORE TICKET UPLOAD] batch=3 done
2026-06-19 11:54:42,524 - INFO - [FB CORE TICKET UPLOAD] batch=4 paths=8000 bytes~=425361
2026-06-19 11:54:42,931 - INFO - [FB CORE TICKET UPLOAD] batch=4 done
2026-06-19 11:54:49,858 - INFO - [FB CORE TICKET UPLOAD] batch=5 paths=8000 bytes~=428729
2026-06-19 11:54:50,258 - INFO - [FB CORE TICKET UPLOAD] batch=5 done
2026-06-19 11:54:56,781 - INFO - [FB CORE TICKET UPLOAD] batch=6 paths=8000 bytes~=417140
2026-06-19 11:54:57,179 - INFO - [FB CORE TICKET UPLOAD] batch=6 done
2026-06-19 11:54:58,283 - INFO - [FB CORE TICKET UPLOAD] batch=7 paths=3300 bytes~=171792
2026-06-19 11:54:58,574 - INFO - [FB CORE TICKET UPLOAD] batch=7 done
2026-06-19 11:54:58,726 - INFO - Step 3B/9: Uploading C4C involved-party roles to Firebase, including role 40 Assign To ...
2026-06-19 11:55:39,365 - INFO - [FB C4C ROLES UPLOAD] batch=1 paths=8000 bytes~=1631164
2026-06-19 11:55:39,866 - INFO - [FB C4C ROLES UPLOAD] batch=1 done
2026-06-19 11:56:17,111 - INFO - [FB C4C ROLES UPLOAD] batch=2 paths=8000 bytes~=1629657
2026-06-19 11:56:17,495 - INFO - [FB C4C ROLES UPLOAD] batch=2 done
2026-06-19 11:56:52,956 - INFO - [FB C4C ROLES UPLOAD] batch=3 paths=8000 bytes~=1669450
2026-06-19 11:56:53,353 - INFO - [FB C4C ROLES UPLOAD] batch=3 done
2026-06-19 11:57:27,547 - INFO - [FB C4C ROLES UPLOAD] batch=4 paths=8000 bytes~=1654822
2026-06-19 11:57:27,935 - INFO - [FB C4C ROLES UPLOAD] batch=4 done
2026-06-19 11:58:02,241 - INFO - [FB C4C ROLES UPLOAD] batch=5 paths=8000 bytes~=1657656
2026-06-19 11:58:02,776 - INFO - [FB C4C ROLES UPLOAD] batch=5 done
2026-06-19 11:58:48,148 - INFO - [FB C4C ROLES UPLOAD] batch=6 paths=8000 bytes~=1669844
2026-06-19 11:58:48,666 - INFO - [FB C4C ROLES UPLOAD] batch=6 done
2026-06-19 11:59:28,731 - INFO - [FB C4C ROLES UPLOAD] batch=7 paths=8000 bytes~=1657493
2026-06-19 11:59:29,254 - INFO - [FB C4C ROLES UPLOAD] batch=7 done
2026-06-19 12:00:06,113 - INFO - [FB C4C ROLES UPLOAD] batch=8 paths=8000 bytes~=1656579
2026-06-19 12:00:06,643 - INFO - [FB C4C ROLES UPLOAD] batch=8 done
2026-06-19 12:00:45,684 - INFO - [FB C4C ROLES UPLOAD] batch=9 paths=8000 bytes~=1650287
2026-06-19 12:00:46,223 - INFO - [FB C4C ROLES UPLOAD] batch=9 done
2026-06-19 12:01:30,034 - INFO - [FB C4C ROLES UPLOAD] batch=10 paths=8000 bytes~=1617288
2026-06-19 12:01:30,588 - INFO - [FB C4C ROLES UPLOAD] batch=10 done
2026-06-19 12:02:00,783 - INFO - [FB C4C ROLES UPLOAD] batch=11 paths=7545 bytes~=1512422
2026-06-19 12:02:01,366 - INFO - [FB C4C ROLES UPLOAD] batch=11 done
2026-06-19 12:02:01,507 - INFO - Step 4/9: Uploading critical-removed metrics ...
2026-06-19 12:02:03,628 - INFO - Step 5/9: Extracting ERPFreeOrder from ALL current tickets for SAP HANA refresh ...
2026-06-19 12:02:04,273 - INFO - Changed tickets without ERPFreeOrder. Clearing old SO fields: 877
2026-06-19 12:02:06,981 - INFO - [FB CLEAR NO ERPFreeOrder] batch=1 paths=5262 bytes~=262399
2026-06-19 12:02:07,612 - INFO - [FB CLEAR NO ERPFreeOrder] batch=1 done
2026-06-19 12:02:07,613 - INFO - Current tickets with ERPFreeOrder for HANA refresh: 15166
2026-06-19 12:02:07,613 - INFO - Step 6/9: Connecting SAP HANA and fetching SO/item data for changed tickets only ...
2026-06-19 12:02:10,499 - INFO - Total input lookup rows: 23013
2026-06-19 12:02:10,499 - INFO - Total SQL batches: 77
2026-06-19 12:02:10,499 - INFO - Running batch 1/77 with 300 lookup rows...
C:\Users\Leo.Li\Documents\GitHub\warranty\fetch_all_tickets_fast_with_firebase_MANDT800_REJECTION_FILTER.py:720: UserWarning: pandas only supports SQLAlchemy connectable (engine/connection) or database string URI or sqlite3 DBAPI2 connection. Other DBAPI2 objects are not tested. Please consider using SQLAlchemy.
  part = pd.read_sql(sql, conn)
2026-06-19 12:02:11,059 - INFO - Batch 1 returned 278 rows
2026-06-19 12:02:11,059 - INFO - Running batch 2/77 with 300 lookup rows...
2026-06-19 12:02:11,510 - INFO - Batch 2 returned 316 rows
2026-06-19 12:02:11,510 - INFO - Running batch 3/77 with 300 lookup rows...
2026-06-19 12:02:11,983 - INFO - Batch 3 returned 376 rows
2026-06-19 12:02:11,983 - INFO - Running batch 4/77 with 300 lookup rows...
2026-06-19 12:02:12,447 - INFO - Batch 4 returned 422 rows
2026-06-19 12:02:12,448 - INFO - Running batch 5/77 with 300 lookup rows...
2026-06-19 12:02:12,943 - INFO - Batch 5 returned 677 rows
2026-06-19 12:02:12,943 - INFO - Running batch 6/77 with 300 lookup rows...
2026-06-19 12:02:14,240 - INFO - Batch 6 returned 897 rows
2026-06-19 12:02:14,240 - INFO - Running batch 7/77 with 300 lookup rows...
2026-06-19 12:02:15,468 - INFO - Batch 7 returned 357 rows
2026-06-19 12:02:15,468 - INFO - Running batch 8/77 with 300 lookup rows...
2026-06-19 12:02:16,698 - INFO - Batch 8 returned 299 rows
2026-06-19 12:02:16,698 - INFO - Running batch 9/77 with 300 lookup rows...
2026-06-19 12:02:17,918 - INFO - Batch 9 returned 321 rows
2026-06-19 12:02:17,918 - INFO - Running batch 10/77 with 300 lookup rows...
2026-06-19 12:02:19,145 - INFO - Batch 10 returned 319 rows
2026-06-19 12:02:19,145 - INFO - Running batch 11/77 with 300 lookup rows...
2026-06-19 12:02:20,339 - INFO - Batch 11 returned 286 rows
2026-06-19 12:02:20,339 - INFO - Running batch 12/77 with 300 lookup rows...
2026-06-19 12:02:21,537 - INFO - Batch 12 returned 351 rows
2026-06-19 12:02:21,537 - INFO - Running batch 13/77 with 300 lookup rows...
2026-06-19 12:02:22,744 - INFO - Batch 13 returned 346 rows
2026-06-19 12:02:22,744 - INFO - Running batch 14/77 with 300 lookup rows...
2026-06-19 12:02:23,940 - INFO - Batch 14 returned 381 rows
2026-06-19 12:02:23,941 - INFO - Running batch 15/77 with 300 lookup rows...
2026-06-19 12:02:25,144 - INFO - Batch 15 returned 381 rows
2026-06-19 12:02:25,144 - INFO - Running batch 16/77 with 300 lookup rows...
2026-06-19 12:02:26,370 - INFO - Batch 16 returned 461 rows
2026-06-19 12:02:26,371 - INFO - Running batch 17/77 with 300 lookup rows...
2026-06-19 12:02:27,623 - INFO - Batch 17 returned 744 rows
2026-06-19 12:02:27,623 - INFO - Running batch 18/77 with 300 lookup rows...
2026-06-19 12:02:28,865 - INFO - Batch 18 returned 689 rows
2026-06-19 12:02:28,865 - INFO - Running batch 19/77 with 300 lookup rows...
2026-06-19 12:02:30,280 - INFO - Batch 19 returned 666 rows
2026-06-19 12:02:30,280 - INFO - Running batch 20/77 with 300 lookup rows...
2026-06-19 12:02:31,462 - INFO - Batch 20 returned 269 rows
2026-06-19 12:02:31,462 - INFO - Running batch 21/77 with 300 lookup rows...
2026-06-19 12:02:32,646 - INFO - Batch 21 returned 267 rows
2026-06-19 12:02:32,646 - INFO - Running batch 22/77 with 300 lookup rows...
2026-06-19 12:02:33,869 - INFO - Batch 22 returned 243 rows
2026-06-19 12:02:33,869 - INFO - Running batch 23/77 with 300 lookup rows...
2026-06-19 12:02:35,131 - INFO - Batch 23 returned 569 rows
2026-06-19 12:02:35,131 - INFO - Running batch 24/77 with 300 lookup rows...
2026-06-19 12:02:36,454 - INFO - Batch 24 returned 675 rows
2026-06-19 12:02:36,455 - INFO - Running batch 25/77 with 300 lookup rows...
2026-06-19 12:02:37,682 - INFO - Batch 25 returned 456 rows
2026-06-19 12:02:37,682 - INFO - Running batch 26/77 with 300 lookup rows...
2026-06-19 12:02:38,891 - INFO - Batch 26 returned 317 rows
2026-06-19 12:02:38,892 - INFO - Running batch 27/77 with 300 lookup rows...
2026-06-19 12:02:40,131 - INFO - Batch 27 returned 289 rows
2026-06-19 12:02:40,131 - INFO - Running batch 28/77 with 300 lookup rows...
2026-06-19 12:02:41,333 - INFO - Batch 28 returned 328 rows
2026-06-19 12:02:41,333 - INFO - Running batch 29/77 with 300 lookup rows...
2026-06-19 12:02:42,537 - INFO - Batch 29 returned 334 rows
2026-06-19 12:02:42,537 - INFO - Running batch 30/77 with 300 lookup rows...
2026-06-19 12:02:43,787 - INFO - Batch 30 returned 614 rows
2026-06-19 12:02:43,787 - INFO - Running batch 31/77 with 300 lookup rows...
2026-06-19 12:02:45,026 - INFO - Batch 31 returned 383 rows
2026-06-19 12:02:45,026 - INFO - Running batch 32/77 with 300 lookup rows...
2026-06-19 12:02:46,432 - INFO - Batch 32 returned 351 rows
2026-06-19 12:02:46,432 - INFO - Running batch 33/77 with 300 lookup rows...
2026-06-19 12:02:47,820 - INFO - Batch 33 returned 325 rows
2026-06-19 12:02:47,820 - INFO - Running batch 34/77 with 300 lookup rows...
2026-06-19 12:02:49,236 - INFO - Batch 34 returned 290 rows
2026-06-19 12:02:49,236 - INFO - Running batch 35/77 with 300 lookup rows...
2026-06-19 12:02:50,564 - INFO - Batch 35 returned 270 rows
2026-06-19 12:02:50,564 - INFO - Running batch 36/77 with 300 lookup rows...
2026-06-19 12:02:51,837 - INFO - Batch 36 returned 327 rows
2026-06-19 12:02:51,837 - INFO - Running batch 37/77 with 300 lookup rows...
2026-06-19 12:02:53,128 - INFO - Batch 37 returned 372 rows
2026-06-19 12:02:53,128 - INFO - Running batch 38/77 with 300 lookup rows...
2026-06-19 12:02:54,443 - INFO - Batch 38 returned 503 rows
2026-06-19 12:02:54,443 - INFO - Running batch 39/77 with 300 lookup rows...
2026-06-19 12:02:55,817 - INFO - Batch 39 returned 608 rows
2026-06-19 12:02:55,817 - INFO - Running batch 40/77 with 300 lookup rows...
2026-06-19 12:02:57,242 - INFO - Batch 40 returned 330 rows
2026-06-19 12:02:57,242 - INFO - Running batch 41/77 with 300 lookup rows...
2026-06-19 12:02:58,612 - INFO - Batch 41 returned 194 rows
2026-06-19 12:02:58,613 - INFO - Running batch 42/77 with 300 lookup rows...
2026-06-19 12:03:00,006 - INFO - Batch 42 returned 242 rows
2026-06-19 12:03:00,006 - INFO - Running batch 43/77 with 300 lookup rows...
2026-06-19 12:03:01,390 - INFO - Batch 43 returned 263 rows
2026-06-19 12:03:01,390 - INFO - Running batch 44/77 with 300 lookup rows...
2026-06-19 12:03:02,763 - INFO - Batch 44 returned 284 rows
2026-06-19 12:03:02,763 - INFO - Running batch 45/77 with 300 lookup rows...
2026-06-19 12:03:04,108 - INFO - Batch 45 returned 254 rows
2026-06-19 12:03:04,108 - INFO - Running batch 46/77 with 300 lookup rows...
2026-06-19 12:03:05,432 - INFO - Batch 46 returned 307 rows
2026-06-19 12:03:05,433 - INFO - Running batch 47/77 with 300 lookup rows...
2026-06-19 12:03:06,826 - INFO - Batch 47 returned 429 rows
2026-06-19 12:03:06,826 - INFO - Running batch 48/77 with 300 lookup rows...
2026-06-19 12:03:08,198 - INFO - Batch 48 returned 477 rows
2026-06-19 12:03:08,198 - INFO - Running batch 49/77 with 300 lookup rows...
2026-06-19 12:03:09,576 - INFO - Batch 49 returned 257 rows
2026-06-19 12:03:09,576 - INFO - Running batch 50/77 with 300 lookup rows...
2026-06-19 12:03:10,925 - INFO - Batch 50 returned 338 rows
2026-06-19 12:03:10,925 - INFO - Running batch 51/77 with 300 lookup rows...
2026-06-19 12:03:12,339 - INFO - Batch 51 returned 563 rows
2026-06-19 12:03:12,339 - INFO - Running batch 52/77 with 300 lookup rows...
2026-06-19 12:03:13,756 - INFO - Batch 52 returned 495 rows
2026-06-19 12:03:13,757 - INFO - Running batch 53/77 with 300 lookup rows...
2026-06-19 12:03:15,139 - INFO - Batch 53 returned 616 rows
2026-06-19 12:03:15,139 - INFO - Running batch 54/77 with 300 lookup rows...
2026-06-19 12:03:16,601 - INFO - Batch 54 returned 716 rows
2026-06-19 12:03:16,601 - INFO - Running batch 55/77 with 300 lookup rows...
2026-06-19 12:03:18,010 - INFO - Batch 55 returned 647 rows
2026-06-19 12:03:18,010 - INFO - Running batch 56/77 with 300 lookup rows...
2026-06-19 12:03:19,420 - INFO - Batch 56 returned 529 rows
2026-06-19 12:03:19,420 - INFO - Running batch 57/77 with 300 lookup rows...
2026-06-19 12:03:20,786 - INFO - Batch 57 returned 437 rows
2026-06-19 12:03:20,786 - INFO - Running batch 58/77 with 300 lookup rows...
2026-06-19 12:03:22,042 - INFO - Batch 58 returned 510 rows
2026-06-19 12:03:22,043 - INFO - Running batch 59/77 with 300 lookup rows...
2026-06-19 12:03:23,247 - INFO - Batch 59 returned 389 rows
2026-06-19 12:03:23,247 - INFO - Running batch 60/77 with 300 lookup rows...
2026-06-19 12:03:24,478 - INFO - Batch 60 returned 668 rows
2026-06-19 12:03:24,478 - INFO - Running batch 61/77 with 300 lookup rows...
2026-06-19 12:03:25,788 - INFO - Batch 61 returned 916 rows
2026-06-19 12:03:25,788 - INFO - Running batch 62/77 with 300 lookup rows...
2026-06-19 12:03:27,054 - INFO - Batch 62 returned 834 rows
2026-06-19 12:03:27,054 - INFO - Running batch 63/77 with 300 lookup rows...
2026-06-19 12:03:28,267 - INFO - Batch 63 returned 362 rows
2026-06-19 12:03:28,268 - INFO - Running batch 64/77 with 300 lookup rows...
2026-06-19 12:03:29,478 - INFO - Batch 64 returned 485 rows
2026-06-19 12:03:29,478 - INFO - Running batch 65/77 with 300 lookup rows...
2026-06-19 12:03:30,655 - INFO - Batch 65 returned 305 rows
2026-06-19 12:03:30,655 - INFO - Running batch 66/77 with 300 lookup rows...
2026-06-19 12:03:31,882 - INFO - Batch 66 returned 568 rows
2026-06-19 12:03:31,882 - INFO - Running batch 67/77 with 300 lookup rows...
2026-06-19 12:03:33,069 - INFO - Batch 67 returned 403 rows
2026-06-19 12:03:33,069 - INFO - Running batch 68/77 with 300 lookup rows...
2026-06-19 12:03:34,253 - INFO - Batch 68 returned 322 rows
2026-06-19 12:03:34,254 - INFO - Running batch 69/77 with 300 lookup rows...
2026-06-19 12:03:35,454 - INFO - Batch 69 returned 349 rows
2026-06-19 12:03:35,454 - INFO - Running batch 70/77 with 300 lookup rows...
2026-06-19 12:03:36,638 - INFO - Batch 70 returned 357 rows
2026-06-19 12:03:36,638 - INFO - Running batch 71/77 with 300 lookup rows...
2026-06-19 12:03:37,866 - INFO - Batch 71 returned 526 rows
2026-06-19 12:03:37,866 - INFO - Running batch 72/77 with 300 lookup rows...
2026-06-19 12:03:39,046 - INFO - Batch 72 returned 357 rows
2026-06-19 12:03:39,046 - INFO - Running batch 73/77 with 300 lookup rows...
2026-06-19 12:03:40,259 - INFO - Batch 73 returned 299 rows
2026-06-19 12:03:40,259 - INFO - Running batch 74/77 with 300 lookup rows...
2026-06-19 12:03:41,474 - INFO - Batch 74 returned 425 rows
2026-06-19 12:03:41,474 - INFO - Running batch 75/77 with 300 lookup rows...
2026-06-19 12:03:42,867 - INFO - Batch 75 returned 603 rows
2026-06-19 12:03:42,868 - INFO - Running batch 76/77 with 300 lookup rows...
2026-06-19 12:03:44,086 - INFO - Batch 76 returned 421 rows
2026-06-19 12:03:44,086 - INFO - Running batch 77/77 with 213 lookup rows...
2026-06-19 12:03:45,033 - INFO - Batch 77 returned 240 rows
2026-06-19 12:03:45,192 - INFO - Matched SO item rows for current ERPFreeOrder tickets: 33074
2026-06-19 12:03:45,192 - INFO - Step 7/9: Building final output for refreshed HANA tickets ...
2026-06-19 12:03:50,276 - INFO - SAP unmatched changed tickets. Clearing old SO fields: 269
2026-06-19 12:03:50,588 - INFO - [FB CLEAR UNMATCHED SO] batch=1 paths=1614 bytes~=79631
2026-06-19 12:03:51,356 - INFO - [FB CLEAR UNMATCHED SO] batch=1 done
2026-06-19 12:03:51,356 - INFO - Step 8/9: Uploading refreshed SO fields to Firebase ...
2026-06-19 12:04:55,961 - INFO - [FB SO UPLOAD] batch=1 paths=8000 bytes~=1057323
2026-06-19 12:04:56,893 - INFO - [FB SO UPLOAD] batch=1 done
2026-06-19 12:05:25,650 - INFO - [FB SO UPLOAD] batch=2 paths=8000 bytes~=1112892
2026-06-19 12:05:26,286 - INFO - [FB SO UPLOAD] batch=2 done
2026-06-19 12:05:57,174 - INFO - [FB SO UPLOAD] batch=3 paths=8000 bytes~=1203472
2026-06-19 12:05:57,785 - INFO - [FB SO UPLOAD] batch=3 done
2026-06-19 12:06:26,065 - INFO - [FB SO UPLOAD] batch=4 paths=8000 bytes~=1156896
2026-06-19 12:06:26,555 - INFO - [FB SO UPLOAD] batch=4 done
2026-06-19 12:06:56,382 - INFO - [FB SO UPLOAD] batch=5 paths=8000 bytes~=1131733
2026-06-19 12:06:56,905 - INFO - [FB SO UPLOAD] batch=5 done
2026-06-19 12:07:20,285 - INFO - [FB SO UPLOAD] batch=6 paths=8000 bytes~=1071637
2026-06-19 12:07:20,802 - INFO - [FB SO UPLOAD] batch=6 done
2026-06-19 12:07:45,537 - INFO - [FB SO UPLOAD] batch=7 paths=8000 bytes~=1133729
2026-06-19 12:07:46,010 - INFO - [FB SO UPLOAD] batch=7 done
2026-06-19 12:08:32,062 - INFO - [FB SO UPLOAD] batch=8 paths=8000 bytes~=1216747
2026-06-19 12:08:32,576 - INFO - [FB SO UPLOAD] batch=8 done
2026-06-19 12:09:02,359 - INFO - [FB SO UPLOAD] batch=9 paths=8000 bytes~=1178761
2026-06-19 12:09:02,898 - INFO - [FB SO UPLOAD] batch=9 done
2026-06-19 12:09:31,111 - INFO - [FB SO UPLOAD] batch=10 paths=8000 bytes~=1002125
2026-06-19 12:09:31,642 - INFO - [FB SO UPLOAD] batch=10 done
2026-06-19 12:09:57,176 - INFO - [FB SO UPLOAD] batch=11 paths=8000 bytes~=1008243
2026-06-19 12:09:57,694 - INFO - [FB SO UPLOAD] batch=11 done
2026-06-19 12:10:00,987 - INFO - [FB SO UPLOAD] batch=12 paths=2996 bytes~=379670
2026-06-19 12:10:01,235 - INFO - [FB SO UPLOAD] batch=12 done
2026-06-19 12:10:01,392 - INFO - Step 9/9: Updating changed ticket hash snapshot ...
2026-06-19 12:10:02,505 - INFO - [FB HASH SNAPSHOT] batch=1 paths=1900 bytes~=206673
2026-06-19 12:10:02,842 - INFO - [FB HASH SNAPSHOT] batch=1 done
2026-06-19 12:10:02,843 - INFO - Excel export disabled. Firebase is the source for dashboard data.
2026-06-19 12:10:02,843 - INFO - Step 10/10: Rebuilding dashboard history and analytics from updated Firebase tickets ...
[FETCH] Skipped company fetch. Comparing existing Firebase only.
[COMPARE] Loading current Firebase tickets ...
[ANALYTICS] Building pre-calculated dashboard nodes ...
[ANALYTICS DONE] employees=25, employeeCriticalTickets=581, removed=522, dealers=26, dealerCritical=564
[COMPARE DONE] tickets=31802, criticalNow=581, entered=72, moved=59, exited=90, events=221
[ANALYTICS] Building pre-calculated dashboard nodes ...
[ANALYTICS DONE] employees=25, employeeCriticalTickets=581, removed=522, dealers=26, dealerCritical=564
2026-06-19 12:22:48,420 - INFO - Analytics rebuild completed. Dashboard trend data is refreshed.
2026-06-19 12:22:48,420 - INFO - Done. Firebase updated. Excel export is disabled by default for automation.
2026-06-19 12:22:48,420 - INFO - Total elapsed: 1848.2s
[FETCH DONE] Company fetch finished successfully.
[COMPARE] Loading current Firebase tickets ...
[ANALYTICS] Building pre-calculated dashboard nodes ...
[ANALYTICS DONE] employees=25, employeeCriticalTickets=581, removed=522, dealers=26, dealerCritical=564
[COMPARE DONE] tickets=31802, criticalNow=581, entered=0, moved=0, exited=0, events=0
[ANALYTICS] Building pre-calculated dashboard nodes ...
[ANALYTICS DONE] employees=25, employeeCriticalTickets=581, removed=522, dealers=26, dealerCritical=564
