==================================================
CTM V44 daily 5:00 PM run started at Thu 16/07/2026  5:40:07.30
==================================================
[FETCH] Running company file:
C:\Users\Leo.Li\Documents\GitHub\warranty\fetch_all_tickets_fast_with_firebase_MANDT800_REJECTION_FILTER.py
2026-07-16 05:40:10,689 - INFO - Script version: MANDT800_FULLJOIN_REJECTION_FILTER
2026-07-16 05:40:10,689 - INFO - SAP HANA rule: MANDT=800 full join + exclude VBAP.ABGRU rejected items from Sales Order Details
2026-07-16 05:40:10,689 - INFO - Step 1/9: Fetching latest C4C snapshot ...
2026-07-16 05:40:10,690 - INFO - ===== START ROLE 1001 =====
2026-07-16 05:40:10,691 - INFO - ===== START ROLE 40 =====
2026-07-16 05:40:10,691 - INFO - ===== START ROLE 43 =====
2026-07-16 05:40:36,324 - INFO - [FETCH] role=43 page=1 skip=0 rows=1000
2026-07-16 05:40:38,043 - INFO - [FETCH] role=40 page=1 skip=0 rows=1000
2026-07-16 05:40:41,160 - INFO - [FETCH] role=1001 page=1 skip=0 rows=1000
2026-07-16 05:41:01,731 - INFO - [FETCH] role=43 page~=2 skip=10000 rows=1000
2026-07-16 05:41:01,805 - INFO - [FETCH] role=43 page~=3 skip=4000 rows=1000
2026-07-16 05:41:02,197 - INFO - [FETCH] role=43 page~=4 skip=3000 rows=1000
2026-07-16 05:41:02,345 - INFO - [FETCH] role=43 page~=5 skip=8000 rows=1000
2026-07-16 05:41:02,438 - INFO - [FETCH] role=43 page~=6 skip=7000 rows=1000
2026-07-16 05:41:02,542 - INFO - [FETCH] role=43 page~=7 skip=2000 rows=1000
2026-07-16 05:41:02,612 - INFO - [FETCH] role=43 page~=8 skip=6000 rows=1000
2026-07-16 05:41:02,922 - INFO - [FETCH] role=43 page~=9 skip=12000 rows=1000
2026-07-16 05:41:03,033 - INFO - [FETCH] role=43 page~=10 skip=9000 rows=1000
2026-07-16 05:41:03,132 - INFO - [FETCH] role=43 page~=11 skip=11000 rows=1000
2026-07-16 05:41:03,459 - INFO - [FETCH] role=43 page~=12 skip=1000 rows=1000
2026-07-16 05:41:03,465 - INFO - [FETCH] role=43 page~=13 skip=5000 rows=1000
2026-07-16 05:41:06,920 - INFO - [FETCH] role=40 page~=2 skip=10000 rows=1000
2026-07-16 05:41:06,950 - INFO - [FETCH] role=40 page~=3 skip=4000 rows=1000
2026-07-16 05:41:06,961 - INFO - [FETCH] role=40 page~=4 skip=12000 rows=1000
2026-07-16 05:41:07,023 - INFO - [FETCH] role=40 page~=5 skip=6000 rows=1000
2026-07-16 05:41:07,267 - INFO - [FETCH] role=40 page~=6 skip=7000 rows=1000
2026-07-16 05:41:07,431 - INFO - [FETCH] role=40 page~=7 skip=5000 rows=1000
2026-07-16 05:41:07,443 - INFO - [FETCH] role=40 page~=8 skip=8000 rows=1000
2026-07-16 05:41:07,642 - INFO - [FETCH] role=40 page~=9 skip=2000 rows=1000
2026-07-16 05:41:07,705 - INFO - [FETCH] role=40 page~=10 skip=3000 rows=1000
2026-07-16 05:41:08,388 - INFO - [FETCH] role=40 page~=11 skip=11000 rows=1000
2026-07-16 05:41:08,470 - INFO - [FETCH] role=40 page~=12 skip=9000 rows=1000
2026-07-16 05:41:08,910 - INFO - [FETCH] role=40 page~=13 skip=1000 rows=1000
2026-07-16 05:41:12,378 - INFO - [FETCH] role=1001 page~=2 skip=12000 rows=1000
2026-07-16 05:41:12,445 - INFO - [FETCH] role=1001 page~=3 skip=2000 rows=1000
2026-07-16 05:41:12,513 - INFO - [FETCH] role=1001 page~=4 skip=1000 rows=1000
2026-07-16 05:41:12,914 - INFO - [FETCH] role=1001 page~=5 skip=4000 rows=1000
2026-07-16 05:41:12,962 - INFO - [FETCH] role=1001 page~=6 skip=9000 rows=1000
2026-07-16 05:41:13,000 - INFO - [FETCH] role=1001 page~=7 skip=5000 rows=1000
2026-07-16 05:41:13,094 - INFO - [FETCH] role=1001 page~=8 skip=6000 rows=1000
2026-07-16 05:41:13,132 - INFO - [FETCH] role=1001 page~=9 skip=3000 rows=1000
2026-07-16 05:41:13,589 - INFO - [FETCH] role=1001 page~=10 skip=10000 rows=1000
2026-07-16 05:41:13,782 - INFO - [FETCH] role=1001 page~=11 skip=8000 rows=1000
2026-07-16 05:41:13,834 - INFO - [FETCH] role=1001 page~=12 skip=11000 rows=1000
2026-07-16 05:41:14,998 - INFO - [FETCH] role=1001 page~=13 skip=7000 rows=1000
2026-07-16 05:41:25,110 - INFO - [FETCH] role=43 page~=14 skip=17000 rows=1000
2026-07-16 05:41:25,189 - INFO - [FETCH] role=43 page~=15 skip=15000 rows=1000
2026-07-16 05:41:25,464 - INFO - [FETCH] role=43 page~=16 skip=19000 rows=1000
2026-07-16 05:41:25,636 - INFO - [FETCH] role=43 page~=17 skip=13000 rows=1000
2026-07-16 05:41:25,910 - INFO - [FETCH] role=43 page~=18 skip=16000 rows=1000
2026-07-16 05:41:26,063 - INFO - [FETCH] role=43 page~=19 skip=14000 rows=1000
2026-07-16 05:41:26,289 - INFO - [FETCH] role=43 page~=20 skip=23000 rows=1000
2026-07-16 05:41:26,854 - INFO - [FETCH] role=43 page~=21 skip=22000 rows=1000
2026-07-16 05:41:26,906 - INFO - [FETCH] role=43 page~=22 skip=20000 rows=1000
2026-07-16 05:41:27,095 - INFO - [FETCH] role=43 page~=23 skip=18000 rows=1000
2026-07-16 05:41:27,440 - INFO - [FETCH] role=43 page~=24 skip=24000 rows=1000
2026-07-16 05:41:28,667 - INFO - [FETCH] role=43 page~=25 skip=21000 rows=1000
2026-07-16 05:41:33,481 - INFO - [FETCH] role=40 page~=14 skip=14000 rows=1000
2026-07-16 05:41:33,508 - INFO - [FETCH] role=40 page~=15 skip=13000 rows=1000
2026-07-16 05:41:33,865 - INFO - [FETCH] role=40 page~=16 skip=15000 rows=1000
2026-07-16 05:41:34,266 - INFO - [FETCH] role=40 page~=17 skip=17000 rows=1000
2026-07-16 05:41:34,544 - INFO - [FETCH] role=40 page~=18 skip=18000 rows=1000
2026-07-16 05:41:34,705 - INFO - [FETCH] role=40 page~=19 skip=19000 rows=1000
2026-07-16 05:41:34,712 - INFO - [FETCH] role=40 page~=20 skip=20000 rows=1000
2026-07-16 05:41:35,085 - INFO - [FETCH] role=40 page~=21 skip=22000 rows=1000
2026-07-16 05:41:35,106 - INFO - [FETCH] role=40 page~=22 skip=16000 rows=1000
2026-07-16 05:41:35,111 - INFO - [FETCH] role=40 page~=23 skip=23000 rows=1000
2026-07-16 05:41:35,574 - INFO - [FETCH] role=40 page~=24 skip=21000 rows=1000
2026-07-16 05:41:36,489 - INFO - [FETCH] role=40 page~=25 skip=24000 rows=1000
2026-07-16 05:41:40,461 - INFO - [FETCH] role=1001 page~=14 skip=15000 rows=1000
2026-07-16 05:41:40,782 - INFO - [FETCH] role=1001 page~=15 skip=13000 rows=1000
2026-07-16 05:41:40,896 - INFO - [FETCH] role=1001 page~=16 skip=14000 rows=1000
2026-07-16 05:41:41,489 - INFO - [FETCH] role=1001 page~=17 skip=19000 rows=1000
2026-07-16 05:41:41,557 - INFO - [FETCH] role=1001 page~=18 skip=20000 rows=1000
2026-07-16 05:41:41,646 - INFO - [FETCH] role=1001 page~=19 skip=17000 rows=1000
2026-07-16 05:41:41,811 - INFO - [FETCH] role=1001 page~=20 skip=18000 rows=1000
2026-07-16 05:41:42,042 - INFO - [FETCH] role=1001 page~=21 skip=21000 rows=1000
2026-07-16 05:41:42,176 - INFO - [FETCH] role=1001 page~=22 skip=16000 rows=1000
2026-07-16 05:41:42,294 - INFO - [FETCH] role=1001 page~=23 skip=23000 rows=1000
2026-07-16 05:41:42,426 - INFO - [FETCH] role=1001 page~=24 skip=22000 rows=1000
2026-07-16 05:41:43,700 - INFO - [FETCH] role=1001 page~=25 skip=24000 rows=1000
2026-07-16 05:41:46,525 - INFO - [FETCH] role=43 page~=26 skip=25000 rows=631
2026-07-16 05:41:57,534 - INFO - [FETCH] role=40 page~=26 skip=26000 rows=1000
2026-07-16 05:41:57,689 - INFO - [FETCH] role=40 page~=27 skip=25000 rows=1000
2026-07-16 05:41:57,916 - INFO - [FETCH] role=40 page~=28 skip=27000 rows=1000
2026-07-16 05:41:58,465 - INFO - [FETCH] role=40 page~=29 skip=28000 rows=1000
2026-07-16 05:41:58,540 - INFO - [FETCH] role=40 page~=30 skip=29000 rows=1000
2026-07-16 05:41:59,773 - INFO - [FETCH] role=40 page~=31 skip=30000 rows=1000
2026-07-16 05:41:59,860 - INFO - [FETCH] role=40 page~=32 skip=31000 rows=1000
2026-07-16 05:41:59,940 - INFO - [FETCH] role=40 page~=33 skip=32000 rows=609
2026-07-16 05:42:06,772 - INFO - [FETCH] role=1001 page~=26 skip=27000 rows=1000
2026-07-16 05:42:07,395 - INFO - [FETCH] role=1001 page~=27 skip=30000 rows=1000
2026-07-16 05:42:07,737 - INFO - [FETCH] role=1001 page~=28 skip=28000 rows=1000
2026-07-16 05:42:07,755 - INFO - [FETCH] role=43 tail_probe=1 skip=26000 rows=0
2026-07-16 05:42:07,755 - INFO - ===== END ROLE 43 rows=25631 elapsed=117.1s =====
2026-07-16 05:42:08,152 - INFO - [ROLE MERGED] role=43 rows=25631 total_rows=25631 unique_tickets=25630
2026-07-16 05:42:08,159 - INFO - [FETCH] role=1001 page~=29 skip=26000 rows=1000
2026-07-16 05:42:08,164 - INFO - [FETCH] role=1001 page~=30 skip=25000 rows=1000
2026-07-16 05:42:08,801 - INFO - [FETCH] role=1001 page~=31 skip=31000 rows=795
2026-07-16 05:42:09,144 - INFO - [FETCH] role=1001 page~=32 skip=29000 rows=1000
2026-07-16 05:42:24,942 - INFO - [FETCH] role=40 tail_probe=1 skip=33000 rows=0
2026-07-16 05:42:24,942 - INFO - ===== END ROLE 40 rows=32609 elapsed=134.3s =====
2026-07-16 05:42:25,286 - INFO - [ROLE MERGED] role=40 rows=32609 total_rows=58240 unique_tickets=32609
2026-07-16 05:42:35,720 - INFO - [FETCH] role=1001 tail_probe=1 skip=32000 rows=0
2026-07-16 05:42:35,720 - INFO - ===== END ROLE 1001 rows=31795 elapsed=145.0s =====
2026-07-16 05:42:36,090 - INFO - [ROLE MERGED] role=1001 rows=31795 total_rows=90035 unique_tickets=32611
2026-07-16 05:42:36,153 - INFO - C4C total API rows processed: 90035
2026-07-16 05:42:36,154 - INFO - C4C total unique TicketIDs: 32611
2026-07-16 05:42:36,154 - INFO - Step 2/9: Initializing Firebase and loading previous sync snapshot ...
2026-07-16 05:42:37,957 - INFO - Previous synced TicketIDs in hash snapshot: 32567
2026-07-16 05:42:37,957 - INFO - Step 3/9: Detecting changed/deleted tickets ...
2026-07-16 05:42:38,985 - INFO - Changed tickets: 1252
2026-07-16 05:42:38,986 - INFO - Deleted tickets: 0
2026-07-16 05:42:38,986 - INFO - Step 3A/9: Uploading changed C4C core ticket fields to Firebase ...
2026-07-16 05:42:44,708 - INFO - [FB CORE TICKET UPLOAD] batch=1 paths=8000 bytes~=436708
2026-07-16 05:42:45,323 - INFO - [FB CORE TICKET UPLOAD] batch=1 done
2026-07-16 05:42:50,865 - INFO - [FB CORE TICKET UPLOAD] batch=2 paths=8000 bytes~=429739
2026-07-16 05:42:51,272 - INFO - [FB CORE TICKET UPLOAD] batch=2 done
2026-07-16 05:42:55,741 - INFO - [FB CORE TICKET UPLOAD] batch=3 paths=8000 bytes~=434045
2026-07-16 05:42:56,089 - INFO - [FB CORE TICKET UPLOAD] batch=3 done
2026-07-16 05:43:01,183 - INFO - [FB CORE TICKET UPLOAD] batch=4 paths=8000 bytes~=431802
2026-07-16 05:43:01,552 - INFO - [FB CORE TICKET UPLOAD] batch=4 done
2026-07-16 05:43:03,756 - INFO - [FB CORE TICKET UPLOAD] batch=5 paths=5560 bytes~=295357
2026-07-16 05:43:04,081 - INFO - [FB CORE TICKET UPLOAD] batch=5 done
2026-07-16 05:43:04,221 - INFO - Step 3B/9: Uploading C4C involved-party roles to Firebase, including role 40 Assign To ...
2026-07-16 05:43:35,205 - INFO - [FB C4C ROLES UPLOAD] batch=1 paths=8000 bytes~=1632199
2026-07-16 05:43:35,954 - INFO - [FB C4C ROLES UPLOAD] batch=1 done
2026-07-16 05:44:03,100 - INFO - [FB C4C ROLES UPLOAD] batch=2 paths=8000 bytes~=1628481
2026-07-16 05:44:03,694 - INFO - [FB C4C ROLES UPLOAD] batch=2 done
2026-07-16 05:44:30,339 - INFO - [FB C4C ROLES UPLOAD] batch=3 paths=8000 bytes~=1663467
2026-07-16 05:44:30,871 - INFO - [FB C4C ROLES UPLOAD] batch=3 done
2026-07-16 05:44:59,326 - INFO - [FB C4C ROLES UPLOAD] batch=4 paths=8000 bytes~=1657078
2026-07-16 05:44:59,858 - INFO - [FB C4C ROLES UPLOAD] batch=4 done
2026-07-16 05:45:26,746 - INFO - [FB C4C ROLES UPLOAD] batch=5 paths=8000 bytes~=1656004
2026-07-16 05:45:27,266 - INFO - [FB C4C ROLES UPLOAD] batch=5 done
2026-07-16 05:46:00,167 - INFO - [FB C4C ROLES UPLOAD] batch=6 paths=8000 bytes~=1674912
2026-07-16 05:46:00,696 - INFO - [FB C4C ROLES UPLOAD] batch=6 done
2026-07-16 05:46:28,689 - INFO - [FB C4C ROLES UPLOAD] batch=7 paths=8000 bytes~=1655509
2026-07-16 05:46:29,310 - INFO - [FB C4C ROLES UPLOAD] batch=7 done
2026-07-16 05:46:55,017 - INFO - [FB C4C ROLES UPLOAD] batch=8 paths=8000 bytes~=1658710
2026-07-16 05:46:55,557 - INFO - [FB C4C ROLES UPLOAD] batch=8 done
2026-07-16 05:47:24,469 - INFO - [FB C4C ROLES UPLOAD] batch=9 paths=8000 bytes~=1646235
2026-07-16 05:47:24,995 - INFO - [FB C4C ROLES UPLOAD] batch=9 done
2026-07-16 05:47:55,383 - INFO - [FB C4C ROLES UPLOAD] batch=10 paths=8000 bytes~=1639132
2026-07-16 05:47:55,904 - INFO - [FB C4C ROLES UPLOAD] batch=10 done
2026-07-16 05:48:20,689 - INFO - [FB C4C ROLES UPLOAD] batch=11 paths=8000 bytes~=1600674
2026-07-16 05:48:21,237 - INFO - [FB C4C ROLES UPLOAD] batch=11 done
2026-07-16 05:48:22,710 - INFO - [FB C4C ROLES UPLOAD] batch=12 paths=2033 bytes~=409556
2026-07-16 05:48:22,928 - INFO - [FB C4C ROLES UPLOAD] batch=12 done
2026-07-16 05:48:23,068 - INFO - Step 4/9: Uploading critical-removed metrics ...
2026-07-16 05:48:25,428 - INFO - Step 5/9: Extracting ERPFreeOrder and vehicle identifiers from ALL current tickets for SAP HANA refresh ...
2026-07-16 05:48:25,907 - INFO - Changed tickets without ERPFreeOrder. Clearing old SO fields: 521
2026-07-16 05:48:26,788 - INFO - [FB CLEAR NO ERPFreeOrder] batch=1 paths=3647 bytes~=179552
2026-07-16 05:48:27,321 - INFO - [FB CLEAR NO ERPFreeOrder] batch=1 done
2026-07-16 05:48:27,321 - INFO - Current tickets with ERPFreeOrder for HANA refresh: 15787
2026-07-16 05:48:27,321 - INFO - Step 6/9: Connecting SAP HANA and fetching SO/item plus vehicle dispatch data ...
2026-07-16 05:48:30,018 - INFO - Total input lookup rows: 23632
2026-07-16 05:48:30,018 - INFO - Total SQL batches: 79
2026-07-16 05:48:30,018 - INFO - Running batch 1/79 with 300 lookup rows...
C:\Users\Leo.Li\Documents\GitHub\warranty\fetch_all_tickets_fast_with_firebase_MANDT800_REJECTION_FILTER.py:1904: UserWarning: pandas only supports SQLAlchemy connectable (engine/connection) or database string URI or sqlite3 DBAPI2 connection. Other DBAPI2 objects are not tested. Please consider using SQLAlchemy.
  part = pd.read_sql(sql, conn)
2026-07-16 05:48:30,763 - INFO - Batch 1 returned 304 rows
2026-07-16 05:48:30,763 - INFO - Running batch 2/79 with 300 lookup rows...
2026-07-16 05:48:31,371 - INFO - Batch 2 returned 429 rows
2026-07-16 05:48:31,371 - INFO - Running batch 3/79 with 300 lookup rows...
2026-07-16 05:48:31,980 - INFO - Batch 3 returned 441 rows
2026-07-16 05:48:31,980 - INFO - Running batch 4/79 with 300 lookup rows...
2026-07-16 05:48:33,459 - INFO - Batch 4 returned 452 rows
2026-07-16 05:48:33,459 - INFO - Running batch 5/79 with 300 lookup rows...
2026-07-16 05:48:34,949 - INFO - Batch 5 returned 560 rows
2026-07-16 05:48:34,949 - INFO - Running batch 6/79 with 300 lookup rows...
2026-07-16 05:48:36,405 - INFO - Batch 6 returned 723 rows
2026-07-16 05:48:36,405 - INFO - Running batch 7/79 with 300 lookup rows...
2026-07-16 05:48:37,813 - INFO - Batch 7 returned 542 rows
2026-07-16 05:48:37,814 - INFO - Running batch 8/79 with 300 lookup rows...
2026-07-16 05:48:39,212 - INFO - Batch 8 returned 376 rows
2026-07-16 05:48:39,212 - INFO - Running batch 9/79 with 300 lookup rows...
2026-07-16 05:48:40,581 - INFO - Batch 9 returned 292 rows
2026-07-16 05:48:40,581 - INFO - Running batch 10/79 with 300 lookup rows...
2026-07-16 05:48:41,945 - INFO - Batch 10 returned 275 rows
2026-07-16 05:48:41,945 - INFO - Running batch 11/79 with 300 lookup rows...
2026-07-16 05:48:43,312 - INFO - Batch 11 returned 328 rows
2026-07-16 05:48:43,312 - INFO - Running batch 12/79 with 300 lookup rows...
2026-07-16 05:48:44,634 - INFO - Batch 12 returned 335 rows
2026-07-16 05:48:44,634 - INFO - Running batch 13/79 with 300 lookup rows...
2026-07-16 05:48:45,996 - INFO - Batch 13 returned 357 rows
2026-07-16 05:48:45,996 - INFO - Running batch 14/79 with 300 lookup rows...
2026-07-16 05:48:47,373 - INFO - Batch 14 returned 328 rows
2026-07-16 05:48:47,373 - INFO - Running batch 15/79 with 300 lookup rows...
2026-07-16 05:48:48,751 - INFO - Batch 15 returned 295 rows
2026-07-16 05:48:48,751 - INFO - Running batch 16/79 with 300 lookup rows...
2026-07-16 05:48:50,303 - INFO - Batch 16 returned 473 rows
2026-07-16 05:48:50,303 - INFO - Running batch 17/79 with 300 lookup rows...
2026-07-16 05:48:51,856 - INFO - Batch 17 returned 623 rows
2026-07-16 05:48:51,856 - INFO - Running batch 18/79 with 300 lookup rows...
2026-07-16 05:48:53,455 - INFO - Batch 18 returned 660 rows
2026-07-16 05:48:53,456 - INFO - Running batch 19/79 with 300 lookup rows...
2026-07-16 05:48:55,073 - INFO - Batch 19 returned 753 rows
2026-07-16 05:48:55,073 - INFO - Running batch 20/79 with 300 lookup rows...
2026-07-16 05:48:56,621 - INFO - Batch 20 returned 631 rows
2026-07-16 05:48:56,621 - INFO - Running batch 21/79 with 300 lookup rows...
2026-07-16 05:48:58,174 - INFO - Batch 21 returned 259 rows
2026-07-16 05:48:58,175 - INFO - Running batch 22/79 with 300 lookup rows...
2026-07-16 05:48:59,713 - INFO - Batch 22 returned 341 rows
2026-07-16 05:48:59,713 - INFO - Running batch 23/79 with 300 lookup rows...
2026-07-16 05:49:01,263 - INFO - Batch 23 returned 335 rows
2026-07-16 05:49:01,263 - INFO - Running batch 24/79 with 300 lookup rows...
2026-07-16 05:49:02,849 - INFO - Batch 24 returned 528 rows
2026-07-16 05:49:02,849 - INFO - Running batch 25/79 with 300 lookup rows...
2026-07-16 05:49:04,419 - INFO - Batch 25 returned 740 rows
2026-07-16 05:49:04,419 - INFO - Running batch 26/79 with 300 lookup rows...
2026-07-16 05:49:05,922 - INFO - Batch 26 returned 338 rows
2026-07-16 05:49:05,922 - INFO - Running batch 27/79 with 300 lookup rows...
2026-07-16 05:49:07,429 - INFO - Batch 27 returned 304 rows
2026-07-16 05:49:07,430 - INFO - Running batch 28/79 with 300 lookup rows...
2026-07-16 05:49:08,936 - INFO - Batch 28 returned 318 rows
2026-07-16 05:49:08,936 - INFO - Running batch 29/79 with 300 lookup rows...
2026-07-16 05:49:10,433 - INFO - Batch 29 returned 297 rows
2026-07-16 05:49:10,433 - INFO - Running batch 30/79 with 300 lookup rows...
2026-07-16 05:49:11,968 - INFO - Batch 30 returned 383 rows
2026-07-16 05:49:11,968 - INFO - Running batch 31/79 with 300 lookup rows...
2026-07-16 05:49:13,509 - INFO - Batch 31 returned 589 rows
2026-07-16 05:49:13,509 - INFO - Running batch 32/79 with 300 lookup rows...
2026-07-16 05:49:15,103 - INFO - Batch 32 returned 365 rows
2026-07-16 05:49:15,104 - INFO - Running batch 33/79 with 300 lookup rows...
2026-07-16 05:49:16,677 - INFO - Batch 33 returned 362 rows
2026-07-16 05:49:16,677 - INFO - Running batch 34/79 with 300 lookup rows...
2026-07-16 05:49:18,260 - INFO - Batch 34 returned 316 rows
2026-07-16 05:49:18,260 - INFO - Running batch 35/79 with 300 lookup rows...
2026-07-16 05:49:19,772 - INFO - Batch 35 returned 301 rows
2026-07-16 05:49:19,772 - INFO - Running batch 36/79 with 300 lookup rows...
2026-07-16 05:49:21,358 - INFO - Batch 36 returned 283 rows
2026-07-16 05:49:21,358 - INFO - Running batch 37/79 with 300 lookup rows...
2026-07-16 05:49:22,890 - INFO - Batch 37 returned 370 rows
2026-07-16 05:49:22,890 - INFO - Running batch 38/79 with 300 lookup rows...
2026-07-16 05:49:24,402 - INFO - Batch 38 returned 357 rows
2026-07-16 05:49:24,402 - INFO - Running batch 39/79 with 300 lookup rows...
2026-07-16 05:49:25,855 - INFO - Batch 39 returned 545 rows
2026-07-16 05:49:25,855 - INFO - Running batch 40/79 with 300 lookup rows...
2026-07-16 05:49:27,261 - INFO - Batch 40 returned 547 rows
2026-07-16 05:49:27,261 - INFO - Running batch 41/79 with 300 lookup rows...
2026-07-16 05:49:28,661 - INFO - Batch 41 returned 301 rows
2026-07-16 05:49:28,661 - INFO - Running batch 42/79 with 300 lookup rows...
2026-07-16 05:49:30,032 - INFO - Batch 42 returned 233 rows
2026-07-16 05:49:30,032 - INFO - Running batch 43/79 with 300 lookup rows...
2026-07-16 05:49:31,392 - INFO - Batch 43 returned 250 rows
2026-07-16 05:49:31,392 - INFO - Running batch 44/79 with 300 lookup rows...
2026-07-16 05:49:32,746 - INFO - Batch 44 returned 248 rows
2026-07-16 05:49:32,746 - INFO - Running batch 45/79 with 300 lookup rows...
2026-07-16 05:49:34,123 - INFO - Batch 45 returned 287 rows
2026-07-16 05:49:34,123 - INFO - Running batch 46/79 with 300 lookup rows...
2026-07-16 05:49:35,521 - INFO - Batch 46 returned 355 rows
2026-07-16 05:49:35,521 - INFO - Running batch 47/79 with 300 lookup rows...
2026-07-16 05:49:36,936 - INFO - Batch 47 returned 339 rows
2026-07-16 05:49:36,936 - INFO - Running batch 48/79 with 300 lookup rows...
2026-07-16 05:49:38,316 - INFO - Batch 48 returned 254 rows
2026-07-16 05:49:38,316 - INFO - Running batch 49/79 with 300 lookup rows...
2026-07-16 05:49:39,699 - INFO - Batch 49 returned 486 rows
2026-07-16 05:49:39,699 - INFO - Running batch 50/79 with 300 lookup rows...
2026-07-16 05:49:41,055 - INFO - Batch 50 returned 359 rows
2026-07-16 05:49:41,055 - INFO - Running batch 51/79 with 300 lookup rows...
2026-07-16 05:49:42,423 - INFO - Batch 51 returned 426 rows
2026-07-16 05:49:42,423 - INFO - Running batch 52/79 with 300 lookup rows...
2026-07-16 05:49:43,816 - INFO - Batch 52 returned 527 rows
2026-07-16 05:49:43,816 - INFO - Running batch 53/79 with 300 lookup rows...
2026-07-16 05:49:45,208 - INFO - Batch 53 returned 418 rows
2026-07-16 05:49:45,208 - INFO - Running batch 54/79 with 300 lookup rows...
2026-07-16 05:49:46,626 - INFO - Batch 54 returned 527 rows
2026-07-16 05:49:46,626 - INFO - Running batch 55/79 with 300 lookup rows...
2026-07-16 05:49:48,003 - INFO - Batch 55 returned 635 rows
2026-07-16 05:49:48,003 - INFO - Running batch 56/79 with 300 lookup rows...
2026-07-16 05:49:49,377 - INFO - Batch 56 returned 759 rows
2026-07-16 05:49:49,377 - INFO - Running batch 57/79 with 300 lookup rows...
2026-07-16 05:49:50,754 - INFO - Batch 57 returned 676 rows
2026-07-16 05:49:50,754 - INFO - Running batch 58/79 with 300 lookup rows...
2026-07-16 05:49:52,136 - INFO - Batch 58 returned 484 rows
2026-07-16 05:49:52,136 - INFO - Running batch 59/79 with 300 lookup rows...
2026-07-16 05:49:53,511 - INFO - Batch 59 returned 464 rows
2026-07-16 05:49:53,511 - INFO - Running batch 60/79 with 300 lookup rows...
2026-07-16 05:49:54,927 - INFO - Batch 60 returned 547 rows
2026-07-16 05:49:54,927 - INFO - Running batch 61/79 with 300 lookup rows...
2026-07-16 05:49:56,284 - INFO - Batch 61 returned 438 rows
2026-07-16 05:49:56,285 - INFO - Running batch 62/79 with 300 lookup rows...
2026-07-16 05:49:57,892 - INFO - Batch 62 returned 765 rows
2026-07-16 05:49:57,893 - INFO - Running batch 63/79 with 300 lookup rows...
2026-07-16 05:49:59,539 - INFO - Batch 63 returned 816 rows
2026-07-16 05:49:59,539 - INFO - Running batch 64/79 with 300 lookup rows...
2026-07-16 05:50:01,150 - INFO - Batch 64 returned 830 rows
2026-07-16 05:50:01,150 - INFO - Running batch 65/79 with 300 lookup rows...
2026-07-16 05:50:02,699 - INFO - Batch 65 returned 357 rows
2026-07-16 05:50:02,700 - INFO - Running batch 66/79 with 300 lookup rows...
2026-07-16 05:50:04,242 - INFO - Batch 66 returned 414 rows
2026-07-16 05:50:04,242 - INFO - Running batch 67/79 with 300 lookup rows...
2026-07-16 05:50:05,746 - INFO - Batch 67 returned 359 rows
2026-07-16 05:50:05,746 - INFO - Running batch 68/79 with 300 lookup rows...
2026-07-16 05:50:07,300 - INFO - Batch 68 returned 550 rows
2026-07-16 05:50:07,300 - INFO - Running batch 69/79 with 300 lookup rows...
2026-07-16 05:50:08,857 - INFO - Batch 69 returned 411 rows
2026-07-16 05:50:08,857 - INFO - Running batch 70/79 with 300 lookup rows...
2026-07-16 05:50:10,413 - INFO - Batch 70 returned 339 rows
2026-07-16 05:50:10,414 - INFO - Running batch 71/79 with 300 lookup rows...
2026-07-16 05:50:11,957 - INFO - Batch 71 returned 369 rows
2026-07-16 05:50:11,957 - INFO - Running batch 72/79 with 300 lookup rows...
2026-07-16 05:50:13,480 - INFO - Batch 72 returned 430 rows
2026-07-16 05:50:13,480 - INFO - Running batch 73/79 with 300 lookup rows...
2026-07-16 05:50:14,977 - INFO - Batch 73 returned 415 rows
2026-07-16 05:50:14,977 - INFO - Running batch 74/79 with 300 lookup rows...
2026-07-16 05:50:16,471 - INFO - Batch 74 returned 353 rows
2026-07-16 05:50:16,471 - INFO - Running batch 75/79 with 300 lookup rows...
2026-07-16 05:50:17,969 - INFO - Batch 75 returned 289 rows
2026-07-16 05:50:17,970 - INFO - Running batch 76/79 with 300 lookup rows...
2026-07-16 05:50:19,510 - INFO - Batch 76 returned 499 rows
2026-07-16 05:50:19,510 - INFO - Running batch 77/79 with 300 lookup rows...
2026-07-16 05:50:21,056 - INFO - Batch 77 returned 602 rows
2026-07-16 05:50:21,056 - INFO - Running batch 78/79 with 300 lookup rows...
2026-07-16 05:50:22,571 - INFO - Batch 78 returned 487 rows
2026-07-16 05:50:22,571 - INFO - Running batch 79/79 with 232 lookup rows...
2026-07-16 05:50:23,762 - INFO - Batch 79 returned 254 rows
C:\Users\Leo.Li\Documents\GitHub\warranty\fetch_all_tickets_fast_with_firebase_MANDT800_REJECTION_FILTER.py:1155: UserWarning: pandas only supports SQLAlchemy connectable (engine/connection) or database string URI or sqlite3 DBAPI2 connection. Other DBAPI2 objects are not tested. Please consider using SQLAlchemy.
  part = pd.read_sql(sql, conn)
C:\Users\Leo.Li\Documents\GitHub\warranty\fetch_all_tickets_fast_with_firebase_MANDT800_REJECTION_FILTER.py:1155: UserWarning: pandas only supports SQLAlchemy connectable (engine/connection) or database string URI or sqlite3 DBAPI2 connection. Other DBAPI2 objects are not tested. Please consider using SQLAlchemy.
  part = pd.read_sql(sql, conn)
C:\Users\Leo.Li\Documents\GitHub\warranty\fetch_all_tickets_fast_with_firebase_MANDT800_REJECTION_FILTER.py:1295: UserWarning: pandas only supports SQLAlchemy connectable (engine/connection) or database string URI or sqlite3 DBAPI2 connection. Other DBAPI2 objects are not tested. Please consider using SQLAlchemy.
  part = pd.read_sql(sql, conn)
C:\Users\Leo.Li\Documents\GitHub\warranty\fetch_all_tickets_fast_with_firebase_MANDT800_REJECTION_FILTER.py:1295: UserWarning: pandas only supports SQLAlchemy connectable (engine/connection) or database string URI or sqlite3 DBAPI2 connection. Other DBAPI2 objects are not tested. Please consider using SQLAlchemy.
  part = pd.read_sql(sql, conn)
C:\Users\Leo.Li\Documents\GitHub\warranty\fetch_all_tickets_fast_with_firebase_MANDT800_REJECTION_FILTER.py:1295: UserWarning: pandas only supports SQLAlchemy connectable (engine/connection) or database string URI or sqlite3 DBAPI2 connection. Other DBAPI2 objects are not tested. Please consider using SQLAlchemy.
  part = pd.read_sql(sql, conn)
C:\Users\Leo.Li\Documents\GitHub\warranty\fetch_all_tickets_fast_with_firebase_MANDT800_REJECTION_FILTER.py:1295: UserWarning: pandas only supports SQLAlchemy connectable (engine/connection) or database string URI or sqlite3 DBAPI2 connection. Other DBAPI2 objects are not tested. Please consider using SQLAlchemy.
  part = pd.read_sql(sql, conn)
C:\Users\Leo.Li\Documents\GitHub\warranty\fetch_all_tickets_fast_with_firebase_MANDT800_REJECTION_FILTER.py:1295: UserWarning: pandas only supports SQLAlchemy connectable (engine/connection) or database string URI or sqlite3 DBAPI2 connection. Other DBAPI2 objects are not tested. Please consider using SQLAlchemy.
  part = pd.read_sql(sql, conn)
C:\Users\Leo.Li\Documents\GitHub\warranty\fetch_all_tickets_fast_with_firebase_MANDT800_REJECTION_FILTER.py:1295: UserWarning: pandas only supports SQLAlchemy connectable (engine/connection) or database string URI or sqlite3 DBAPI2 connection. Other DBAPI2 objects are not tested. Please consider using SQLAlchemy.
  part = pd.read_sql(sql, conn)
C:\Users\Leo.Li\Documents\GitHub\warranty\fetch_all_tickets_fast_with_firebase_MANDT800_REJECTION_FILTER.py:1295: UserWarning: pandas only supports SQLAlchemy connectable (engine/connection) or database string URI or sqlite3 DBAPI2 connection. Other DBAPI2 objects are not tested. Please consider using SQLAlchemy.
  part = pd.read_sql(sql, conn)
C:\Users\Leo.Li\Documents\GitHub\warranty\fetch_all_tickets_fast_with_firebase_MANDT800_REJECTION_FILTER.py:1295: UserWarning: pandas only supports SQLAlchemy connectable (engine/connection) or database string URI or sqlite3 DBAPI2 connection. Other DBAPI2 objects are not tested. Please consider using SQLAlchemy.
  part = pd.read_sql(sql, conn)
C:\Users\Leo.Li\Documents\GitHub\warranty\fetch_all_tickets_fast_with_firebase_MANDT800_REJECTION_FILTER.py:1295: UserWarning: pandas only supports SQLAlchemy connectable (engine/connection) or database string URI or sqlite3 DBAPI2 connection. Other DBAPI2 objects are not tested. Please consider using SQLAlchemy.
  part = pd.read_sql(sql, conn)
C:\Users\Leo.Li\Documents\GitHub\warranty\fetch_all_tickets_fast_with_firebase_MANDT800_REJECTION_FILTER.py:1295: UserWarning: pandas only supports SQLAlchemy connectable (engine/connection) or database string URI or sqlite3 DBAPI2 connection. Other DBAPI2 objects are not tested. Please consider using SQLAlchemy.
  part = pd.read_sql(sql, conn)
C:\Users\Leo.Li\Documents\GitHub\warranty\fetch_all_tickets_fast_with_firebase_MANDT800_REJECTION_FILTER.py:1295: UserWarning: pandas only supports SQLAlchemy connectable (engine/connection) or database string URI or sqlite3 DBAPI2 connection. Other DBAPI2 objects are not tested. Please consider using SQLAlchemy.
  part = pd.read_sql(sql, conn)
C:\Users\Leo.Li\Documents\GitHub\warranty\fetch_all_tickets_fast_with_firebase_MANDT800_REJECTION_FILTER.py:1295: UserWarning: pandas only supports SQLAlchemy connectable (engine/connection) or database string URI or sqlite3 DBAPI2 connection. Other DBAPI2 objects are not tested. Please consider using SQLAlchemy.
  part = pd.read_sql(sql, conn)
C:\Users\Leo.Li\Documents\GitHub\warranty\fetch_all_tickets_fast_with_firebase_MANDT800_REJECTION_FILTER.py:1295: UserWarning: pandas only supports SQLAlchemy connectable (engine/connection) or database string URI or sqlite3 DBAPI2 connection. Other DBAPI2 objects are not tested. Please consider using SQLAlchemy.
  part = pd.read_sql(sql, conn)
C:\Users\Leo.Li\Documents\GitHub\warranty\fetch_all_tickets_fast_with_firebase_MANDT800_REJECTION_FILTER.py:1295: UserWarning: pandas only supports SQLAlchemy connectable (engine/connection) or database string URI or sqlite3 DBAPI2 connection. Other DBAPI2 objects are not tested. Please consider using SQLAlchemy.
  part = pd.read_sql(sql, conn)
C:\Users\Leo.Li\Documents\GitHub\warranty\fetch_all_tickets_fast_with_firebase_MANDT800_REJECTION_FILTER.py:1295: UserWarning: pandas only supports SQLAlchemy connectable (engine/connection) or database string URI or sqlite3 DBAPI2 connection. Other DBAPI2 objects are not tested. Please consider using SQLAlchemy.
  part = pd.read_sql(sql, conn)
C:\Users\Leo.Li\Documents\GitHub\warranty\fetch_all_tickets_fast_with_firebase_MANDT800_REJECTION_FILTER.py:1295: UserWarning: pandas only supports SQLAlchemy connectable (engine/connection) or database string URI or sqlite3 DBAPI2 connection. Other DBAPI2 objects are not tested. Please consider using SQLAlchemy.
  part = pd.read_sql(sql, conn)
C:\Users\Leo.Li\Documents\GitHub\warranty\fetch_all_tickets_fast_with_firebase_MANDT800_REJECTION_FILTER.py:1295: UserWarning: pandas only supports SQLAlchemy connectable (engine/connection) or database string URI or sqlite3 DBAPI2 connection. Other DBAPI2 objects are not tested. Please consider using SQLAlchemy.
  part = pd.read_sql(sql, conn)
C:\Users\Leo.Li\Documents\GitHub\warranty\fetch_all_tickets_fast_with_firebase_MANDT800_REJECTION_FILTER.py:1295: UserWarning: pandas only supports SQLAlchemy connectable (engine/connection) or database string URI or sqlite3 DBAPI2 connection. Other DBAPI2 objects are not tested. Please consider using SQLAlchemy.
  part = pd.read_sql(sql, conn)
C:\Users\Leo.Li\Documents\GitHub\warranty\fetch_all_tickets_fast_with_firebase_MANDT800_REJECTION_FILTER.py:1295: UserWarning: pandas only supports SQLAlchemy connectable (engine/connection) or database string URI or sqlite3 DBAPI2 connection. Other DBAPI2 objects are not tested. Please consider using SQLAlchemy.
  part = pd.read_sql(sql, conn)
C:\Users\Leo.Li\Documents\GitHub\warranty\fetch_all_tickets_fast_with_firebase_MANDT800_REJECTION_FILTER.py:1295: UserWarning: pandas only supports SQLAlchemy connectable (engine/connection) or database string URI or sqlite3 DBAPI2 connection. Other DBAPI2 objects are not tested. Please consider using SQLAlchemy.
  part = pd.read_sql(sql, conn)
C:\Users\Leo.Li\Documents\GitHub\warranty\fetch_all_tickets_fast_with_firebase_MANDT800_REJECTION_FILTER.py:1295: UserWarning: pandas only supports SQLAlchemy connectable (engine/connection) or database string URI or sqlite3 DBAPI2 connection. Other DBAPI2 objects are not tested. Please consider using SQLAlchemy.
  part = pd.read_sql(sql, conn)
C:\Users\Leo.Li\Documents\GitHub\warranty\fetch_all_tickets_fast_with_firebase_MANDT800_REJECTION_FILTER.py:1295: UserWarning: pandas only supports SQLAlchemy connectable (engine/connection) or database string URI or sqlite3 DBAPI2 connection. Other DBAPI2 objects are not tested. Please consider using SQLAlchemy.
  part = pd.read_sql(sql, conn)
C:\Users\Leo.Li\Documents\GitHub\warranty\fetch_all_tickets_fast_with_firebase_MANDT800_REJECTION_FILTER.py:1295: UserWarning: pandas only supports SQLAlchemy connectable (engine/connection) or database string URI or sqlite3 DBAPI2 connection. Other DBAPI2 objects are not tested. Please consider using SQLAlchemy.
  part = pd.read_sql(sql, conn)
C:\Users\Leo.Li\Documents\GitHub\warranty\fetch_all_tickets_fast_with_firebase_MANDT800_REJECTION_FILTER.py:1295: UserWarning: pandas only supports SQLAlchemy connectable (engine/connection) or database string URI or sqlite3 DBAPI2 connection. Other DBAPI2 objects are not tested. Please consider using SQLAlchemy.
  part = pd.read_sql(sql, conn)
C:\Users\Leo.Li\Documents\GitHub\warranty\fetch_all_tickets_fast_with_firebase_MANDT800_REJECTION_FILTER.py:1295: UserWarning: pandas only supports SQLAlchemy connectable (engine/connection) or database string URI or sqlite3 DBAPI2 connection. Other DBAPI2 objects are not tested. Please consider using SQLAlchemy.
  part = pd.read_sql(sql, conn)
C:\Users\Leo.Li\Documents\GitHub\warranty\fetch_all_tickets_fast_with_firebase_MANDT800_REJECTION_FILTER.py:1295: UserWarning: pandas only supports SQLAlchemy connectable (engine/connection) or database string URI or sqlite3 DBAPI2 connection. Other DBAPI2 objects are not tested. Please consider using SQLAlchemy.
  part = pd.read_sql(sql, conn)
C:\Users\Leo.Li\Documents\GitHub\warranty\fetch_all_tickets_fast_with_firebase_MANDT800_REJECTION_FILTER.py:1295: UserWarning: pandas only supports SQLAlchemy connectable (engine/connection) or database string URI or sqlite3 DBAPI2 connection. Other DBAPI2 objects are not tested. Please consider using SQLAlchemy.
  part = pd.read_sql(sql, conn)
C:\Users\Leo.Li\Documents\GitHub\warranty\fetch_all_tickets_fast_with_firebase_MANDT800_REJECTION_FILTER.py:1295: UserWarning: pandas only supports SQLAlchemy connectable (engine/connection) or database string URI or sqlite3 DBAPI2 connection. Other DBAPI2 objects are not tested. Please consider using SQLAlchemy.
  part = pd.read_sql(sql, conn)
C:\Users\Leo.Li\Documents\GitHub\warranty\fetch_all_tickets_fast_with_firebase_MANDT800_REJECTION_FILTER.py:1295: UserWarning: pandas only supports SQLAlchemy connectable (engine/connection) or database string URI or sqlite3 DBAPI2 connection. Other DBAPI2 objects are not tested. Please consider using SQLAlchemy.
  part = pd.read_sql(sql, conn)
C:\Users\Leo.Li\Documents\GitHub\warranty\fetch_all_tickets_fast_with_firebase_MANDT800_REJECTION_FILTER.py:1295: UserWarning: pandas only supports SQLAlchemy connectable (engine/connection) or database string URI or sqlite3 DBAPI2 connection. Other DBAPI2 objects are not tested. Please consider using SQLAlchemy.
  part = pd.read_sql(sql, conn)
C:\Users\Leo.Li\Documents\GitHub\warranty\fetch_all_tickets_fast_with_firebase_MANDT800_REJECTION_FILTER.py:1295: UserWarning: pandas only supports SQLAlchemy connectable (engine/connection) or database string URI or sqlite3 DBAPI2 connection. Other DBAPI2 objects are not tested. Please consider using SQLAlchemy.
  part = pd.read_sql(sql, conn)
C:\Users\Leo.Li\Documents\GitHub\warranty\fetch_all_tickets_fast_with_firebase_MANDT800_REJECTION_FILTER.py:1295: UserWarning: pandas only supports SQLAlchemy connectable (engine/connection) or database string URI or sqlite3 DBAPI2 connection. Other DBAPI2 objects are not tested. Please consider using SQLAlchemy.
  part = pd.read_sql(sql, conn)
C:\Users\Leo.Li\Documents\GitHub\warranty\fetch_all_tickets_fast_with_firebase_MANDT800_REJECTION_FILTER.py:1295: UserWarning: pandas only supports SQLAlchemy connectable (engine/connection) or database string URI or sqlite3 DBAPI2 connection. Other DBAPI2 objects are not tested. Please consider using SQLAlchemy.
  part = pd.read_sql(sql, conn)
C:\Users\Leo.Li\Documents\GitHub\warranty\fetch_all_tickets_fast_with_firebase_MANDT800_REJECTION_FILTER.py:1295: UserWarning: pandas only supports SQLAlchemy connectable (engine/connection) or database string URI or sqlite3 DBAPI2 connection. Other DBAPI2 objects are not tested. Please consider using SQLAlchemy.
  part = pd.read_sql(sql, conn)
C:\Users\Leo.Li\Documents\GitHub\warranty\fetch_all_tickets_fast_with_firebase_MANDT800_REJECTION_FILTER.py:1295: UserWarning: pandas only supports SQLAlchemy connectable (engine/connection) or database string URI or sqlite3 DBAPI2 connection. Other DBAPI2 objects are not tested. Please consider using SQLAlchemy.
  part = pd.read_sql(sql, conn)
C:\Users\Leo.Li\Documents\GitHub\warranty\fetch_all_tickets_fast_with_firebase_MANDT800_REJECTION_FILTER.py:1295: UserWarning: pandas only supports SQLAlchemy connectable (engine/connection) or database string URI or sqlite3 DBAPI2 connection. Other DBAPI2 objects are not tested. Please consider using SQLAlchemy.
  part = pd.read_sql(sql, conn)
C:\Users\Leo.Li\Documents\GitHub\warranty\fetch_all_tickets_fast_with_firebase_MANDT800_REJECTION_FILTER.py:1295: UserWarning: pandas only supports SQLAlchemy connectable (engine/connection) or database string URI or sqlite3 DBAPI2 connection. Other DBAPI2 objects are not tested. Please consider using SQLAlchemy.
  part = pd.read_sql(sql, conn)
C:\Users\Leo.Li\Documents\GitHub\warranty\fetch_all_tickets_fast_with_firebase_MANDT800_REJECTION_FILTER.py:1295: UserWarning: pandas only supports SQLAlchemy connectable (engine/connection) or database string URI or sqlite3 DBAPI2 connection. Other DBAPI2 objects are not tested. Please consider using SQLAlchemy.
  part = pd.read_sql(sql, conn)
C:\Users\Leo.Li\Documents\GitHub\warranty\fetch_all_tickets_fast_with_firebase_MANDT800_REJECTION_FILTER.py:1295: UserWarning: pandas only supports SQLAlchemy connectable (engine/connection) or database string URI or sqlite3 DBAPI2 connection. Other DBAPI2 objects are not tested. Please consider using SQLAlchemy.
  part = pd.read_sql(sql, conn)
C:\Users\Leo.Li\Documents\GitHub\warranty\fetch_all_tickets_fast_with_firebase_MANDT800_REJECTION_FILTER.py:1295: UserWarning: pandas only supports SQLAlchemy connectable (engine/connection) or database string URI or sqlite3 DBAPI2 connection. Other DBAPI2 objects are not tested. Please consider using SQLAlchemy.
  part = pd.read_sql(sql, conn)
C:\Users\Leo.Li\Documents\GitHub\warranty\fetch_all_tickets_fast_with_firebase_MANDT800_REJECTION_FILTER.py:1295: UserWarning: pandas only supports SQLAlchemy connectable (engine/connection) or database string URI or sqlite3 DBAPI2 connection. Other DBAPI2 objects are not tested. Please consider using SQLAlchemy.
  part = pd.read_sql(sql, conn)
C:\Users\Leo.Li\Documents\GitHub\warranty\fetch_all_tickets_fast_with_firebase_MANDT800_REJECTION_FILTER.py:1295: UserWarning: pandas only supports SQLAlchemy connectable (engine/connection) or database string URI or sqlite3 DBAPI2 connection. Other DBAPI2 objects are not tested. Please consider using SQLAlchemy.
  part = pd.read_sql(sql, conn)
C:\Users\Leo.Li\Documents\GitHub\warranty\fetch_all_tickets_fast_with_firebase_MANDT800_REJECTION_FILTER.py:1295: UserWarning: pandas only supports SQLAlchemy connectable (engine/connection) or database string URI or sqlite3 DBAPI2 connection. Other DBAPI2 objects are not tested. Please consider using SQLAlchemy.
  part = pd.read_sql(sql, conn)
C:\Users\Leo.Li\Documents\GitHub\warranty\fetch_all_tickets_fast_with_firebase_MANDT800_REJECTION_FILTER.py:1295: UserWarning: pandas only supports SQLAlchemy connectable (engine/connection) or database string URI or sqlite3 DBAPI2 connection. Other DBAPI2 objects are not tested. Please consider using SQLAlchemy.
  part = pd.read_sql(sql, conn)
C:\Users\Leo.Li\Documents\GitHub\warranty\fetch_all_tickets_fast_with_firebase_MANDT800_REJECTION_FILTER.py:1295: UserWarning: pandas only supports SQLAlchemy connectable (engine/connection) or database string URI or sqlite3 DBAPI2 connection. Other DBAPI2 objects are not tested. Please consider using SQLAlchemy.
  part = pd.read_sql(sql, conn)
C:\Users\Leo.Li\Documents\GitHub\warranty\fetch_all_tickets_fast_with_firebase_MANDT800_REJECTION_FILTER.py:1295: UserWarning: pandas only supports SQLAlchemy connectable (engine/connection) or database string URI or sqlite3 DBAPI2 connection. Other DBAPI2 objects are not tested. Please consider using SQLAlchemy.
  part = pd.read_sql(sql, conn)
C:\Users\Leo.Li\Documents\GitHub\warranty\fetch_all_tickets_fast_with_firebase_MANDT800_REJECTION_FILTER.py:1295: UserWarning: pandas only supports SQLAlchemy connectable (engine/connection) or database string URI or sqlite3 DBAPI2 connection. Other DBAPI2 objects are not tested. Please consider using SQLAlchemy.
  part = pd.read_sql(sql, conn)
C:\Users\Leo.Li\Documents\GitHub\warranty\fetch_all_tickets_fast_with_firebase_MANDT800_REJECTION_FILTER.py:1295: UserWarning: pandas only supports SQLAlchemy connectable (engine/connection) or database string URI or sqlite3 DBAPI2 connection. Other DBAPI2 objects are not tested. Please consider using SQLAlchemy.
  part = pd.read_sql(sql, conn)
C:\Users\Leo.Li\Documents\GitHub\warranty\fetch_all_tickets_fast_with_firebase_MANDT800_REJECTION_FILTER.py:1295: UserWarning: pandas only supports SQLAlchemy connectable (engine/connection) or database string URI or sqlite3 DBAPI2 connection. Other DBAPI2 objects are not tested. Please consider using SQLAlchemy.
  part = pd.read_sql(sql, conn)
C:\Users\Leo.Li\Documents\GitHub\warranty\fetch_all_tickets_fast_with_firebase_MANDT800_REJECTION_FILTER.py:1295: UserWarning: pandas only supports SQLAlchemy connectable (engine/connection) or database string URI or sqlite3 DBAPI2 connection. Other DBAPI2 objects are not tested. Please consider using SQLAlchemy.
  part = pd.read_sql(sql, conn)
C:\Users\Leo.Li\Documents\GitHub\warranty\fetch_all_tickets_fast_with_firebase_MANDT800_REJECTION_FILTER.py:1295: UserWarning: pandas only supports SQLAlchemy connectable (engine/connection) or database string URI or sqlite3 DBAPI2 connection. Other DBAPI2 objects are not tested. Please consider using SQLAlchemy.
  part = pd.read_sql(sql, conn)
C:\Users\Leo.Li\Documents\GitHub\warranty\fetch_all_tickets_fast_with_firebase_MANDT800_REJECTION_FILTER.py:1295: UserWarning: pandas only supports SQLAlchemy connectable (engine/connection) or database string URI or sqlite3 DBAPI2 connection. Other DBAPI2 objects are not tested. Please consider using SQLAlchemy.
  part = pd.read_sql(sql, conn)
C:\Users\Leo.Li\Documents\GitHub\warranty\fetch_all_tickets_fast_with_firebase_MANDT800_REJECTION_FILTER.py:1341: UserWarning: pandas only supports SQLAlchemy connectable (engine/connection) or database string URI or sqlite3 DBAPI2 connection. Other DBAPI2 objects are not tested. Please consider using SQLAlchemy.
  shipped_df = pd.read_sql(_q(PGI_MSEG_SQL_TEMPLATE), conn)
C:\Users\Leo.Li\Documents\GitHub\warranty\fetch_all_tickets_fast_with_firebase_MANDT800_REJECTION_FILTER.py:1348: UserWarning: pandas only supports SQLAlchemy connectable (engine/connection) or database string URI or sqlite3 DBAPI2 connection. Other DBAPI2 objects are not tested. Please consider using SQLAlchemy.
  instock_df = pd.read_sql(_q(INSTOCK_MSKA_SQL_TEMPLATE), conn)
C:\Users\Leo.Li\Documents\GitHub\warranty\fetch_all_tickets_fast_with_firebase_MANDT800_REJECTION_FILTER.py:1355: UserWarning: pandas only supports SQLAlchemy connectable (engine/connection) or database string URI or sqlite3 DBAPI2 connection. Other DBAPI2 objects are not tested. Please consider using SQLAlchemy.
  intransit_df = pd.read_sql(_q(INTRANSIT_OPEN_PO_SQL_TEMPLATE), conn)
C:\Users\Leo.Li\Documents\GitHub\warranty\fetch_all_tickets_fast_with_firebase_MANDT800_REJECTION_FILTER.py:1401: UserWarning: pandas only supports SQLAlchemy connectable (engine/connection) or database string URI or sqlite3 DBAPI2 connection. Other DBAPI2 objects are not tested. Please consider using SQLAlchemy.
  likp_df = pd.read_sql(likp_sql, conn)
2026-07-16 05:51:10,625 - INFO - Vehicle base summary: total=4939 (shipped=4716, in-stock=85, in-transit=138); PGI dates for 9287 chassis
2026-07-16 05:51:10,628 - INFO - Fetching Approved Cost SAP PO Short Text rows: EKORG=3111 EKGRP=E06 Plant=(blank) ExcludeDeleted=False
C:\Users\Leo.Li\Documents\GitHub\warranty\fetch_all_tickets_fast_with_firebase_MANDT800_REJECTION_FILTER.py:3048: UserWarning: pandas only supports SQLAlchemy connectable (engine/connection) or database string URI or sqlite3 DBAPI2 connection. Other DBAPI2 objects are not tested. Please consider using SQLAlchemy.
  po_df = pd.read_sql(sql, conn)
2026-07-16 05:51:15,787 - INFO - Approved Cost SAP PO rows fetched: 21880
2026-07-16 05:51:16,277 - INFO - Matched SO item rows for current ERPFreeOrder tickets: 34607
2026-07-16 05:51:16,277 - INFO - Vehicle dispatch matches by ticket serial/chassis: 13665
2026-07-16 05:51:16,277 - INFO - Vehicle dispatch matches by sales order fallback: 0
2026-07-16 05:51:16,277 - INFO - Vehicle base summary rows: 0, total vehicles since 2025-01-01: 4939
2026-07-16 05:51:16,277 - INFO - Step 7/9: Building final output for refreshed HANA tickets ...
2026-07-16 05:51:20,583 - INFO - Fetching RKPF reservation metadata batch 1/78 with 200 SOs
C:\Users\Leo.Li\Documents\GitHub\warranty\fetch_all_tickets_fast_with_firebase_MANDT800_REJECTION_FILTER.py:2638: UserWarning: pandas only supports SQLAlchemy connectable (engine/connection) or database string URI or sqlite3 DBAPI2 connection. Other DBAPI2 objects are not tested. Please consider using SQLAlchemy.
  part = pd.read_sql(sql, conn)
2026-07-16 05:51:20,785 - INFO - Fetching RKPF reservation metadata batch 2/78 with 200 SOs
C:\Users\Leo.Li\Documents\GitHub\warranty\fetch_all_tickets_fast_with_firebase_MANDT800_REJECTION_FILTER.py:2638: UserWarning: pandas only supports SQLAlchemy connectable (engine/connection) or database string URI or sqlite3 DBAPI2 connection. Other DBAPI2 objects are not tested. Please consider using SQLAlchemy.
  part = pd.read_sql(sql, conn)
2026-07-16 05:51:20,986 - INFO - Fetching RKPF reservation metadata batch 3/78 with 200 SOs
C:\Users\Leo.Li\Documents\GitHub\warranty\fetch_all_tickets_fast_with_firebase_MANDT800_REJECTION_FILTER.py:2638: UserWarning: pandas only supports SQLAlchemy connectable (engine/connection) or database string URI or sqlite3 DBAPI2 connection. Other DBAPI2 objects are not tested. Please consider using SQLAlchemy.
  part = pd.read_sql(sql, conn)
2026-07-16 05:51:21,187 - INFO - Fetching RKPF reservation metadata batch 4/78 with 200 SOs
C:\Users\Leo.Li\Documents\GitHub\warranty\fetch_all_tickets_fast_with_firebase_MANDT800_REJECTION_FILTER.py:2638: UserWarning: pandas only supports SQLAlchemy connectable (engine/connection) or database string URI or sqlite3 DBAPI2 connection. Other DBAPI2 objects are not tested. Please consider using SQLAlchemy.
  part = pd.read_sql(sql, conn)
2026-07-16 05:51:21,388 - INFO - Fetching RKPF reservation metadata batch 5/78 with 200 SOs
C:\Users\Leo.Li\Documents\GitHub\warranty\fetch_all_tickets_fast_with_firebase_MANDT800_REJECTION_FILTER.py:2638: UserWarning: pandas only supports SQLAlchemy connectable (engine/connection) or database string URI or sqlite3 DBAPI2 connection. Other DBAPI2 objects are not tested. Please consider using SQLAlchemy.
  part = pd.read_sql(sql, conn)
2026-07-16 05:51:21,589 - INFO - Fetching RKPF reservation metadata batch 6/78 with 200 SOs
C:\Users\Leo.Li\Documents\GitHub\warranty\fetch_all_tickets_fast_with_firebase_MANDT800_REJECTION_FILTER.py:2638: UserWarning: pandas only supports SQLAlchemy connectable (engine/connection) or database string URI or sqlite3 DBAPI2 connection. Other DBAPI2 objects are not tested. Please consider using SQLAlchemy.
  part = pd.read_sql(sql, conn)
2026-07-16 05:51:21,788 - INFO - Fetching RKPF reservation metadata batch 7/78 with 200 SOs
C:\Users\Leo.Li\Documents\GitHub\warranty\fetch_all_tickets_fast_with_firebase_MANDT800_REJECTION_FILTER.py:2638: UserWarning: pandas only supports SQLAlchemy connectable (engine/connection) or database string URI or sqlite3 DBAPI2 connection. Other DBAPI2 objects are not tested. Please consider using SQLAlchemy.
  part = pd.read_sql(sql, conn)
2026-07-16 05:51:21,989 - INFO - Fetching RKPF reservation metadata batch 8/78 with 200 SOs
C:\Users\Leo.Li\Documents\GitHub\warranty\fetch_all_tickets_fast_with_firebase_MANDT800_REJECTION_FILTER.py:2638: UserWarning: pandas only supports SQLAlchemy connectable (engine/connection) or database string URI or sqlite3 DBAPI2 connection. Other DBAPI2 objects are not tested. Please consider using SQLAlchemy.
  part = pd.read_sql(sql, conn)
2026-07-16 05:51:22,189 - INFO - Fetching RKPF reservation metadata batch 9/78 with 200 SOs
C:\Users\Leo.Li\Documents\GitHub\warranty\fetch_all_tickets_fast_with_firebase_MANDT800_REJECTION_FILTER.py:2638: UserWarning: pandas only supports SQLAlchemy connectable (engine/connection) or database string URI or sqlite3 DBAPI2 connection. Other DBAPI2 objects are not tested. Please consider using SQLAlchemy.
  part = pd.read_sql(sql, conn)
2026-07-16 05:51:22,389 - INFO - Fetching RKPF reservation metadata batch 10/78 with 200 SOs
C:\Users\Leo.Li\Documents\GitHub\warranty\fetch_all_tickets_fast_with_firebase_MANDT800_REJECTION_FILTER.py:2638: UserWarning: pandas only supports SQLAlchemy connectable (engine/connection) or database string URI or sqlite3 DBAPI2 connection. Other DBAPI2 objects are not tested. Please consider using SQLAlchemy.
  part = pd.read_sql(sql, conn)
2026-07-16 05:51:22,589 - INFO - Fetching RKPF reservation metadata batch 11/78 with 200 SOs
C:\Users\Leo.Li\Documents\GitHub\warranty\fetch_all_tickets_fast_with_firebase_MANDT800_REJECTION_FILTER.py:2638: UserWarning: pandas only supports SQLAlchemy connectable (engine/connection) or database string URI or sqlite3 DBAPI2 connection. Other DBAPI2 objects are not tested. Please consider using SQLAlchemy.
  part = pd.read_sql(sql, conn)
2026-07-16 05:51:22,789 - INFO - Fetching RKPF reservation metadata batch 12/78 with 200 SOs
C:\Users\Leo.Li\Documents\GitHub\warranty\fetch_all_tickets_fast_with_firebase_MANDT800_REJECTION_FILTER.py:2638: UserWarning: pandas only supports SQLAlchemy connectable (engine/connection) or database string URI or sqlite3 DBAPI2 connection. Other DBAPI2 objects are not tested. Please consider using SQLAlchemy.
  part = pd.read_sql(sql, conn)
2026-07-16 05:51:22,991 - INFO - Fetching RKPF reservation metadata batch 13/78 with 200 SOs
C:\Users\Leo.Li\Documents\GitHub\warranty\fetch_all_tickets_fast_with_firebase_MANDT800_REJECTION_FILTER.py:2638: UserWarning: pandas only supports SQLAlchemy connectable (engine/connection) or database string URI or sqlite3 DBAPI2 connection. Other DBAPI2 objects are not tested. Please consider using SQLAlchemy.
  part = pd.read_sql(sql, conn)
2026-07-16 05:51:23,193 - INFO - Fetching RKPF reservation metadata batch 14/78 with 200 SOs
C:\Users\Leo.Li\Documents\GitHub\warranty\fetch_all_tickets_fast_with_firebase_MANDT800_REJECTION_FILTER.py:2638: UserWarning: pandas only supports SQLAlchemy connectable (engine/connection) or database string URI or sqlite3 DBAPI2 connection. Other DBAPI2 objects are not tested. Please consider using SQLAlchemy.
  part = pd.read_sql(sql, conn)
2026-07-16 05:51:23,393 - INFO - Fetching RKPF reservation metadata batch 15/78 with 200 SOs
C:\Users\Leo.Li\Documents\GitHub\warranty\fetch_all_tickets_fast_with_firebase_MANDT800_REJECTION_FILTER.py:2638: UserWarning: pandas only supports SQLAlchemy connectable (engine/connection) or database string URI or sqlite3 DBAPI2 connection. Other DBAPI2 objects are not tested. Please consider using SQLAlchemy.
  part = pd.read_sql(sql, conn)
2026-07-16 05:51:23,593 - INFO - Fetching RKPF reservation metadata batch 16/78 with 200 SOs
C:\Users\Leo.Li\Documents\GitHub\warranty\fetch_all_tickets_fast_with_firebase_MANDT800_REJECTION_FILTER.py:2638: UserWarning: pandas only supports SQLAlchemy connectable (engine/connection) or database string URI or sqlite3 DBAPI2 connection. Other DBAPI2 objects are not tested. Please consider using SQLAlchemy.
  part = pd.read_sql(sql, conn)
2026-07-16 05:51:23,793 - INFO - Fetching RKPF reservation metadata batch 17/78 with 200 SOs
C:\Users\Leo.Li\Documents\GitHub\warranty\fetch_all_tickets_fast_with_firebase_MANDT800_REJECTION_FILTER.py:2638: UserWarning: pandas only supports SQLAlchemy connectable (engine/connection) or database string URI or sqlite3 DBAPI2 connection. Other DBAPI2 objects are not tested. Please consider using SQLAlchemy.
  part = pd.read_sql(sql, conn)
2026-07-16 05:51:23,995 - INFO - Fetching RKPF reservation metadata batch 18/78 with 200 SOs
C:\Users\Leo.Li\Documents\GitHub\warranty\fetch_all_tickets_fast_with_firebase_MANDT800_REJECTION_FILTER.py:2638: UserWarning: pandas only supports SQLAlchemy connectable (engine/connection) or database string URI or sqlite3 DBAPI2 connection. Other DBAPI2 objects are not tested. Please consider using SQLAlchemy.
  part = pd.read_sql(sql, conn)
2026-07-16 05:51:24,197 - INFO - Fetching RKPF reservation metadata batch 19/78 with 200 SOs
C:\Users\Leo.Li\Documents\GitHub\warranty\fetch_all_tickets_fast_with_firebase_MANDT800_REJECTION_FILTER.py:2638: UserWarning: pandas only supports SQLAlchemy connectable (engine/connection) or database string URI or sqlite3 DBAPI2 connection. Other DBAPI2 objects are not tested. Please consider using SQLAlchemy.
  part = pd.read_sql(sql, conn)
2026-07-16 05:51:24,399 - INFO - Fetching RKPF reservation metadata batch 20/78 with 200 SOs
C:\Users\Leo.Li\Documents\GitHub\warranty\fetch_all_tickets_fast_with_firebase_MANDT800_REJECTION_FILTER.py:2638: UserWarning: pandas only supports SQLAlchemy connectable (engine/connection) or database string URI or sqlite3 DBAPI2 connection. Other DBAPI2 objects are not tested. Please consider using SQLAlchemy.
  part = pd.read_sql(sql, conn)
2026-07-16 05:51:24,601 - INFO - Fetching RKPF reservation metadata batch 21/78 with 200 SOs
C:\Users\Leo.Li\Documents\GitHub\warranty\fetch_all_tickets_fast_with_firebase_MANDT800_REJECTION_FILTER.py:2638: UserWarning: pandas only supports SQLAlchemy connectable (engine/connection) or database string URI or sqlite3 DBAPI2 connection. Other DBAPI2 objects are not tested. Please consider using SQLAlchemy.
  part = pd.read_sql(sql, conn)
2026-07-16 05:51:24,803 - INFO - Fetching RKPF reservation metadata batch 22/78 with 200 SOs
C:\Users\Leo.Li\Documents\GitHub\warranty\fetch_all_tickets_fast_with_firebase_MANDT800_REJECTION_FILTER.py:2638: UserWarning: pandas only supports SQLAlchemy connectable (engine/connection) or database string URI or sqlite3 DBAPI2 connection. Other DBAPI2 objects are not tested. Please consider using SQLAlchemy.
  part = pd.read_sql(sql, conn)
2026-07-16 05:51:25,005 - INFO - Fetching RKPF reservation metadata batch 23/78 with 200 SOs
C:\Users\Leo.Li\Documents\GitHub\warranty\fetch_all_tickets_fast_with_firebase_MANDT800_REJECTION_FILTER.py:2638: UserWarning: pandas only supports SQLAlchemy connectable (engine/connection) or database string URI or sqlite3 DBAPI2 connection. Other DBAPI2 objects are not tested. Please consider using SQLAlchemy.
  part = pd.read_sql(sql, conn)
2026-07-16 05:51:25,207 - INFO - Fetching RKPF reservation metadata batch 24/78 with 200 SOs
C:\Users\Leo.Li\Documents\GitHub\warranty\fetch_all_tickets_fast_with_firebase_MANDT800_REJECTION_FILTER.py:2638: UserWarning: pandas only supports SQLAlchemy connectable (engine/connection) or database string URI or sqlite3 DBAPI2 connection. Other DBAPI2 objects are not tested. Please consider using SQLAlchemy.
  part = pd.read_sql(sql, conn)
2026-07-16 05:51:25,409 - INFO - Fetching RKPF reservation metadata batch 25/78 with 200 SOs
C:\Users\Leo.Li\Documents\GitHub\warranty\fetch_all_tickets_fast_with_firebase_MANDT800_REJECTION_FILTER.py:2638: UserWarning: pandas only supports SQLAlchemy connectable (engine/connection) or database string URI or sqlite3 DBAPI2 connection. Other DBAPI2 objects are not tested. Please consider using SQLAlchemy.
  part = pd.read_sql(sql, conn)
2026-07-16 05:51:25,611 - INFO - Fetching RKPF reservation metadata batch 26/78 with 200 SOs
C:\Users\Leo.Li\Documents\GitHub\warranty\fetch_all_tickets_fast_with_firebase_MANDT800_REJECTION_FILTER.py:2638: UserWarning: pandas only supports SQLAlchemy connectable (engine/connection) or database string URI or sqlite3 DBAPI2 connection. Other DBAPI2 objects are not tested. Please consider using SQLAlchemy.
  part = pd.read_sql(sql, conn)
2026-07-16 05:51:25,816 - INFO - Fetching RKPF reservation metadata batch 27/78 with 200 SOs
C:\Users\Leo.Li\Documents\GitHub\warranty\fetch_all_tickets_fast_with_firebase_MANDT800_REJECTION_FILTER.py:2638: UserWarning: pandas only supports SQLAlchemy connectable (engine/connection) or database string URI or sqlite3 DBAPI2 connection. Other DBAPI2 objects are not tested. Please consider using SQLAlchemy.
  part = pd.read_sql(sql, conn)
2026-07-16 05:51:26,018 - INFO - Fetching RKPF reservation metadata batch 28/78 with 200 SOs
C:\Users\Leo.Li\Documents\GitHub\warranty\fetch_all_tickets_fast_with_firebase_MANDT800_REJECTION_FILTER.py:2638: UserWarning: pandas only supports SQLAlchemy connectable (engine/connection) or database string URI or sqlite3 DBAPI2 connection. Other DBAPI2 objects are not tested. Please consider using SQLAlchemy.
  part = pd.read_sql(sql, conn)
2026-07-16 05:51:26,220 - INFO - Fetching RKPF reservation metadata batch 29/78 with 200 SOs
C:\Users\Leo.Li\Documents\GitHub\warranty\fetch_all_tickets_fast_with_firebase_MANDT800_REJECTION_FILTER.py:2638: UserWarning: pandas only supports SQLAlchemy connectable (engine/connection) or database string URI or sqlite3 DBAPI2 connection. Other DBAPI2 objects are not tested. Please consider using SQLAlchemy.
  part = pd.read_sql(sql, conn)
2026-07-16 05:51:26,422 - INFO - Fetching RKPF reservation metadata batch 30/78 with 200 SOs
C:\Users\Leo.Li\Documents\GitHub\warranty\fetch_all_tickets_fast_with_firebase_MANDT800_REJECTION_FILTER.py:2638: UserWarning: pandas only supports SQLAlchemy connectable (engine/connection) or database string URI or sqlite3 DBAPI2 connection. Other DBAPI2 objects are not tested. Please consider using SQLAlchemy.
  part = pd.read_sql(sql, conn)
2026-07-16 05:51:26,624 - INFO - Fetching RKPF reservation metadata batch 31/78 with 200 SOs
C:\Users\Leo.Li\Documents\GitHub\warranty\fetch_all_tickets_fast_with_firebase_MANDT800_REJECTION_FILTER.py:2638: UserWarning: pandas only supports SQLAlchemy connectable (engine/connection) or database string URI or sqlite3 DBAPI2 connection. Other DBAPI2 objects are not tested. Please consider using SQLAlchemy.
  part = pd.read_sql(sql, conn)
2026-07-16 05:51:26,826 - INFO - Fetching RKPF reservation metadata batch 32/78 with 200 SOs
C:\Users\Leo.Li\Documents\GitHub\warranty\fetch_all_tickets_fast_with_firebase_MANDT800_REJECTION_FILTER.py:2638: UserWarning: pandas only supports SQLAlchemy connectable (engine/connection) or database string URI or sqlite3 DBAPI2 connection. Other DBAPI2 objects are not tested. Please consider using SQLAlchemy.
  part = pd.read_sql(sql, conn)
2026-07-16 05:51:27,028 - INFO - Fetching RKPF reservation metadata batch 33/78 with 200 SOs
C:\Users\Leo.Li\Documents\GitHub\warranty\fetch_all_tickets_fast_with_firebase_MANDT800_REJECTION_FILTER.py:2638: UserWarning: pandas only supports SQLAlchemy connectable (engine/connection) or database string URI or sqlite3 DBAPI2 connection. Other DBAPI2 objects are not tested. Please consider using SQLAlchemy.
  part = pd.read_sql(sql, conn)
2026-07-16 05:51:27,231 - INFO - Fetching RKPF reservation metadata batch 34/78 with 200 SOs
C:\Users\Leo.Li\Documents\GitHub\warranty\fetch_all_tickets_fast_with_firebase_MANDT800_REJECTION_FILTER.py:2638: UserWarning: pandas only supports SQLAlchemy connectable (engine/connection) or database string URI or sqlite3 DBAPI2 connection. Other DBAPI2 objects are not tested. Please consider using SQLAlchemy.
  part = pd.read_sql(sql, conn)
2026-07-16 05:51:27,433 - INFO - Fetching RKPF reservation metadata batch 35/78 with 200 SOs
C:\Users\Leo.Li\Documents\GitHub\warranty\fetch_all_tickets_fast_with_firebase_MANDT800_REJECTION_FILTER.py:2638: UserWarning: pandas only supports SQLAlchemy connectable (engine/connection) or database string URI or sqlite3 DBAPI2 connection. Other DBAPI2 objects are not tested. Please consider using SQLAlchemy.
  part = pd.read_sql(sql, conn)
2026-07-16 05:51:27,636 - INFO - Fetching RKPF reservation metadata batch 36/78 with 200 SOs
C:\Users\Leo.Li\Documents\GitHub\warranty\fetch_all_tickets_fast_with_firebase_MANDT800_REJECTION_FILTER.py:2638: UserWarning: pandas only supports SQLAlchemy connectable (engine/connection) or database string URI or sqlite3 DBAPI2 connection. Other DBAPI2 objects are not tested. Please consider using SQLAlchemy.
  part = pd.read_sql(sql, conn)
2026-07-16 05:51:27,836 - INFO - Fetching RKPF reservation metadata batch 37/78 with 200 SOs
C:\Users\Leo.Li\Documents\GitHub\warranty\fetch_all_tickets_fast_with_firebase_MANDT800_REJECTION_FILTER.py:2638: UserWarning: pandas only supports SQLAlchemy connectable (engine/connection) or database string URI or sqlite3 DBAPI2 connection. Other DBAPI2 objects are not tested. Please consider using SQLAlchemy.
  part = pd.read_sql(sql, conn)
2026-07-16 05:51:28,038 - INFO - Fetching RKPF reservation metadata batch 38/78 with 200 SOs
C:\Users\Leo.Li\Documents\GitHub\warranty\fetch_all_tickets_fast_with_firebase_MANDT800_REJECTION_FILTER.py:2638: UserWarning: pandas only supports SQLAlchemy connectable (engine/connection) or database string URI or sqlite3 DBAPI2 connection. Other DBAPI2 objects are not tested. Please consider using SQLAlchemy.
  part = pd.read_sql(sql, conn)
2026-07-16 05:51:28,241 - INFO - Fetching RKPF reservation metadata batch 39/78 with 200 SOs
C:\Users\Leo.Li\Documents\GitHub\warranty\fetch_all_tickets_fast_with_firebase_MANDT800_REJECTION_FILTER.py:2638: UserWarning: pandas only supports SQLAlchemy connectable (engine/connection) or database string URI or sqlite3 DBAPI2 connection. Other DBAPI2 objects are not tested. Please consider using SQLAlchemy.
  part = pd.read_sql(sql, conn)
2026-07-16 05:51:28,443 - INFO - Fetching RKPF reservation metadata batch 40/78 with 200 SOs
C:\Users\Leo.Li\Documents\GitHub\warranty\fetch_all_tickets_fast_with_firebase_MANDT800_REJECTION_FILTER.py:2638: UserWarning: pandas only supports SQLAlchemy connectable (engine/connection) or database string URI or sqlite3 DBAPI2 connection. Other DBAPI2 objects are not tested. Please consider using SQLAlchemy.
  part = pd.read_sql(sql, conn)
2026-07-16 05:51:28,645 - INFO - Fetching RKPF reservation metadata batch 41/78 with 200 SOs
C:\Users\Leo.Li\Documents\GitHub\warranty\fetch_all_tickets_fast_with_firebase_MANDT800_REJECTION_FILTER.py:2638: UserWarning: pandas only supports SQLAlchemy connectable (engine/connection) or database string URI or sqlite3 DBAPI2 connection. Other DBAPI2 objects are not tested. Please consider using SQLAlchemy.
  part = pd.read_sql(sql, conn)
2026-07-16 05:51:28,848 - INFO - Fetching RKPF reservation metadata batch 42/78 with 200 SOs
C:\Users\Leo.Li\Documents\GitHub\warranty\fetch_all_tickets_fast_with_firebase_MANDT800_REJECTION_FILTER.py:2638: UserWarning: pandas only supports SQLAlchemy connectable (engine/connection) or database string URI or sqlite3 DBAPI2 connection. Other DBAPI2 objects are not tested. Please consider using SQLAlchemy.
  part = pd.read_sql(sql, conn)
2026-07-16 05:51:29,050 - INFO - Fetching RKPF reservation metadata batch 43/78 with 200 SOs
C:\Users\Leo.Li\Documents\GitHub\warranty\fetch_all_tickets_fast_with_firebase_MANDT800_REJECTION_FILTER.py:2638: UserWarning: pandas only supports SQLAlchemy connectable (engine/connection) or database string URI or sqlite3 DBAPI2 connection. Other DBAPI2 objects are not tested. Please consider using SQLAlchemy.
  part = pd.read_sql(sql, conn)
2026-07-16 05:51:29,252 - INFO - Fetching RKPF reservation metadata batch 44/78 with 200 SOs
C:\Users\Leo.Li\Documents\GitHub\warranty\fetch_all_tickets_fast_with_firebase_MANDT800_REJECTION_FILTER.py:2638: UserWarning: pandas only supports SQLAlchemy connectable (engine/connection) or database string URI or sqlite3 DBAPI2 connection. Other DBAPI2 objects are not tested. Please consider using SQLAlchemy.
  part = pd.read_sql(sql, conn)
2026-07-16 05:51:29,454 - INFO - Fetching RKPF reservation metadata batch 45/78 with 200 SOs
C:\Users\Leo.Li\Documents\GitHub\warranty\fetch_all_tickets_fast_with_firebase_MANDT800_REJECTION_FILTER.py:2638: UserWarning: pandas only supports SQLAlchemy connectable (engine/connection) or database string URI or sqlite3 DBAPI2 connection. Other DBAPI2 objects are not tested. Please consider using SQLAlchemy.
  part = pd.read_sql(sql, conn)
2026-07-16 05:51:29,656 - INFO - Fetching RKPF reservation metadata batch 46/78 with 200 SOs
C:\Users\Leo.Li\Documents\GitHub\warranty\fetch_all_tickets_fast_with_firebase_MANDT800_REJECTION_FILTER.py:2638: UserWarning: pandas only supports SQLAlchemy connectable (engine/connection) or database string URI or sqlite3 DBAPI2 connection. Other DBAPI2 objects are not tested. Please consider using SQLAlchemy.
  part = pd.read_sql(sql, conn)
2026-07-16 05:51:29,857 - INFO - Fetching RKPF reservation metadata batch 47/78 with 200 SOs
C:\Users\Leo.Li\Documents\GitHub\warranty\fetch_all_tickets_fast_with_firebase_MANDT800_REJECTION_FILTER.py:2638: UserWarning: pandas only supports SQLAlchemy connectable (engine/connection) or database string URI or sqlite3 DBAPI2 connection. Other DBAPI2 objects are not tested. Please consider using SQLAlchemy.
  part = pd.read_sql(sql, conn)
2026-07-16 05:51:30,059 - INFO - Fetching RKPF reservation metadata batch 48/78 with 200 SOs
C:\Users\Leo.Li\Documents\GitHub\warranty\fetch_all_tickets_fast_with_firebase_MANDT800_REJECTION_FILTER.py:2638: UserWarning: pandas only supports SQLAlchemy connectable (engine/connection) or database string URI or sqlite3 DBAPI2 connection. Other DBAPI2 objects are not tested. Please consider using SQLAlchemy.
  part = pd.read_sql(sql, conn)
2026-07-16 05:51:30,260 - INFO - Fetching RKPF reservation metadata batch 49/78 with 200 SOs
C:\Users\Leo.Li\Documents\GitHub\warranty\fetch_all_tickets_fast_with_firebase_MANDT800_REJECTION_FILTER.py:2638: UserWarning: pandas only supports SQLAlchemy connectable (engine/connection) or database string URI or sqlite3 DBAPI2 connection. Other DBAPI2 objects are not tested. Please consider using SQLAlchemy.
  part = pd.read_sql(sql, conn)
2026-07-16 05:51:30,462 - INFO - Fetching RKPF reservation metadata batch 50/78 with 200 SOs
C:\Users\Leo.Li\Documents\GitHub\warranty\fetch_all_tickets_fast_with_firebase_MANDT800_REJECTION_FILTER.py:2638: UserWarning: pandas only supports SQLAlchemy connectable (engine/connection) or database string URI or sqlite3 DBAPI2 connection. Other DBAPI2 objects are not tested. Please consider using SQLAlchemy.
  part = pd.read_sql(sql, conn)
2026-07-16 05:51:30,663 - INFO - Fetching RKPF reservation metadata batch 51/78 with 200 SOs
C:\Users\Leo.Li\Documents\GitHub\warranty\fetch_all_tickets_fast_with_firebase_MANDT800_REJECTION_FILTER.py:2638: UserWarning: pandas only supports SQLAlchemy connectable (engine/connection) or database string URI or sqlite3 DBAPI2 connection. Other DBAPI2 objects are not tested. Please consider using SQLAlchemy.
  part = pd.read_sql(sql, conn)
2026-07-16 05:51:30,864 - INFO - Fetching RKPF reservation metadata batch 52/78 with 200 SOs
C:\Users\Leo.Li\Documents\GitHub\warranty\fetch_all_tickets_fast_with_firebase_MANDT800_REJECTION_FILTER.py:2638: UserWarning: pandas only supports SQLAlchemy connectable (engine/connection) or database string URI or sqlite3 DBAPI2 connection. Other DBAPI2 objects are not tested. Please consider using SQLAlchemy.
  part = pd.read_sql(sql, conn)
2026-07-16 05:51:31,064 - INFO - Fetching RKPF reservation metadata batch 53/78 with 200 SOs
C:\Users\Leo.Li\Documents\GitHub\warranty\fetch_all_tickets_fast_with_firebase_MANDT800_REJECTION_FILTER.py:2638: UserWarning: pandas only supports SQLAlchemy connectable (engine/connection) or database string URI or sqlite3 DBAPI2 connection. Other DBAPI2 objects are not tested. Please consider using SQLAlchemy.
  part = pd.read_sql(sql, conn)
2026-07-16 05:51:31,263 - INFO - Fetching RKPF reservation metadata batch 54/78 with 200 SOs
C:\Users\Leo.Li\Documents\GitHub\warranty\fetch_all_tickets_fast_with_firebase_MANDT800_REJECTION_FILTER.py:2638: UserWarning: pandas only supports SQLAlchemy connectable (engine/connection) or database string URI or sqlite3 DBAPI2 connection. Other DBAPI2 objects are not tested. Please consider using SQLAlchemy.
  part = pd.read_sql(sql, conn)
2026-07-16 05:51:31,463 - INFO - Fetching RKPF reservation metadata batch 55/78 with 200 SOs
C:\Users\Leo.Li\Documents\GitHub\warranty\fetch_all_tickets_fast_with_firebase_MANDT800_REJECTION_FILTER.py:2638: UserWarning: pandas only supports SQLAlchemy connectable (engine/connection) or database string URI or sqlite3 DBAPI2 connection. Other DBAPI2 objects are not tested. Please consider using SQLAlchemy.
  part = pd.read_sql(sql, conn)
2026-07-16 05:51:31,662 - INFO - Fetching RKPF reservation metadata batch 56/78 with 200 SOs
C:\Users\Leo.Li\Documents\GitHub\warranty\fetch_all_tickets_fast_with_firebase_MANDT800_REJECTION_FILTER.py:2638: UserWarning: pandas only supports SQLAlchemy connectable (engine/connection) or database string URI or sqlite3 DBAPI2 connection. Other DBAPI2 objects are not tested. Please consider using SQLAlchemy.
  part = pd.read_sql(sql, conn)
2026-07-16 05:51:31,863 - INFO - Fetching RKPF reservation metadata batch 57/78 with 200 SOs
C:\Users\Leo.Li\Documents\GitHub\warranty\fetch_all_tickets_fast_with_firebase_MANDT800_REJECTION_FILTER.py:2638: UserWarning: pandas only supports SQLAlchemy connectable (engine/connection) or database string URI or sqlite3 DBAPI2 connection. Other DBAPI2 objects are not tested. Please consider using SQLAlchemy.
  part = pd.read_sql(sql, conn)
2026-07-16 05:51:32,063 - INFO - Fetching RKPF reservation metadata batch 58/78 with 200 SOs
C:\Users\Leo.Li\Documents\GitHub\warranty\fetch_all_tickets_fast_with_firebase_MANDT800_REJECTION_FILTER.py:2638: UserWarning: pandas only supports SQLAlchemy connectable (engine/connection) or database string URI or sqlite3 DBAPI2 connection. Other DBAPI2 objects are not tested. Please consider using SQLAlchemy.
  part = pd.read_sql(sql, conn)
2026-07-16 05:51:32,265 - INFO - Fetching RKPF reservation metadata batch 59/78 with 200 SOs
C:\Users\Leo.Li\Documents\GitHub\warranty\fetch_all_tickets_fast_with_firebase_MANDT800_REJECTION_FILTER.py:2638: UserWarning: pandas only supports SQLAlchemy connectable (engine/connection) or database string URI or sqlite3 DBAPI2 connection. Other DBAPI2 objects are not tested. Please consider using SQLAlchemy.
  part = pd.read_sql(sql, conn)
2026-07-16 05:51:32,464 - INFO - Fetching RKPF reservation metadata batch 60/78 with 200 SOs
C:\Users\Leo.Li\Documents\GitHub\warranty\fetch_all_tickets_fast_with_firebase_MANDT800_REJECTION_FILTER.py:2638: UserWarning: pandas only supports SQLAlchemy connectable (engine/connection) or database string URI or sqlite3 DBAPI2 connection. Other DBAPI2 objects are not tested. Please consider using SQLAlchemy.
  part = pd.read_sql(sql, conn)
2026-07-16 05:51:32,665 - INFO - Fetching RKPF reservation metadata batch 61/78 with 200 SOs
C:\Users\Leo.Li\Documents\GitHub\warranty\fetch_all_tickets_fast_with_firebase_MANDT800_REJECTION_FILTER.py:2638: UserWarning: pandas only supports SQLAlchemy connectable (engine/connection) or database string URI or sqlite3 DBAPI2 connection. Other DBAPI2 objects are not tested. Please consider using SQLAlchemy.
  part = pd.read_sql(sql, conn)
2026-07-16 05:51:32,867 - INFO - Fetching RKPF reservation metadata batch 62/78 with 200 SOs
C:\Users\Leo.Li\Documents\GitHub\warranty\fetch_all_tickets_fast_with_firebase_MANDT800_REJECTION_FILTER.py:2638: UserWarning: pandas only supports SQLAlchemy connectable (engine/connection) or database string URI or sqlite3 DBAPI2 connection. Other DBAPI2 objects are not tested. Please consider using SQLAlchemy.
  part = pd.read_sql(sql, conn)
2026-07-16 05:51:33,070 - INFO - Fetching RKPF reservation metadata batch 63/78 with 200 SOs
C:\Users\Leo.Li\Documents\GitHub\warranty\fetch_all_tickets_fast_with_firebase_MANDT800_REJECTION_FILTER.py:2638: UserWarning: pandas only supports SQLAlchemy connectable (engine/connection) or database string URI or sqlite3 DBAPI2 connection. Other DBAPI2 objects are not tested. Please consider using SQLAlchemy.
  part = pd.read_sql(sql, conn)
2026-07-16 05:51:33,272 - INFO - Fetching RKPF reservation metadata batch 64/78 with 200 SOs
C:\Users\Leo.Li\Documents\GitHub\warranty\fetch_all_tickets_fast_with_firebase_MANDT800_REJECTION_FILTER.py:2638: UserWarning: pandas only supports SQLAlchemy connectable (engine/connection) or database string URI or sqlite3 DBAPI2 connection. Other DBAPI2 objects are not tested. Please consider using SQLAlchemy.
  part = pd.read_sql(sql, conn)
2026-07-16 05:51:33,475 - INFO - Fetching RKPF reservation metadata batch 65/78 with 200 SOs
C:\Users\Leo.Li\Documents\GitHub\warranty\fetch_all_tickets_fast_with_firebase_MANDT800_REJECTION_FILTER.py:2638: UserWarning: pandas only supports SQLAlchemy connectable (engine/connection) or database string URI or sqlite3 DBAPI2 connection. Other DBAPI2 objects are not tested. Please consider using SQLAlchemy.
  part = pd.read_sql(sql, conn)
2026-07-16 05:51:33,678 - INFO - Fetching RKPF reservation metadata batch 66/78 with 200 SOs
C:\Users\Leo.Li\Documents\GitHub\warranty\fetch_all_tickets_fast_with_firebase_MANDT800_REJECTION_FILTER.py:2638: UserWarning: pandas only supports SQLAlchemy connectable (engine/connection) or database string URI or sqlite3 DBAPI2 connection. Other DBAPI2 objects are not tested. Please consider using SQLAlchemy.
  part = pd.read_sql(sql, conn)
2026-07-16 05:51:33,879 - INFO - Fetching RKPF reservation metadata batch 67/78 with 200 SOs
C:\Users\Leo.Li\Documents\GitHub\warranty\fetch_all_tickets_fast_with_firebase_MANDT800_REJECTION_FILTER.py:2638: UserWarning: pandas only supports SQLAlchemy connectable (engine/connection) or database string URI or sqlite3 DBAPI2 connection. Other DBAPI2 objects are not tested. Please consider using SQLAlchemy.
  part = pd.read_sql(sql, conn)
2026-07-16 05:51:34,080 - INFO - Fetching RKPF reservation metadata batch 68/78 with 200 SOs
C:\Users\Leo.Li\Documents\GitHub\warranty\fetch_all_tickets_fast_with_firebase_MANDT800_REJECTION_FILTER.py:2638: UserWarning: pandas only supports SQLAlchemy connectable (engine/connection) or database string URI or sqlite3 DBAPI2 connection. Other DBAPI2 objects are not tested. Please consider using SQLAlchemy.
  part = pd.read_sql(sql, conn)
2026-07-16 05:51:34,282 - INFO - Fetching RKPF reservation metadata batch 69/78 with 200 SOs
C:\Users\Leo.Li\Documents\GitHub\warranty\fetch_all_tickets_fast_with_firebase_MANDT800_REJECTION_FILTER.py:2638: UserWarning: pandas only supports SQLAlchemy connectable (engine/connection) or database string URI or sqlite3 DBAPI2 connection. Other DBAPI2 objects are not tested. Please consider using SQLAlchemy.
  part = pd.read_sql(sql, conn)
2026-07-16 05:51:34,484 - INFO - Fetching RKPF reservation metadata batch 70/78 with 200 SOs
C:\Users\Leo.Li\Documents\GitHub\warranty\fetch_all_tickets_fast_with_firebase_MANDT800_REJECTION_FILTER.py:2638: UserWarning: pandas only supports SQLAlchemy connectable (engine/connection) or database string URI or sqlite3 DBAPI2 connection. Other DBAPI2 objects are not tested. Please consider using SQLAlchemy.
  part = pd.read_sql(sql, conn)
2026-07-16 05:51:34,685 - INFO - Fetching RKPF reservation metadata batch 71/78 with 200 SOs
C:\Users\Leo.Li\Documents\GitHub\warranty\fetch_all_tickets_fast_with_firebase_MANDT800_REJECTION_FILTER.py:2638: UserWarning: pandas only supports SQLAlchemy connectable (engine/connection) or database string URI or sqlite3 DBAPI2 connection. Other DBAPI2 objects are not tested. Please consider using SQLAlchemy.
  part = pd.read_sql(sql, conn)
2026-07-16 05:51:34,888 - INFO - Fetching RKPF reservation metadata batch 72/78 with 200 SOs
C:\Users\Leo.Li\Documents\GitHub\warranty\fetch_all_tickets_fast_with_firebase_MANDT800_REJECTION_FILTER.py:2638: UserWarning: pandas only supports SQLAlchemy connectable (engine/connection) or database string URI or sqlite3 DBAPI2 connection. Other DBAPI2 objects are not tested. Please consider using SQLAlchemy.
  part = pd.read_sql(sql, conn)
2026-07-16 05:51:35,089 - INFO - Fetching RKPF reservation metadata batch 73/78 with 200 SOs
C:\Users\Leo.Li\Documents\GitHub\warranty\fetch_all_tickets_fast_with_firebase_MANDT800_REJECTION_FILTER.py:2638: UserWarning: pandas only supports SQLAlchemy connectable (engine/connection) or database string URI or sqlite3 DBAPI2 connection. Other DBAPI2 objects are not tested. Please consider using SQLAlchemy.
  part = pd.read_sql(sql, conn)
2026-07-16 05:51:35,290 - INFO - Fetching RKPF reservation metadata batch 74/78 with 200 SOs
C:\Users\Leo.Li\Documents\GitHub\warranty\fetch_all_tickets_fast_with_firebase_MANDT800_REJECTION_FILTER.py:2638: UserWarning: pandas only supports SQLAlchemy connectable (engine/connection) or database string URI or sqlite3 DBAPI2 connection. Other DBAPI2 objects are not tested. Please consider using SQLAlchemy.
  part = pd.read_sql(sql, conn)
2026-07-16 05:51:35,492 - INFO - Fetching RKPF reservation metadata batch 75/78 with 200 SOs
C:\Users\Leo.Li\Documents\GitHub\warranty\fetch_all_tickets_fast_with_firebase_MANDT800_REJECTION_FILTER.py:2638: UserWarning: pandas only supports SQLAlchemy connectable (engine/connection) or database string URI or sqlite3 DBAPI2 connection. Other DBAPI2 objects are not tested. Please consider using SQLAlchemy.
  part = pd.read_sql(sql, conn)
2026-07-16 05:51:35,695 - INFO - Fetching RKPF reservation metadata batch 76/78 with 200 SOs
C:\Users\Leo.Li\Documents\GitHub\warranty\fetch_all_tickets_fast_with_firebase_MANDT800_REJECTION_FILTER.py:2638: UserWarning: pandas only supports SQLAlchemy connectable (engine/connection) or database string URI or sqlite3 DBAPI2 connection. Other DBAPI2 objects are not tested. Please consider using SQLAlchemy.
  part = pd.read_sql(sql, conn)
2026-07-16 05:51:35,896 - INFO - Fetching RKPF reservation metadata batch 77/78 with 200 SOs
C:\Users\Leo.Li\Documents\GitHub\warranty\fetch_all_tickets_fast_with_firebase_MANDT800_REJECTION_FILTER.py:2638: UserWarning: pandas only supports SQLAlchemy connectable (engine/connection) or database string URI or sqlite3 DBAPI2 connection. Other DBAPI2 objects are not tested. Please consider using SQLAlchemy.
  part = pd.read_sql(sql, conn)
2026-07-16 05:51:36,098 - INFO - Fetching RKPF reservation metadata batch 78/78 with 108 SOs
C:\Users\Leo.Li\Documents\GitHub\warranty\fetch_all_tickets_fast_with_firebase_MANDT800_REJECTION_FILTER.py:2638: UserWarning: pandas only supports SQLAlchemy connectable (engine/connection) or database string URI or sqlite3 DBAPI2 connection. Other DBAPI2 objects are not tested. Please consider using SQLAlchemy.
  part = pd.read_sql(sql, conn)
2026-07-16 05:51:38,156 - INFO - SAP unmatched changed tickets. Clearing old SO fields: 270
2026-07-16 05:51:38,392 - INFO - [FB CLEAR UNMATCHED SO] batch=1 paths=1890 bytes~=91859
2026-07-16 05:51:38,966 - INFO - [FB CLEAR UNMATCHED SO] batch=1 done
2026-07-16 05:51:38,985 - INFO - Fetching SAP material prices for 1325 unique materials
2026-07-16 05:51:39,762 - INFO - [3090 SO] batch 1 (500 materials)
C:\Users\Leo.Li\Documents\GitHub\warranty\sap_material_prices.py:281: UserWarning: pandas only supports SQLAlchemy connectable (engine/connection) or database string URI or sqlite3 DBAPI2 connection. Other DBAPI2 objects are not tested. Please consider using SQLAlchemy.
  df = pd.read_sql(sql, conn)
2026-07-16 05:51:40,186 - INFO - [3090 SO] batch 2 (500 materials)
C:\Users\Leo.Li\Documents\GitHub\warranty\sap_material_prices.py:281: UserWarning: pandas only supports SQLAlchemy connectable (engine/connection) or database string URI or sqlite3 DBAPI2 connection. Other DBAPI2 objects are not tested. Please consider using SQLAlchemy.
  df = pd.read_sql(sql, conn)
2026-07-16 05:51:40,593 - INFO - [3090 SO] batch 3 (325 materials)
C:\Users\Leo.Li\Documents\GitHub\warranty\sap_material_prices.py:281: UserWarning: pandas only supports SQLAlchemy connectable (engine/connection) or database string URI or sqlite3 DBAPI2 connection. Other DBAPI2 objects are not tested. Please consider using SQLAlchemy.
  df = pd.read_sql(sql, conn)
2026-07-16 05:51:41,002 - INFO - [3090 SO] found for 591 / 1325 materials
2026-07-16 05:51:41,002 - INFO - [3110 PO] batch 1 (500 materials)
C:\Users\Leo.Li\Documents\GitHub\warranty\sap_material_prices.py:281: UserWarning: pandas only supports SQLAlchemy connectable (engine/connection) or database string URI or sqlite3 DBAPI2 connection. Other DBAPI2 objects are not tested. Please consider using SQLAlchemy.
  df = pd.read_sql(sql, conn)
2026-07-16 05:51:41,423 - INFO - [3110 PO] batch 2 (500 materials)
C:\Users\Leo.Li\Documents\GitHub\warranty\sap_material_prices.py:281: UserWarning: pandas only supports SQLAlchemy connectable (engine/connection) or database string URI or sqlite3 DBAPI2 connection. Other DBAPI2 objects are not tested. Please consider using SQLAlchemy.
  df = pd.read_sql(sql, conn)
2026-07-16 05:51:41,849 - INFO - [3110 PO] batch 3 (325 materials)
C:\Users\Leo.Li\Documents\GitHub\warranty\sap_material_prices.py:281: UserWarning: pandas only supports SQLAlchemy connectable (engine/connection) or database string URI or sqlite3 DBAPI2 connection. Other DBAPI2 objects are not tested. Please consider using SQLAlchemy.
  df = pd.read_sql(sql, conn)
2026-07-16 05:51:42,264 - INFO - [3110 PO] found for 1149 / 1325 materials
2026-07-16 05:51:42,264 - INFO - [3091 PO] batch 1 (500 materials)
C:\Users\Leo.Li\Documents\GitHub\warranty\sap_material_prices.py:281: UserWarning: pandas only supports SQLAlchemy connectable (engine/connection) or database string URI or sqlite3 DBAPI2 connection. Other DBAPI2 objects are not tested. Please consider using SQLAlchemy.
  df = pd.read_sql(sql, conn)
2026-07-16 05:51:42,669 - INFO - [3091 PO] batch 2 (500 materials)
C:\Users\Leo.Li\Documents\GitHub\warranty\sap_material_prices.py:281: UserWarning: pandas only supports SQLAlchemy connectable (engine/connection) or database string URI or sqlite3 DBAPI2 connection. Other DBAPI2 objects are not tested. Please consider using SQLAlchemy.
  df = pd.read_sql(sql, conn)
2026-07-16 05:51:43,080 - INFO - [3091 PO] batch 3 (325 materials)
C:\Users\Leo.Li\Documents\GitHub\warranty\sap_material_prices.py:281: UserWarning: pandas only supports SQLAlchemy connectable (engine/connection) or database string URI or sqlite3 DBAPI2 connection. Other DBAPI2 objects are not tested. Please consider using SQLAlchemy.
  df = pd.read_sql(sql, conn)
2026-07-16 05:51:43,487 - INFO - [3091 PO] found for 645 / 1325 materials
2026-07-16 05:51:43,487 - INFO - Step 8/9: Uploading refreshed SO fields to Firebase ...
2026-07-16 05:52:40,308 - INFO - [FB SO UPLOAD] batch=1 paths=8000 bytes~=1281937
2026-07-16 05:52:40,988 - INFO - [FB SO UPLOAD] batch=1 done
2026-07-16 05:53:08,407 - INFO - [FB SO UPLOAD] batch=2 paths=8000 bytes~=1295781
2026-07-16 05:53:08,885 - INFO - [FB SO UPLOAD] batch=2 done
2026-07-16 05:53:40,329 - INFO - [FB SO UPLOAD] batch=3 paths=8000 bytes~=1324037
2026-07-16 05:53:40,757 - INFO - [FB SO UPLOAD] batch=3 done
2026-07-16 05:54:12,042 - INFO - [FB SO UPLOAD] batch=4 paths=8000 bytes~=1392450
2026-07-16 05:54:12,473 - INFO - [FB SO UPLOAD] batch=4 done
2026-07-16 05:54:49,360 - INFO - [FB SO UPLOAD] batch=5 paths=8000 bytes~=1477861
2026-07-16 05:54:49,769 - INFO - [FB SO UPLOAD] batch=5 done
2026-07-16 05:55:19,945 - INFO - [FB SO UPLOAD] batch=6 paths=8000 bytes~=1444070
2026-07-16 05:55:20,386 - INFO - [FB SO UPLOAD] batch=6 done
2026-07-16 05:55:51,041 - INFO - [FB SO UPLOAD] batch=7 paths=8000 bytes~=1571375
2026-07-16 05:55:51,464 - INFO - [FB SO UPLOAD] batch=7 done
2026-07-16 05:56:18,144 - INFO - [FB SO UPLOAD] batch=8 paths=8000 bytes~=1470250
2026-07-16 05:56:18,602 - INFO - [FB SO UPLOAD] batch=8 done
2026-07-16 05:56:46,573 - INFO - [FB SO UPLOAD] batch=9 paths=8000 bytes~=1443464
2026-07-16 05:56:47,013 - INFO - [FB SO UPLOAD] batch=9 done
2026-07-16 05:57:16,767 - INFO - [FB SO UPLOAD] batch=10 paths=8000 bytes~=1420816
2026-07-16 05:57:17,170 - INFO - [FB SO UPLOAD] batch=10 done
2026-07-16 05:57:41,953 - INFO - [FB SO UPLOAD] batch=11 paths=8000 bytes~=1353371
2026-07-16 05:57:42,383 - INFO - [FB SO UPLOAD] batch=11 done
2026-07-16 05:58:08,542 - INFO - [FB SO UPLOAD] batch=12 paths=8000 bytes~=1441649
2026-07-16 05:58:08,998 - INFO - [FB SO UPLOAD] batch=12 done
2026-07-16 05:58:30,883 - INFO - [FB SO UPLOAD] batch=13 paths=8000 bytes~=1278573
2026-07-16 05:58:31,300 - INFO - [FB SO UPLOAD] batch=13 done
2026-07-16 05:58:56,108 - INFO - [FB SO UPLOAD] batch=14 paths=8000 bytes~=1374096
2026-07-16 05:58:56,543 - INFO - [FB SO UPLOAD] batch=14 done
2026-07-16 05:59:20,728 - INFO - [FB SO UPLOAD] batch=15 paths=8000 bytes~=1365495
2026-07-16 05:59:21,165 - INFO - [FB SO UPLOAD] batch=15 done
2026-07-16 05:59:49,428 - INFO - [FB SO UPLOAD] batch=16 paths=8000 bytes~=1478267
2026-07-16 05:59:49,843 - INFO - [FB SO UPLOAD] batch=16 done
2026-07-16 06:00:21,429 - INFO - [FB SO UPLOAD] batch=17 paths=8000 bytes~=1500769
2026-07-16 06:00:21,898 - INFO - [FB SO UPLOAD] batch=17 done
2026-07-16 06:00:51,037 - INFO - [FB SO UPLOAD] batch=18 paths=8000 bytes~=1508386
2026-07-16 06:00:51,457 - INFO - [FB SO UPLOAD] batch=18 done
2026-07-16 06:01:28,982 - INFO - [FB SO UPLOAD] batch=19 paths=8000 bytes~=1574863
2026-07-16 06:01:29,450 - INFO - [FB SO UPLOAD] batch=19 done
2026-07-16 06:01:57,018 - INFO - [FB SO UPLOAD] batch=20 paths=8000 bytes~=1502525
2026-07-16 06:01:57,494 - INFO - [FB SO UPLOAD] batch=20 done
2026-07-16 06:02:23,996 - INFO - [FB SO UPLOAD] batch=21 paths=8000 bytes~=1426914
2026-07-16 06:02:24,444 - INFO - [FB SO UPLOAD] batch=21 done
2026-07-16 06:02:56,709 - INFO - [FB SO UPLOAD] batch=22 paths=8000 bytes~=1397652
2026-07-16 06:02:57,240 - INFO - [FB SO UPLOAD] batch=22 done
2026-07-16 06:03:31,927 - INFO - [FB SO UPLOAD] batch=23 paths=8000 bytes~=1456944
2026-07-16 06:03:32,423 - INFO - [FB SO UPLOAD] batch=23 done
2026-07-16 06:03:55,429 - INFO - [FB SO UPLOAD] batch=24 paths=8000 bytes~=1086907
2026-07-16 06:03:55,850 - INFO - [FB SO UPLOAD] batch=24 done
2026-07-16 06:04:22,102 - INFO - [FB SO UPLOAD] batch=25 paths=8000 bytes~=1222224
2026-07-16 06:04:22,528 - INFO - [FB SO UPLOAD] batch=25 done
2026-07-16 06:04:49,225 - INFO - [FB SO UPLOAD] batch=26 paths=8000 bytes~=1230380
2026-07-16 06:04:49,621 - INFO - [FB SO UPLOAD] batch=26 done
2026-07-16 06:05:15,509 - INFO - [FB SO UPLOAD] batch=27 paths=8000 bytes~=1266854
2026-07-16 06:05:15,936 - INFO - [FB SO UPLOAD] batch=27 done
2026-07-16 06:05:24,864 - INFO - [FB SO UPLOAD] batch=28 paths=5018 bytes~=764998
2026-07-16 06:05:25,177 - INFO - [FB SO UPLOAD] batch=28 done
2026-07-16 06:05:31,260 - INFO - [FB VEHICLE DISPATCH] batch=1 paths=8000 bytes~=512138
2026-07-16 06:05:32,164 - INFO - [FB VEHICLE DISPATCH] batch=1 done
2026-07-16 06:05:37,525 - INFO - [FB VEHICLE DISPATCH] batch=2 paths=8000 bytes~=502278
2026-07-16 06:05:37,967 - INFO - [FB VEHICLE DISPATCH] batch=2 done
2026-07-16 06:05:43,412 - INFO - [FB VEHICLE DISPATCH] batch=3 paths=8000 bytes~=513376
2026-07-16 06:05:43,889 - INFO - [FB VEHICLE DISPATCH] batch=3 done
2026-07-16 06:05:49,203 - INFO - [FB VEHICLE DISPATCH] batch=4 paths=8000 bytes~=496598
2026-07-16 06:05:49,657 - INFO - [FB VEHICLE DISPATCH] batch=4 done
2026-07-16 06:05:55,005 - INFO - [FB VEHICLE DISPATCH] batch=5 paths=8000 bytes~=498956
2026-07-16 06:05:55,459 - INFO - [FB VEHICLE DISPATCH] batch=5 done
2026-07-16 06:06:00,854 - INFO - [FB VEHICLE DISPATCH] batch=6 paths=8000 bytes~=504634
2026-07-16 06:06:01,321 - INFO - [FB VEHICLE DISPATCH] batch=6 done
2026-07-16 06:06:06,659 - INFO - [FB VEHICLE DISPATCH] batch=7 paths=8000 bytes~=499451
2026-07-16 06:06:07,129 - INFO - [FB VEHICLE DISPATCH] batch=7 done
2026-07-16 06:06:12,603 - INFO - [FB VEHICLE DISPATCH] batch=8 paths=8000 bytes~=514660
2026-07-16 06:06:13,074 - INFO - [FB VEHICLE DISPATCH] batch=8 done
2026-07-16 06:06:18,525 - INFO - [FB VEHICLE DISPATCH] batch=9 paths=8000 bytes~=514564
2026-07-16 06:06:18,996 - INFO - [FB VEHICLE DISPATCH] batch=9 done
2026-07-16 06:06:24,382 - INFO - [FB VEHICLE DISPATCH] batch=10 paths=8000 bytes~=512028
2026-07-16 06:06:24,847 - INFO - [FB VEHICLE DISPATCH] batch=10 done
2026-07-16 06:06:30,208 - INFO - [FB VEHICLE DISPATCH] batch=11 paths=8000 bytes~=505382
2026-07-16 06:06:30,682 - INFO - [FB VEHICLE DISPATCH] batch=11 done
2026-07-16 06:06:34,485 - INFO - [FB VEHICLE DISPATCH] batch=12 paths=6722 bytes~=427634
2026-07-16 06:06:34,846 - INFO - [FB VEHICLE DISPATCH] batch=12 done
2026-07-16 06:06:35,310 - INFO - Step 8A/9: Writing Approved Cost SAP PO Short Text sidecar to Firebase ...
2026-07-16 06:06:37,516 - INFO - Wrote Approved Cost SAP PO Short Text sidecar (tickets=20983, total=15960126.27)
2026-07-16 06:06:38,246 - INFO - Pushed vehicle base summary to Firebase: 4939 vehicles across 9 series
2026-07-16 06:06:45,404 - INFO - Step 8B/9: Writing HANA-derived delivery-flow cost sidecar to Firebase ...
2026-07-16 06:06:45,856 - INFO - Wrote HANA cost sidecar for 2026-07-15 (totalCost=1687509.65, poTotal=1683896.08, fallbackTotal=3613.58)
2026-07-16 06:06:45,856 - INFO - Step 9/9: Updating changed ticket hash snapshot ...
2026-07-16 06:06:46,192 - INFO - [FB HASH SNAPSHOT] batch=1 paths=1252 bytes~=136308
2026-07-16 06:06:46,399 - INFO - [FB HASH SNAPSHOT] batch=1 done
2026-07-16 06:06:46,399 - INFO - Excel export disabled. Firebase is the source for dashboard data.
2026-07-16 06:06:46,401 - INFO - Step 10/11: Rebuilding analysis assets from updated Firebase tickets ...
2026-07-16 06:06:46,499 - INFO - Rebuilding model-series assets with parts output dir: C:\Users\Leo.Li\Documents\GitHub\warranty\outputs\parts_classification_2026-07-16
2026-07-16 06:06:46,500 - INFO - Parts seed meta: C:\Users\Leo.Li\Documents\GitHub\warranty\outputs\parts_classified_meta.json
2026-07-16 06:06:46,500 - INFO - Failure timing export: C:\Users\Leo.Li\AppData\Local\Python\pythoncore-3.14-64\python.exe export_vehicle_failure_timing_2025_2026.py --firebase-db-url https://snowy-hr-report-default-rtdb.asia-southeast1.firebasedatabase.app --firebase-sa-path C:\Users\Leo.Li\Documents\GitHub\warranty\firebase-service-account.json --firebase-root c4cTickets_test --log-level INFO
2026-07-16 06:06:47,132 INFO Export start: start=20250101 end=20261231 sales_org=3110 sap_client=800
C:\Users\Leo.Li\Documents\GitHub\warranty\export_vehicle_failure_timing_2025_2026.py:451: UserWarning: pandas only supports SQLAlchemy connectable (engine/connection) or database string URI or sqlite3 DBAPI2 connection. Other DBAPI2 objects are not tested. Please consider using SQLAlchemy.
  df = pd.read_sql(sql, conn)
2026-07-16 06:06:50,963 INFO PGI audit rows: 5057
2026-07-16 06:06:52,041 INFO Sold vehicles: 4716
2026-07-16 06:06:58,835 INFO Tickets loaded from Firebase: 32611
2026-07-16 06:06:59,426 INFO Tickets loaded from local CSV: 31992
2026-07-16 06:07:01,052 INFO Tickets enriched from local CSV: 32611 -> 32611
2026-07-16 06:07:22,533 INFO Latest workbook updated: C:\Users\Leo.Li\Documents\GitHub\warranty\outputs\vehicle_failure_timing_2025_2026_latest.xlsx
2026-07-16 06:07:22,535 INFO Workbook written: C:\Users\Leo.Li\Documents\GitHub\warranty\outputs\vehicle_failure_timing_2025_2026_20260716_060705.xlsx
2026-07-16 06:07:22,535 INFO Analysis ticket timing assets written: C:\Users\Leo.Li\Documents\GitHub\warranty\outputs\analysis_ticket_failure_timing.csv, C:\Users\Leo.Li\Documents\GitHub\warranty\outputs\analysis_ticket_failure_timing.js
2026-07-16 06:07:22,535 INFO Sold vehicle summary written: C:\Users\Leo.Li\Documents\GitHub\warranty\outputs\vehicle_failure_timing_2025_2026_latest_summary.json
C:\Users\Leo.Li\Documents\GitHub\warranty\outputs\vehicle_failure_timing_2025_2026_20260716_060705.xlsx
2026-07-16 06:07:23,306 - INFO - Parts ticket cost map: C:\Users\Leo.Li\AppData\Local\Python\pythoncore-3.14-64\python.exe build_analysis_parts_ticket_cost_map.py --firebase-db-url https://snowy-hr-report-default-rtdb.asia-southeast1.firebasedatabase.app --firebase-root c4cTickets_test
Wrote 32611 rows to C:\Users\Leo.Li\Documents\GitHub\warranty\outputs\analysis_parts_ticket_cost_map.json
2026-07-16 06:07:27,726 - INFO - Approved cost map: C:\Users\Leo.Li\AppData\Local\Python\pythoncore-3.14-64\python.exe build_analysis_approved_cost_map.py --firebase-db-url https://snowy-hr-report-default-rtdb.asia-southeast1.firebasedatabase.app --monitor-root ctmTicketStatusMonitorV44 --output C:\Users\Leo.Li\Documents\GitHub\warranty\outputs\analysis_approved_cost_by_ticket.json --js-output C:\Users\Leo.Li\Documents\GitHub\warranty\outputs\analysis_approved_cost_by_ticket.js
Wrote approved cost map for 20983 tickets to C:\Users\Leo.Li\Documents\GitHub\warranty\outputs\analysis_approved_cost_by_ticket.json (total=15960126.27)
2026-07-16 06:07:28,877 - INFO - Repair analysis export: C:\Users\Leo.Li\AppData\Local\Python\pythoncore-3.14-64\python.exe extract_repairs_2026.py --source C:\Users\Leo.Li\Documents\GitHub\warranty\SAPAnalyticsReport_ZF8C06456D7698BCB54F44D_.csv --output-dir C:\Users\Leo.Li\Documents\GitHub\warranty\outputs\repairers_2026 --mandt 800 --firebase-root c4cTickets_test
2026-07-16 06:07:28,975 INFO Reading CSV: C:\Users\Leo.Li\Documents\GitHub\warranty\SAPAnalyticsReport_ZF8C06456D7698BCB54F44D_.csv
2026-07-16 06:07:29,447 INFO Rows kept: 13156 (skipped: unassigned=2131, customer_like=1447, before_year=15258, no_date=0)
2026-07-16 06:07:29,454 INFO Unique POs to check for cost and invoice status: 11590
2026-07-16 06:07:41,305 INFO Found PO cost rows for 11589 / 11590 unique POs
2026-07-16 06:07:51,545 INFO Found invoices for 7400 / 11590 unique POs
2026-07-16 06:07:56,353 INFO Firebase RepairerBusinessNameID overlay loaded for 21338 tickets
2026-07-16 06:07:57,700 INFO Firebase RepairerBusinessNameID overlay available for 21338 tickets
{
  "source": "C:\\Users\\Leo.Li\\Documents\\GitHub\\warranty\\SAPAnalyticsReport_ZF8C06456D7698BCB54F44D_.csv",
  "year": 2025,
  "cny_to_aud_rate": 5.0,
  "tickets_kept": 13156,
  "invoiced_tickets": 7400,
  "open_tickets": 5756,
  "unique_pos": 11590,
  "unique_cost_pos": 11589,
  "unique_invoiced_pos": 7400,
  "unique_repairers": 380,
  "unique_states": 8,
  "unique_weeks": 78,
  "confirmed_cost_aud": 8952212.17,
  "pending_amount_aud": 0.0,
  "state_breakdown": {
    "QLD": 5642,
    "WA": 1172,
    "NSW": 3335,
    "NZ": 913,
    "VIC": 1411,
    "TAS": 352,
    "SA": 329,
    "NT": 2
  },
  "firebase_overlay_count": 21338,
  "firebase_overlay_used": 0,
  "output_json": "C:\\Users\\Leo.Li\\Documents\\GitHub\\warranty\\outputs\\repairers_2026\\repairers_2026_data.json",
  "output_js": "C:\\Users\\Leo.Li\\Documents\\GitHub\\warranty\\outputs\\repairers_2026\\repairers_2026_data.js"
}
2026-07-16 06:08:00,114 - INFO - Parts classification source export: C:\Users\Leo.Li\AppData\Local\Python\pythoncore-3.14-64\python.exe export_parts_classification_source.py --firebase-db-url https://snowy-hr-report-default-rtdb.asia-southeast1.firebasedatabase.app --firebase-sa-path C:\Users\Leo.Li\Documents\GitHub\warranty\firebase-service-account.json --firebase-root c4cTickets_test --output C:\Users\Leo.Li\Documents\GitHub\warranty\outputs\parts_classification_source.csv --log-level INFO
2026-07-16 06:08:07,344 - INFO - Parts classification source rows written: 34528
2026-07-16 06:08:07,344 - INFO - Output CSV: C:\Users\Leo.Li\Documents\GitHub\warranty\outputs\parts_classification_source.csv
C:\Users\Leo.Li\Documents\GitHub\warranty\outputs\parts_classification_source.csv
2026-07-16 06:08:07,483 - INFO - Parts classification build: C:\Program Files\nodejs\node.EXE build_parts_classification.mjs --input C:\Users\Leo.Li\Documents\GitHub\warranty\outputs\parts_classification_source.csv --seed-meta C:\Users\Leo.Li\Documents\GitHub\warranty\outputs\parts_classified_meta.json --output-dir C:\Users\Leo.Li\Documents\GitHub\warranty\outputs\parts_classification_2026-07-16
Inspect result written to file: C:\Users\Leo.Li\Documents\GitHub\warranty\outputs\parts_classification_2026-07-16\parts_classification_categorized.xlsx.inspect.ndjson
Saved to C:\Users\Leo.Li\Documents\GitHub\warranty\outputs\parts_classification_2026-07-16\parts_classification_categorized.xlsx
2026-07-16 06:09:18,946 - INFO - Parts failure summary build: C:\Users\Leo.Li\AppData\Local\Python\pythoncore-3.14-64\python.exe build_analysis_parts_failure_summary.py
Wrote C:\Users\Leo.Li\Documents\GitHub\warranty\outputs\analysis_parts_failure_summary.json
Wrote C:\Users\Leo.Li\Documents\GitHub\warranty\outputs\analysis_parts_failure_summary.js
2026-07-16 06:09:19,755 - INFO - Model-series assets rebuild completed successfully, including repair, parts, and approved-cost outputs.
2026-07-16 06:09:19,765 - INFO - Analysis asset rebuild completed. Failure timing, repair, parts, and approved-cost assets are refreshed.
2026-07-16 06:09:19,765 - INFO - Analytics rebuild skipped after fetch because SKIP_ANALYTICS_REBUILD_AFTER_FETCH=1.
2026-07-16 06:09:19,765 - INFO - Done. Firebase updated. Excel export is disabled by default for automation.
2026-07-16 06:09:19,765 - INFO - Total elapsed: 1749.1s
[FETCH DONE] Company fetch finished successfully.
[COMPARE] Loading current Firebase tickets ...
[C4C SAP] Using posting date index CSV: C:\Users\Leo.Li\Documents\GitHub\warranty\SAPAnalyticsReport_ZF8C06456D7698BCB54F44D_.csv
[COMPARE] approvalState: newlyApproved=33, newlyUnapproved=0, correctedDetected=4
[ANALYTICS] Building pre-calculated dashboard nodes ...
[ANALYTICS DONE] employees=27, employeeCriticalTickets=340, removed=1416, dealerAnalytics=updated
[DELIVERY FLOW] Rebuilding history via delivery_flow_aggregator.py ...
2026-07-16 06:14:44,873 - INFO - Aggregating delivery flow as of 2026-07-15
2026-07-16 06:14:49,539 - INFO - Loaded HANA cost sidecar from ctmTicketStatusMonitorV44/analytics/deliveryFlow/hanaCostYtd/daily/2026-07-15
2026-07-16 06:14:49,539 - INFO - KPI: openSoItems=579 partially=215 fully=14916 avgDaysFirstIssue=18.6 oldestNotIssued=149
2026-07-16 06:14:49,539 - INFO - Cost report: year=2025 totalCost=1687509.65 purchaserTotalCost=1683896.08 totalSo=10174
2026-07-16 06:14:49,871 - INFO - Wrote delivery-flow snapshot for 2026-07-15
2026-07-16 06:14:50,082 - INFO - Wrote Nishi E03 detail payload for 2026-07-15 with 0 rows
[DELIVERY FLOW] History rebuild finished successfully.
[COMPARE DONE] tickets=32611, criticalNow=340, entered=68, moved=25, exited=60, events=153
